Classic Timing Analyzer report for usb_download_top
Mon Nov 11 15:24:43 2019
Quartus II Version 9.0 Build 184 04/29/2009 Service Pack 1 SJ Web Edition


---------------------
; Table of Contents ;
---------------------
  1. Legal Notice
  2. Timing Analyzer Summary
  3. Timing Analyzer Settings
  4. Clock Settings Summary
  5. Parallel Compilation
  6. Clock Setup: 'clk'
  7. tsu
  8. tco
  9. th
 10. Timing Analyzer Messages



----------------
; Legal Notice ;
----------------
Copyright (C) 1991-2009 Altera Corporation
Your use of Altera Corporation's design tools, logic functions 
and other software and tools, and its AMPP partner logic 
functions, and any output files from any of the foregoing 
(including device programming or simulation files), and any 
associated documentation or information are expressly subject 
to the terms and conditions of the Altera Program License 
Subscription Agreement, Altera MegaCore Function License 
Agreement, or other applicable license agreement, including, 
without limitation, that your use is for the sole purpose of 
programming logic devices manufactured by Altera and sold by 
Altera or its authorized distributors.  Please refer to the 
applicable agreement for further details.



+------------------------------------------------------------------------------------------------------------------------------------------------------------------------------------------------------------------------------+
; Timing Analyzer Summary                                                                                                                                                                                                      ;
+------------------------------+-------+---------------+------------------------------------------------+---------------------------------------+---------------------------------------+------------+----------+--------------+
; Type                         ; Slack ; Required Time ; Actual Time                                    ; From                                  ; To                                    ; From Clock ; To Clock ; Failed Paths ;
+------------------------------+-------+---------------+------------------------------------------------+---------------------------------------+---------------------------------------+------------+----------+--------------+
; Worst-case tsu               ; N/A   ; None          ; 5.554 ns                                       ; rxf                                   ; usb_download:inst|fstate.wait_rxf_low ; --         ; clk      ; 0            ;
; Worst-case tco               ; N/A   ; None          ; 10.125 ns                                      ; my_dff:inst1|COUT[5]                  ; dout[5]                               ; clk        ; --       ; 0            ;
; Worst-case th                ; N/A   ; None          ; -4.336 ns                                      ; din[4]                                ; my_dff:inst1|COUT[4]                  ; --         ; clk      ; 0            ;
; Clock Setup: 'clk'           ; N/A   ; None          ; Restricted to 340.02 MHz ( period = 2.941 ns ) ; usb_download:inst|fstate.wait_rxf_low ; my_dff:inst1|COUT[0]                  ; clk        ; clk      ; 0            ;
; Total number of failed paths ;       ;               ;                                                ;                                       ;                                       ;            ;          ; 0            ;
+------------------------------+-------+---------------+------------------------------------------------+---------------------------------------+---------------------------------------+------------+----------+--------------+


+--------------------------------------------------------------------------------------------------------------------+
; Timing Analyzer Settings                                                                                           ;
+---------------------------------------------------------------------+--------------------+------+----+-------------+
; Option                                                              ; Setting            ; From ; To ; Entity Name ;
+---------------------------------------------------------------------+--------------------+------+----+-------------+
; Device Name                                                         ; EP2C5T144C8        ;      ;    ;             ;
; Timing Models                                                       ; Final              ;      ;    ;             ;
; Default hold multicycle                                             ; Same as Multicycle ;      ;    ;             ;
; Cut paths between unrelated clock domains                           ; On                 ;      ;    ;             ;
; Cut off read during write signal paths                              ; On                 ;      ;    ;             ;
; Cut off feedback from I/O pins                                      ; On                 ;      ;    ;             ;
; Report Combined Fast/Slow Timing                                    ; Off                ;      ;    ;             ;
; Ignore Clock Settings                                               ; Off                ;      ;    ;             ;
; Analyze latches as synchronous elements                             ; On                 ;      ;    ;             ;
; Enable Recovery/Removal analysis                                    ; Off                ;      ;    ;             ;
; Enable Clock Latency                                                ; Off                ;      ;    ;             ;
; Use TimeQuest Timing Analyzer                                       ; Off                ;      ;    ;             ;
; Minimum Core Junction Temperature                                   ; 0                  ;      ;    ;             ;
; Maximum Core Junction Temperature                                   ; 85                 ;      ;    ;             ;
; Number of source nodes to report per destination node               ; 10                 ;      ;    ;             ;
; Number of destination nodes to report                               ; 10                 ;      ;    ;             ;
; Number of paths to report                                           ; 200                ;      ;    ;             ;
; Report Minimum Timing Checks                                        ; Off                ;      ;    ;             ;
; Use Fast Timing Models                                              ; Off                ;      ;    ;             ;
; Report IO Paths Separately                                          ; Off                ;      ;    ;             ;
; Perform Multicorner Analysis                                        ; On                 ;      ;    ;             ;
; Reports the worst-case path for each clock domain and analysis      ; Off                ;      ;    ;             ;
; Removes common clock path pessimism (CCPP) during slack computation ; Off                ;      ;    ;             ;
; Output I/O Timing Endpoint                                          ; Near End           ;      ;    ;             ;
+---------------------------------------------------------------------+--------------------+------+----+-------------+


+------------------------------------------------------------------------------------------------------------------------------------------------------------------------------------+
; Clock Settings Summary                                                                                                                                                             ;
+-----------------+--------------------+----------+------------------+---------------+--------------+----------+-----------------------+---------------------+--------+--------------+
; Clock Node Name ; Clock Setting Name ; Type     ; Fmax Requirement ; Early Latency ; Late Latency ; Based on ; Multiply Base Fmax by ; Divide Base Fmax by ; Offset ; Phase offset ;
+-----------------+--------------------+----------+------------------+---------------+--------------+----------+-----------------------+---------------------+--------+--------------+
; clk             ;                    ; User Pin ; None             ; 0.000 ns      ; 0.000 ns     ; --       ; N/A                   ; N/A                 ; N/A    ;              ;
+-----------------+--------------------+----------+------------------+---------------+--------------+----------+-----------------------+---------------------+--------+--------------+


Parallel compilation was disabled, but you have multiple processors available. Enable parallel compilation to reduce compilation time.
+-------------------------------------+
; Parallel Compilation                ;
+----------------------------+--------+
; Processors                 ; Number ;
+----------------------------+--------+
; Number detected on machine ; 4      ;
; Maximum allowed            ; 1      ;
+----------------------------+--------+


+--------------------------------------------------------------------------------------------------------------------------------------------------------------------------------------------------------------------------------------------------------------------+
; Clock Setup: 'clk'                                                                                                                                                                                                                                                 ;
+-------+------------------------------------------------+-----------------------------------------------+-----------------------------------------------+------------+----------+-----------------------------+---------------------------+-------------------------+
; Slack ; Actual fmax (period)                           ; From                                          ; To                                            ; From Clock ; To Clock ; Required Setup Relationship ; Required Longest P2P Time ; Actual Longest P2P Time ;
+-------+------------------------------------------------+-----------------------------------------------+-----------------------------------------------+------------+----------+-----------------------------+---------------------------+-------------------------+
; N/A   ; Restricted to 340.02 MHz ( period = 2.941 ns ) ; usb_download:inst|fstate.wait_rxf_low         ; my_dff:inst1|COUT[7]                          ; clk        ; clk      ; None                        ; None                      ; 1.257 ns                ;
; N/A   ; Restricted to 340.02 MHz ( period = 2.941 ns ) ; usb_download:inst|fstate.wait_rxf_low         ; my_dff:inst1|COUT[6]                          ; clk        ; clk      ; None                        ; None                      ; 1.257 ns                ;
; N/A   ; Restricted to 340.02 MHz ( period = 2.941 ns ) ; usb_download:inst|fstate.wait_rxf_low         ; my_dff:inst1|COUT[5]                          ; clk        ; clk      ; None                        ; None                      ; 1.257 ns                ;
; N/A   ; Restricted to 340.02 MHz ( period = 2.941 ns ) ; usb_download:inst|fstate.wait_rxf_low         ; my_dff:inst1|COUT[4]                          ; clk        ; clk      ; None                        ; None                      ; 1.257 ns                ;
; N/A   ; Restricted to 340.02 MHz ( period = 2.941 ns ) ; usb_download:inst|fstate.wait_rxf_low         ; my_dff:inst1|COUT[3]                          ; clk        ; clk      ; None                        ; None                      ; 1.257 ns                ;
; N/A   ; Restricted to 340.02 MHz ( period = 2.941 ns ) ; usb_download:inst|fstate.wait_rxf_low         ; my_dff:inst1|COUT[2]                          ; clk        ; clk      ; None                        ; None                      ; 1.257 ns                ;
; N/A   ; Restricted to 340.02 MHz ( period = 2.941 ns ) ; usb_download:inst|fstate.wait_rxf_low         ; my_dff:inst1|COUT[1]                          ; clk        ; clk      ; None                        ; None                      ; 1.257 ns                ;
; N/A   ; Restricted to 340.02 MHz ( period = 2.941 ns ) ; usb_download:inst|fstate.wait_rxf_low         ; my_dff:inst1|COUT[0]                          ; clk        ; clk      ; None                        ; None                      ; 1.257 ns                ;
; N/A   ; Restricted to 340.02 MHz ( period = 2.941 ns ) ; usb_download:inst|fstate.wait_rxf_low         ; usb_download:inst|fstate.set_rd_low           ; clk        ; clk      ; None                        ; None                      ; 0.932 ns                ;
; N/A   ; Restricted to 340.02 MHz ( period = 2.941 ns ) ; usb_download:inst|fstate.set_rd_low           ; usb_download:inst|fstate.latch_data_from_host ; clk        ; clk      ; None                        ; None                      ; 0.738 ns                ;
; N/A   ; Restricted to 340.02 MHz ( period = 2.941 ns ) ; usb_download:inst|fstate.latch_data_from_host ; usb_download:inst|fstate.wait_rxf_low         ; clk        ; clk      ; None                        ; None                      ; 0.732 ns                ;
; N/A   ; Restricted to 340.02 MHz ( period = 2.941 ns ) ; usb_download:inst|fstate.wait_rxf_low         ; usb_download:inst|fstate.wait_rxf_low         ; clk        ; clk      ; None                        ; None                      ; 0.501 ns                ;
+-------+------------------------------------------------+-----------------------------------------------+-----------------------------------------------+------------+----------+-----------------------------+---------------------------+-------------------------+


+-----------------------------------------------------------------------------------------------+
; tsu                                                                                           ;
+-------+--------------+------------+--------+---------------------------------------+----------+
; Slack ; Required tsu ; Actual tsu ; From   ; To                                    ; To Clock ;
+-------+--------------+------------+--------+---------------------------------------+----------+
; N/A   ; None         ; 5.554 ns   ; rxf    ; usb_download:inst|fstate.wait_rxf_low ; clk      ;
; N/A   ; None         ; 5.288 ns   ; din[1] ; my_dff:inst1|COUT[1]                  ; clk      ;
; N/A   ; None         ; 5.075 ns   ; din[2] ; my_dff:inst1|COUT[2]                  ; clk      ;
; N/A   ; None         ; 5.071 ns   ; rxf    ; usb_download:inst|fstate.set_rd_low   ; clk      ;
; N/A   ; None         ; 5.054 ns   ; din[0] ; my_dff:inst1|COUT[0]                  ; clk      ;
; N/A   ; None         ; 4.815 ns   ; din[5] ; my_dff:inst1|COUT[5]                  ; clk      ;
; N/A   ; None         ; 4.754 ns   ; din[6] ; my_dff:inst1|COUT[6]                  ; clk      ;
; N/A   ; None         ; 4.745 ns   ; din[7] ; my_dff:inst1|COUT[7]                  ; clk      ;
; N/A   ; None         ; 4.706 ns   ; din[3] ; my_dff:inst1|COUT[3]                  ; clk      ;
; N/A   ; None         ; 4.602 ns   ; din[4] ; my_dff:inst1|COUT[4]                  ; clk      ;
+-------+--------------+------------+--------+---------------------------------------+----------+


+--------------------------------------------------------------------------------------------------+
; tco                                                                                              ;
+-------+--------------+------------+---------------------------------------+---------+------------+
; Slack ; Required tco ; Actual tco ; From                                  ; To      ; From Clock ;
+-------+--------------+------------+---------------------------------------+---------+------------+
; N/A   ; None         ; 10.125 ns  ; my_dff:inst1|COUT[5]                  ; dout[5] ; clk        ;
; N/A   ; None         ; 9.983 ns   ; my_dff:inst1|COUT[3]                  ; dout[3] ; clk        ;
; N/A   ; None         ; 9.696 ns   ; my_dff:inst1|COUT[6]                  ; dout[6] ; clk        ;
; N/A   ; None         ; 9.670 ns   ; my_dff:inst1|COUT[7]                  ; dout[7] ; clk        ;
; N/A   ; None         ; 9.589 ns   ; my_dff:inst1|COUT[2]                  ; dout[2] ; clk        ;
; N/A   ; None         ; 9.514 ns   ; my_dff:inst1|COUT[0]                  ; dout[0] ; clk        ;
; N/A   ; None         ; 9.209 ns   ; my_dff:inst1|COUT[4]                  ; dout[4] ; clk        ;
; N/A   ; None         ; 8.902 ns   ; my_dff:inst1|COUT[1]                  ; dout[1] ; clk        ;
; N/A   ; None         ; 8.708 ns   ; usb_download:inst|fstate.wait_rxf_low ; rd_out  ; clk        ;
+-------+--------------+------------+---------------------------------------+---------+------------+


+-----------------------------------------------------------------------------------------------------+
; th                                                                                                  ;
+---------------+-------------+-----------+--------+---------------------------------------+----------+
; Minimum Slack ; Required th ; Actual th ; From   ; To                                    ; To Clock ;
+---------------+-------------+-----------+--------+---------------------------------------+----------+
; N/A           ; None        ; -4.336 ns ; din[4] ; my_dff:inst1|COUT[4]                  ; clk      ;
; N/A           ; None        ; -4.440 ns ; din[3] ; my_dff:inst1|COUT[3]                  ; clk      ;
; N/A           ; None        ; -4.479 ns ; din[7] ; my_dff:inst1|COUT[7]                  ; clk      ;
; N/A           ; None        ; -4.488 ns ; din[6] ; my_dff:inst1|COUT[6]                  ; clk      ;
; N/A           ; None        ; -4.549 ns ; din[5] ; my_dff:inst1|COUT[5]                  ; clk      ;
; N/A           ; None        ; -4.788 ns ; din[0] ; my_dff:inst1|COUT[0]                  ; clk      ;
; N/A           ; None        ; -4.805 ns ; rxf    ; usb_download:inst|fstate.set_rd_low   ; clk      ;
; N/A           ; None        ; -4.809 ns ; din[2] ; my_dff:inst1|COUT[2]                  ; clk      ;
; N/A           ; None        ; -5.022 ns ; din[1] ; my_dff:inst1|COUT[1]                  ; clk      ;
; N/A           ; None        ; -5.288 ns ; rxf    ; usb_download:inst|fstate.wait_rxf_low ; clk      ;
+---------------+-------------+-----------+--------+---------------------------------------+----------+


+--------------------------+
; Timing Analyzer Messages ;
+--------------------------+
Info: *******************************************************************
Info: Running Quartus II Classic Timing Analyzer
    Info: Version 9.0 Build 184 04/29/2009 Service Pack 1 SJ Web Edition
    Info: Processing started: Mon Nov 11 15:24:42 2019
Info: Command: quartus_tan --read_settings_files=off --write_settings_files=off usb_download_top -c usb_download_top --timing_analysis_only
Warning: Found pins functioning as undefined clocks and/or memory enables
    Info: Assuming node "clk" is an undefined clock
Info: Clock "clk" Internal fmax is restricted to 340.02 MHz between source register "usb_download:inst|fstate.wait_rxf_low" and destination register "my_dff:inst1|COUT[7]"
    Info: fmax restricted to clock pin edge rate 2.941 ns. Expand message to see actual delay path.
        Info: + Longest register to register delay is 1.257 ns
            Info: 1: + IC(0.000 ns) + CELL(0.000 ns) = 0.000 ns; Loc. = LCFF_X9_Y3_N25; Fanout = 11; REG Node = 'usb_download:inst|fstate.wait_rxf_low'
            Info: 2: + IC(0.402 ns) + CELL(0.855 ns) = 1.257 ns; Loc. = LCFF_X9_Y3_N11; Fanout = 1; REG Node = 'my_dff:inst1|COUT[7]'
            Info: Total cell delay = 0.855 ns ( 68.02 % )
            Info: Total interconnect delay = 0.402 ns ( 31.98 % )
        Info: - Smallest clock skew is 0.000 ns
            Info: + Shortest clock path from clock "clk" to destination register is 2.763 ns
                Info: 1: + IC(0.000 ns) + CELL(1.110 ns) = 1.110 ns; Loc. = PIN_91; Fanout = 1; CLK Node = 'clk'
                Info: 2: + IC(0.143 ns) + CELL(0.000 ns) = 1.253 ns; Loc. = CLKCTRL_G6; Fanout = 11; COMB Node = 'clk~clkctrl'
                Info: 3: + IC(0.844 ns) + CELL(0.666 ns) = 2.763 ns; Loc. = LCFF_X9_Y3_N11; Fanout = 1; REG Node = 'my_dff:inst1|COUT[7]'
                Info: Total cell delay = 1.776 ns ( 64.28 % )
                Info: Total interconnect delay = 0.987 ns ( 35.72 % )
            Info: - Longest clock path from clock "clk" to source register is 2.763 ns
                Info: 1: + IC(0.000 ns) + CELL(1.110 ns) = 1.110 ns; Loc. = PIN_91; Fanout = 1; CLK Node = 'clk'
                Info: 2: + IC(0.143 ns) + CELL(0.000 ns) = 1.253 ns; Loc. = CLKCTRL_G6; Fanout = 11; COMB Node = 'clk~clkctrl'
                Info: 3: + IC(0.844 ns) + CELL(0.666 ns) = 2.763 ns; Loc. = LCFF_X9_Y3_N25; Fanout = 11; REG Node = 'usb_download:inst|fstate.wait_rxf_low'
                Info: Total cell delay = 1.776 ns ( 64.28 % )
                Info: Total interconnect delay = 0.987 ns ( 35.72 % )
        Info: + Micro clock to output delay of source is 0.304 ns
        Info: + Micro setup delay of destination is -0.040 ns
Info: tsu for register "usb_download:inst|fstate.wait_rxf_low" (data pin = "rxf", clock pin = "clk") is 5.554 ns
    Info: + Longest pin to register delay is 8.357 ns
        Info: 1: + IC(0.000 ns) + CELL(0.954 ns) = 0.954 ns; Loc. = PIN_144; Fanout = 2; PIN Node = 'rxf'
        Info: 2: + IC(6.644 ns) + CELL(0.651 ns) = 8.249 ns; Loc. = LCCOMB_X9_Y3_N24; Fanout = 1; COMB Node = 'usb_download:inst|Selector0~1'
        Info: 3: + IC(0.000 ns) + CELL(0.108 ns) = 8.357 ns; Loc. = LCFF_X9_Y3_N25; Fanout = 11; REG Node = 'usb_download:inst|fstate.wait_rxf_low'
        Info: Total cell delay = 1.713 ns ( 20.50 % )
        Info: Total interconnect delay = 6.644 ns ( 79.50 % )
    Info: + Micro setup delay of destination is -0.040 ns
    Info: - Shortest clock path from clock "clk" to destination register is 2.763 ns
        Info: 1: + IC(0.000 ns) + CELL(1.110 ns) = 1.110 ns; Loc. = PIN_91; Fanout = 1; CLK Node = 'clk'
        Info: 2: + IC(0.143 ns) + CELL(0.000 ns) = 1.253 ns; Loc. = CLKCTRL_G6; Fanout = 11; COMB Node = 'clk~clkctrl'
        Info: 3: + IC(0.844 ns) + CELL(0.666 ns) = 2.763 ns; Loc. = LCFF_X9_Y3_N25; Fanout = 11; REG Node = 'usb_download:inst|fstate.wait_rxf_low'
        Info: Total cell delay = 1.776 ns ( 64.28 % )
        Info: Total interconnect delay = 0.987 ns ( 35.72 % )
Info: tco from clock "clk" to destination pin "dout[5]" through register "my_dff:inst1|COUT[5]" is 10.125 ns
    Info: + Longest clock path from clock "clk" to source register is 2.763 ns
        Info: 1: + IC(0.000 ns) + CELL(1.110 ns) = 1.110 ns; Loc. = PIN_91; Fanout = 1; CLK Node = 'clk'
        Info: 2: + IC(0.143 ns) + CELL(0.000 ns) = 1.253 ns; Loc. = CLKCTRL_G6; Fanout = 11; COMB Node = 'clk~clkctrl'
        Info: 3: + IC(0.844 ns) + CELL(0.666 ns) = 2.763 ns; Loc. = LCFF_X9_Y3_N7; Fanout = 1; REG Node = 'my_dff:inst1|COUT[5]'
        Info: Total cell delay = 1.776 ns ( 64.28 % )
        Info: Total interconnect delay = 0.987 ns ( 35.72 % )
    Info: + Micro clock to output delay of source is 0.304 ns
    Info: + Longest register to pin delay is 7.058 ns
        Info: 1: + IC(0.000 ns) + CELL(0.000 ns) = 0.000 ns; Loc. = LCFF_X9_Y3_N7; Fanout = 1; REG Node = 'my_dff:inst1|COUT[5]'
        Info: 2: + IC(3.822 ns) + CELL(3.236 ns) = 7.058 ns; Loc. = PIN_114; Fanout = 0; PIN Node = 'dout[5]'
        Info: Total cell delay = 3.236 ns ( 45.85 % )
        Info: Total interconnect delay = 3.822 ns ( 54.15 % )
Info: th for register "my_dff:inst1|COUT[4]" (data pin = "din[4]", clock pin = "clk") is -4.336 ns
    Info: + Longest clock path from clock "clk" to destination register is 2.763 ns
        Info: 1: + IC(0.000 ns) + CELL(1.110 ns) = 1.110 ns; Loc. = PIN_91; Fanout = 1; CLK Node = 'clk'
        Info: 2: + IC(0.143 ns) + CELL(0.000 ns) = 1.253 ns; Loc. = CLKCTRL_G6; Fanout = 11; COMB Node = 'clk~clkctrl'
        Info: 3: + IC(0.844 ns) + CELL(0.666 ns) = 2.763 ns; Loc. = LCFF_X9_Y3_N9; Fanout = 1; REG Node = 'my_dff:inst1|COUT[4]'
        Info: Total cell delay = 1.776 ns ( 64.28 % )
        Info: Total interconnect delay = 0.987 ns ( 35.72 % )
    Info: + Micro hold delay of destination is 0.306 ns
    Info: - Shortest pin to register delay is 7.405 ns
        Info: 1: + IC(0.000 ns) + CELL(0.945 ns) = 0.945 ns; Loc. = PIN_25; Fanout = 1; PIN Node = 'din[4]'
        Info: 2: + IC(6.146 ns) + CELL(0.206 ns) = 7.297 ns; Loc. = LCCOMB_X9_Y3_N8; Fanout = 1; COMB Node = 'my_dff:inst1|COUT[4]~feeder'
        Info: 3: + IC(0.000 ns) + CELL(0.108 ns) = 7.405 ns; Loc. = LCFF_X9_Y3_N9; Fanout = 1; REG Node = 'my_dff:inst1|COUT[4]'
        Info: Total cell delay = 1.259 ns ( 17.00 % )
        Info: Total interconnect delay = 6.146 ns ( 83.00 % )
Info: Quartus II Classic Timing Analyzer was successful. 0 errors, 1 warning
    Info: Peak virtual memory: 204 megabytes
    Info: Processing ended: Mon Nov 11 15:24:43 2019
    Info: Elapsed time: 00:00:01
    Info: Total CPU time (on all processors): 00:00:00


