Classic Timing Analyzer report for tr74194
Mon Oct 14 15:41:50 2019
Quartus II Version 9.0 Build 184 04/29/2009 Service Pack 1 SJ Web Edition


---------------------
; Table of Contents ;
---------------------
  1. Legal Notice
  2. Timing Analyzer Summary
  3. Timing Analyzer Settings
  4. Clock Settings Summary
  5. Parallel Compilation
  6. Clock Setup: 'clk'
  7. tsu
  8. tco
  9. th
 10. Timing Analyzer Messages



----------------
; Legal Notice ;
----------------
Copyright (C) 1991-2009 Altera Corporation
Your use of Altera Corporation's design tools, logic functions 
and other software and tools, and its AMPP partner logic 
functions, and any output files from any of the foregoing 
(including device programming or simulation files), and any 
associated documentation or information are expressly subject 
to the terms and conditions of the Altera Program License 
Subscription Agreement, Altera MegaCore Function License 
Agreement, or other applicable license agreement, including, 
without limitation, that your use is for the sole purpose of 
programming logic devices manufactured by Altera and sold by 
Altera or its authorized distributors.  Please refer to the 
applicable agreement for further details.



+------------------------------------------------------------------------------------------------------------------------------------------------------------------------------+
; Timing Analyzer Summary                                                                                                                                                      ;
+------------------------------+-------+---------------+------------------------------------------------+---------------+---------------+------------+----------+--------------+
; Type                         ; Slack ; Required Time ; Actual Time                                    ; From          ; To            ; From Clock ; To Clock ; Failed Paths ;
+------------------------------+-------+---------------+------------------------------------------------+---------------+---------------+------------+----------+--------------+
; Worst-case tsu               ; N/A   ; None          ; 5.903 ns                                       ; s1            ; 74194:inst|38 ; --         ; clk      ; 0            ;
; Worst-case tco               ; N/A   ; None          ; 7.525 ns                                       ; 74194:inst|41 ; qa            ; clk        ; --       ; 0            ;
; Worst-case th                ; N/A   ; None          ; 0.585 ns                                       ; s0            ; 74194:inst|38 ; --         ; clk      ; 0            ;
; Clock Setup: 'clk'           ; N/A   ; None          ; Restricted to 340.02 MHz ( period = 2.941 ns ) ; 74194:inst|39 ; 74194:inst|39 ; clk        ; clk      ; 0            ;
; Total number of failed paths ;       ;               ;                                                ;               ;               ;            ;          ; 0            ;
+------------------------------+-------+---------------+------------------------------------------------+---------------+---------------+------------+----------+--------------+


+--------------------------------------------------------------------------------------------------------------------+
; Timing Analyzer Settings                                                                                           ;
+---------------------------------------------------------------------+--------------------+------+----+-------------+
; Option                                                              ; Setting            ; From ; To ; Entity Name ;
+---------------------------------------------------------------------+--------------------+------+----+-------------+
; Device Name                                                         ; EP2C5T144C8        ;      ;    ;             ;
; Timing Models                                                       ; Final              ;      ;    ;             ;
; Default hold multicycle                                             ; Same as Multicycle ;      ;    ;             ;
; Cut paths between unrelated clock domains                           ; On                 ;      ;    ;             ;
; Cut off read during write signal paths                              ; On                 ;      ;    ;             ;
; Cut off feedback from I/O pins                                      ; On                 ;      ;    ;             ;
; Report Combined Fast/Slow Timing                                    ; Off                ;      ;    ;             ;
; Ignore Clock Settings                                               ; Off                ;      ;    ;             ;
; Analyze latches as synchronous elements                             ; On                 ;      ;    ;             ;
; Enable Recovery/Removal analysis                                    ; Off                ;      ;    ;             ;
; Enable Clock Latency                                                ; Off                ;      ;    ;             ;
; Use TimeQuest Timing Analyzer                                       ; Off                ;      ;    ;             ;
; Minimum Core Junction Temperature                                   ; 0                  ;      ;    ;             ;
; Maximum Core Junction Temperature                                   ; 85                 ;      ;    ;             ;
; Number of source nodes to report per destination node               ; 10                 ;      ;    ;             ;
; Number of destination nodes to report                               ; 10                 ;      ;    ;             ;
; Number of paths to report                                           ; 200                ;      ;    ;             ;
; Report Minimum Timing Checks                                        ; Off                ;      ;    ;             ;
; Use Fast Timing Models                                              ; Off                ;      ;    ;             ;
; Report IO Paths Separately                                          ; Off                ;      ;    ;             ;
; Perform Multicorner Analysis                                        ; On                 ;      ;    ;             ;
; Reports the worst-case path for each clock domain and analysis      ; Off                ;      ;    ;             ;
; Removes common clock path pessimism (CCPP) during slack computation ; Off                ;      ;    ;             ;
; Output I/O Timing Endpoint                                          ; Near End           ;      ;    ;             ;
+---------------------------------------------------------------------+--------------------+------+----+-------------+


+------------------------------------------------------------------------------------------------------------------------------------------------------------------------------------+
; Clock Settings Summary                                                                                                                                                             ;
+-----------------+--------------------+----------+------------------+---------------+--------------+----------+-----------------------+---------------------+--------+--------------+
; Clock Node Name ; Clock Setting Name ; Type     ; Fmax Requirement ; Early Latency ; Late Latency ; Based on ; Multiply Base Fmax by ; Divide Base Fmax by ; Offset ; Phase offset ;
+-----------------+--------------------+----------+------------------+---------------+--------------+----------+-----------------------+---------------------+--------+--------------+
; clk             ;                    ; User Pin ; None             ; 0.000 ns      ; 0.000 ns     ; --       ; N/A                   ; N/A                 ; N/A    ;              ;
+-----------------+--------------------+----------+------------------+---------------+--------------+----------+-----------------------+---------------------+--------+--------------+


Parallel compilation was disabled, but you have multiple processors available. Enable parallel compilation to reduce compilation time.
+-------------------------------------+
; Parallel Compilation                ;
+----------------------------+--------+
; Processors                 ; Number ;
+----------------------------+--------+
; Number detected on machine ; 4      ;
; Maximum allowed            ; 1      ;
+----------------------------+--------+


+----------------------------------------------------------------------------------------------------------------------------------------------------------------------------------------------------+
; Clock Setup: 'clk'                                                                                                                                                                                 ;
+-------+------------------------------------------------+---------------+---------------+------------+----------+-----------------------------+---------------------------+-------------------------+
; Slack ; Actual fmax (period)                           ; From          ; To            ; From Clock ; To Clock ; Required Setup Relationship ; Required Longest P2P Time ; Actual Longest P2P Time ;
+-------+------------------------------------------------+---------------+---------------+------------+----------+-----------------------------+---------------------------+-------------------------+
; N/A   ; Restricted to 340.02 MHz ( period = 2.941 ns ) ; 74194:inst|39 ; 74194:inst|39 ; clk        ; clk      ; None                        ; None                      ; 1.533 ns                ;
; N/A   ; Restricted to 340.02 MHz ( period = 2.941 ns ) ; 74194:inst|41 ; 74194:inst|41 ; clk        ; clk      ; None                        ; None                      ; 1.527 ns                ;
; N/A   ; Restricted to 340.02 MHz ( period = 2.941 ns ) ; 74194:inst|39 ; 74194:inst|40 ; clk        ; clk      ; None                        ; None                      ; 1.509 ns                ;
; N/A   ; Restricted to 340.02 MHz ( period = 2.941 ns ) ; 74194:inst|40 ; 74194:inst|39 ; clk        ; clk      ; None                        ; None                      ; 1.355 ns                ;
; N/A   ; Restricted to 340.02 MHz ( period = 2.941 ns ) ; 74194:inst|38 ; 74194:inst|38 ; clk        ; clk      ; None                        ; None                      ; 1.340 ns                ;
; N/A   ; Restricted to 340.02 MHz ( period = 2.941 ns ) ; 74194:inst|40 ; 74194:inst|40 ; clk        ; clk      ; None                        ; None                      ; 1.336 ns                ;
; N/A   ; Restricted to 340.02 MHz ( period = 2.941 ns ) ; 74194:inst|40 ; 74194:inst|41 ; clk        ; clk      ; None                        ; None                      ; 1.253 ns                ;
; N/A   ; Restricted to 340.02 MHz ( period = 2.941 ns ) ; 74194:inst|38 ; 74194:inst|39 ; clk        ; clk      ; None                        ; None                      ; 1.179 ns                ;
; N/A   ; Restricted to 340.02 MHz ( period = 2.941 ns ) ; 74194:inst|41 ; 74194:inst|40 ; clk        ; clk      ; None                        ; None                      ; 0.947 ns                ;
; N/A   ; Restricted to 340.02 MHz ( period = 2.941 ns ) ; 74194:inst|39 ; 74194:inst|38 ; clk        ; clk      ; None                        ; None                      ; 0.947 ns                ;
+-------+------------------------------------------------+---------------+---------------+------------+----------+-----------------------------+---------------------------+-------------------------+


+---------------------------------------------------------------------+
; tsu                                                                 ;
+-------+--------------+------------+------+---------------+----------+
; Slack ; Required tsu ; Actual tsu ; From ; To            ; To Clock ;
+-------+--------------+------------+------+---------------+----------+
; N/A   ; None         ; 5.903 ns   ; s1   ; 74194:inst|38 ; clk      ;
; N/A   ; None         ; 5.899 ns   ; s1   ; 74194:inst|41 ; clk      ;
; N/A   ; None         ; 5.843 ns   ; s1   ; 74194:inst|39 ; clk      ;
; N/A   ; None         ; 5.822 ns   ; s1   ; 74194:inst|40 ; clk      ;
; N/A   ; None         ; 5.239 ns   ; sl   ; 74194:inst|38 ; clk      ;
; N/A   ; None         ; 5.151 ns   ; d    ; 74194:inst|38 ; clk      ;
; N/A   ; None         ; 4.962 ns   ; b    ; 74194:inst|40 ; clk      ;
; N/A   ; None         ; 4.862 ns   ; a    ; 74194:inst|41 ; clk      ;
; N/A   ; None         ; 4.609 ns   ; c    ; 74194:inst|39 ; clk      ;
; N/A   ; None         ; 0.270 ns   ; s0   ; 74194:inst|38 ; clk      ;
; N/A   ; None         ; 0.267 ns   ; s0   ; 74194:inst|41 ; clk      ;
; N/A   ; None         ; 0.212 ns   ; s0   ; 74194:inst|39 ; clk      ;
; N/A   ; None         ; 0.190 ns   ; s0   ; 74194:inst|40 ; clk      ;
; N/A   ; None         ; -0.174 ns  ; sr   ; 74194:inst|41 ; clk      ;
+-------+--------------+------------+------+---------------+----------+


+---------------------------------------------------------------------+
; tco                                                                 ;
+-------+--------------+------------+---------------+----+------------+
; Slack ; Required tco ; Actual tco ; From          ; To ; From Clock ;
+-------+--------------+------------+---------------+----+------------+
; N/A   ; None         ; 7.525 ns   ; 74194:inst|41 ; qa ; clk        ;
; N/A   ; None         ; 7.211 ns   ; 74194:inst|40 ; qb ; clk        ;
; N/A   ; None         ; 7.210 ns   ; 74194:inst|38 ; qd ; clk        ;
; N/A   ; None         ; 7.205 ns   ; 74194:inst|39 ; qc ; clk        ;
+-------+--------------+------------+---------------+----+------------+


+---------------------------------------------------------------------------+
; th                                                                        ;
+---------------+-------------+-----------+------+---------------+----------+
; Minimum Slack ; Required th ; Actual th ; From ; To            ; To Clock ;
+---------------+-------------+-----------+------+---------------+----------+
; N/A           ; None        ; 0.585 ns  ; s0   ; 74194:inst|38 ; clk      ;
; N/A           ; None        ; 0.579 ns  ; s0   ; 74194:inst|40 ; clk      ;
; N/A           ; None        ; 0.440 ns  ; sr   ; 74194:inst|41 ; clk      ;
; N/A           ; None        ; 0.054 ns  ; s0   ; 74194:inst|39 ; clk      ;
; N/A           ; None        ; -0.001 ns ; s0   ; 74194:inst|41 ; clk      ;
; N/A           ; None        ; -4.343 ns ; c    ; 74194:inst|39 ; clk      ;
; N/A           ; None        ; -4.596 ns ; a    ; 74194:inst|41 ; clk      ;
; N/A           ; None        ; -4.696 ns ; b    ; 74194:inst|40 ; clk      ;
; N/A           ; None        ; -4.885 ns ; d    ; 74194:inst|38 ; clk      ;
; N/A           ; None        ; -4.973 ns ; sl   ; 74194:inst|38 ; clk      ;
; N/A           ; None        ; -4.996 ns ; s1   ; 74194:inst|41 ; clk      ;
; N/A           ; None        ; -5.052 ns ; s1   ; 74194:inst|39 ; clk      ;
; N/A           ; None        ; -5.556 ns ; s1   ; 74194:inst|40 ; clk      ;
; N/A           ; None        ; -5.637 ns ; s1   ; 74194:inst|38 ; clk      ;
+---------------+-------------+-----------+------+---------------+----------+


+--------------------------+
; Timing Analyzer Messages ;
+--------------------------+
Info: *******************************************************************
Info: Running Quartus II Classic Timing Analyzer
    Info: Version 9.0 Build 184 04/29/2009 Service Pack 1 SJ Web Edition
    Info: Processing started: Mon Oct 14 15:41:50 2019
Info: Command: quartus_tan --read_settings_files=off --write_settings_files=off tr74194 -c tr74194 --timing_analysis_only
Warning: Found pins functioning as undefined clocks and/or memory enables
    Info: Assuming node "clk" is an undefined clock
Info: Clock "clk" Internal fmax is restricted to 340.02 MHz between source register "74194:inst|39" and destination register "74194:inst|39"
    Info: fmax restricted to clock pin edge rate 2.941 ns. Expand message to see actual delay path.
        Info: + Longest register to register delay is 1.533 ns
            Info: 1: + IC(0.000 ns) + CELL(0.000 ns) = 0.000 ns; Loc. = LCFF_X1_Y6_N21; Fanout = 4; REG Node = '74194:inst|39'
            Info: 2: + IC(0.473 ns) + CELL(0.370 ns) = 0.843 ns; Loc. = LCCOMB_X1_Y6_N12; Fanout = 1; COMB Node = '74194:inst|35~0'
            Info: 3: + IC(0.376 ns) + CELL(0.206 ns) = 1.425 ns; Loc. = LCCOMB_X1_Y6_N20; Fanout = 1; COMB Node = '74194:inst|35~1'
            Info: 4: + IC(0.000 ns) + CELL(0.108 ns) = 1.533 ns; Loc. = LCFF_X1_Y6_N21; Fanout = 4; REG Node = '74194:inst|39'
            Info: Total cell delay = 0.684 ns ( 44.62 % )
            Info: Total interconnect delay = 0.849 ns ( 55.38 % )
        Info: - Smallest clock skew is 0.000 ns
            Info: + Shortest clock path from clock "clk" to destination register is 2.721 ns
                Info: 1: + IC(0.000 ns) + CELL(1.100 ns) = 1.100 ns; Loc. = PIN_17; Fanout = 1; CLK Node = 'clk'
                Info: 2: + IC(0.143 ns) + CELL(0.000 ns) = 1.243 ns; Loc. = CLKCTRL_G2; Fanout = 4; COMB Node = 'clk~clkctrl'
                Info: 3: + IC(0.812 ns) + CELL(0.666 ns) = 2.721 ns; Loc. = LCFF_X1_Y6_N21; Fanout = 4; REG Node = '74194:inst|39'
                Info: Total cell delay = 1.766 ns ( 64.90 % )
                Info: Total interconnect delay = 0.955 ns ( 35.10 % )
            Info: - Longest clock path from clock "clk" to source register is 2.721 ns
                Info: 1: + IC(0.000 ns) + CELL(1.100 ns) = 1.100 ns; Loc. = PIN_17; Fanout = 1; CLK Node = 'clk'
                Info: 2: + IC(0.143 ns) + CELL(0.000 ns) = 1.243 ns; Loc. = CLKCTRL_G2; Fanout = 4; COMB Node = 'clk~clkctrl'
                Info: 3: + IC(0.812 ns) + CELL(0.666 ns) = 2.721 ns; Loc. = LCFF_X1_Y6_N21; Fanout = 4; REG Node = '74194:inst|39'
                Info: Total cell delay = 1.766 ns ( 64.90 % )
                Info: Total interconnect delay = 0.955 ns ( 35.10 % )
        Info: + Micro clock to output delay of source is 0.304 ns
        Info: + Micro setup delay of destination is -0.040 ns
Info: tsu for register "74194:inst|38" (data pin = "s1", clock pin = "clk") is 5.903 ns
    Info: + Longest pin to register delay is 8.664 ns
        Info: 1: + IC(0.000 ns) + CELL(0.944 ns) = 0.944 ns; Loc. = PIN_136; Fanout = 6; PIN Node = 's1'
        Info: 2: + IC(6.378 ns) + CELL(0.651 ns) = 7.973 ns; Loc. = LCCOMB_X1_Y6_N6; Fanout = 1; COMB Node = '74194:inst|34~0'
        Info: 3: + IC(0.377 ns) + CELL(0.206 ns) = 8.556 ns; Loc. = LCCOMB_X1_Y6_N22; Fanout = 1; COMB Node = '74194:inst|34~1'
        Info: 4: + IC(0.000 ns) + CELL(0.108 ns) = 8.664 ns; Loc. = LCFF_X1_Y6_N23; Fanout = 3; REG Node = '74194:inst|38'
        Info: Total cell delay = 1.909 ns ( 22.03 % )
        Info: Total interconnect delay = 6.755 ns ( 77.97 % )
    Info: + Micro setup delay of destination is -0.040 ns
    Info: - Shortest clock path from clock "clk" to destination register is 2.721 ns
        Info: 1: + IC(0.000 ns) + CELL(1.100 ns) = 1.100 ns; Loc. = PIN_17; Fanout = 1; CLK Node = 'clk'
        Info: 2: + IC(0.143 ns) + CELL(0.000 ns) = 1.243 ns; Loc. = CLKCTRL_G2; Fanout = 4; COMB Node = 'clk~clkctrl'
        Info: 3: + IC(0.812 ns) + CELL(0.666 ns) = 2.721 ns; Loc. = LCFF_X1_Y6_N23; Fanout = 3; REG Node = '74194:inst|38'
        Info: Total cell delay = 1.766 ns ( 64.90 % )
        Info: Total interconnect delay = 0.955 ns ( 35.10 % )
Info: tco from clock "clk" to destination pin "qa" through register "74194:inst|41" is 7.525 ns
    Info: + Longest clock path from clock "clk" to source register is 2.721 ns
        Info: 1: + IC(0.000 ns) + CELL(1.100 ns) = 1.100 ns; Loc. = PIN_17; Fanout = 1; CLK Node = 'clk'
        Info: 2: + IC(0.143 ns) + CELL(0.000 ns) = 1.243 ns; Loc. = CLKCTRL_G2; Fanout = 4; COMB Node = 'clk~clkctrl'
        Info: 3: + IC(0.812 ns) + CELL(0.666 ns) = 2.721 ns; Loc. = LCFF_X1_Y6_N25; Fanout = 3; REG Node = '74194:inst|41'
        Info: Total cell delay = 1.766 ns ( 64.90 % )
        Info: Total interconnect delay = 0.955 ns ( 35.10 % )
    Info: + Micro clock to output delay of source is 0.304 ns
    Info: + Longest register to pin delay is 4.500 ns
        Info: 1: + IC(0.000 ns) + CELL(0.000 ns) = 0.000 ns; Loc. = LCFF_X1_Y6_N25; Fanout = 3; REG Node = '74194:inst|41'
        Info: 2: + IC(1.444 ns) + CELL(3.056 ns) = 4.500 ns; Loc. = PIN_9; Fanout = 0; PIN Node = 'qa'
        Info: Total cell delay = 3.056 ns ( 67.91 % )
        Info: Total interconnect delay = 1.444 ns ( 32.09 % )
Info: th for register "74194:inst|38" (data pin = "s0", clock pin = "clk") is 0.585 ns
    Info: + Longest clock path from clock "clk" to destination register is 2.721 ns
        Info: 1: + IC(0.000 ns) + CELL(1.100 ns) = 1.100 ns; Loc. = PIN_17; Fanout = 1; CLK Node = 'clk'
        Info: 2: + IC(0.143 ns) + CELL(0.000 ns) = 1.243 ns; Loc. = CLKCTRL_G2; Fanout = 4; COMB Node = 'clk~clkctrl'
        Info: 3: + IC(0.812 ns) + CELL(0.666 ns) = 2.721 ns; Loc. = LCFF_X1_Y6_N23; Fanout = 3; REG Node = '74194:inst|38'
        Info: Total cell delay = 1.766 ns ( 64.90 % )
        Info: Total interconnect delay = 0.955 ns ( 35.10 % )
    Info: + Micro hold delay of destination is 0.306 ns
    Info: - Shortest pin to register delay is 2.442 ns
        Info: 1: + IC(0.000 ns) + CELL(1.100 ns) = 1.100 ns; Loc. = PIN_22; Fanout = 6; PIN Node = 's0'
        Info: 2: + IC(0.610 ns) + CELL(0.624 ns) = 2.334 ns; Loc. = LCCOMB_X1_Y6_N22; Fanout = 1; COMB Node = '74194:inst|34~1'
        Info: 3: + IC(0.000 ns) + CELL(0.108 ns) = 2.442 ns; Loc. = LCFF_X1_Y6_N23; Fanout = 3; REG Node = '74194:inst|38'
        Info: Total cell delay = 1.832 ns ( 75.02 % )
        Info: Total interconnect delay = 0.610 ns ( 24.98 % )
Info: Quartus II Classic Timing Analyzer was successful. 0 errors, 1 warning
    Info: Peak virtual memory: 214 megabytes
    Info: Processing ended: Mon Oct 14 15:41:50 2019
    Info: Elapsed time: 00:00:00
    Info: Total CPU time (on all processors): 00:00:01


