Classic Timing Analyzer report for usb_download
Mon Nov 04 15:23:20 2019
Quartus II Version 9.0 Build 184 04/29/2009 Service Pack 1 SJ Web Edition


---------------------
; Table of Contents ;
---------------------
  1. Legal Notice
  2. Timing Analyzer Summary
  3. Timing Analyzer Settings
  4. Clock Settings Summary
  5. Parallel Compilation
  6. Clock Setup: 'clock'
  7. tsu
  8. tco
  9. th
 10. Timing Analyzer Messages



----------------
; Legal Notice ;
----------------
Copyright (C) 1991-2009 Altera Corporation
Your use of Altera Corporation's design tools, logic functions 
and other software and tools, and its AMPP partner logic 
functions, and any output files from any of the foregoing 
(including device programming or simulation files), and any 
associated documentation or information are expressly subject 
to the terms and conditions of the Altera Program License 
Subscription Agreement, Altera MegaCore Function License 
Agreement, or other applicable license agreement, including, 
without limitation, that your use is for the sole purpose of 
programming logic devices manufactured by Altera and sold by 
Altera or its authorized distributors.  Please refer to the 
applicable agreement for further details.



+------------------------------------------------------------------------------------------------------------------------------------------------------------------------------------------+
; Timing Analyzer Summary                                                                                                                                                                  ;
+------------------------------+-------+---------------+------------------------------------------------+---------------------+---------------------+------------+----------+--------------+
; Type                         ; Slack ; Required Time ; Actual Time                                    ; From                ; To                  ; From Clock ; To Clock ; Failed Paths ;
+------------------------------+-------+---------------+------------------------------------------------+---------------------+---------------------+------------+----------+--------------+
; Worst-case tsu               ; N/A   ; None          ; 4.164 ns                                       ; rxf                 ; fstate.wait_rxf_low ; --         ; clock    ; 0            ;
; Worst-case tco               ; N/A   ; None          ; 6.846 ns                                       ; fstate.wait_rxf_low ; rd                  ; clock      ; --       ; 0            ;
; Worst-case th                ; N/A   ; None          ; -3.815 ns                                      ; rxf                 ; fstate.set_rd_low   ; --         ; clock    ; 0            ;
; Clock Setup: 'clock'         ; N/A   ; None          ; Restricted to 340.02 MHz ( period = 2.941 ns ) ; fstate.wait_rxf_low ; fstate.set_rd_low   ; clock      ; clock    ; 0            ;
; Total number of failed paths ;       ;               ;                                                ;                     ;                     ;            ;          ; 0            ;
+------------------------------+-------+---------------+------------------------------------------------+---------------------+---------------------+------------+----------+--------------+


+--------------------------------------------------------------------------------------------------------------------+
; Timing Analyzer Settings                                                                                           ;
+---------------------------------------------------------------------+--------------------+------+----+-------------+
; Option                                                              ; Setting            ; From ; To ; Entity Name ;
+---------------------------------------------------------------------+--------------------+------+----+-------------+
; Device Name                                                         ; EP2C5T144C8        ;      ;    ;             ;
; Timing Models                                                       ; Final              ;      ;    ;             ;
; Default hold multicycle                                             ; Same as Multicycle ;      ;    ;             ;
; Cut paths between unrelated clock domains                           ; On                 ;      ;    ;             ;
; Cut off read during write signal paths                              ; On                 ;      ;    ;             ;
; Cut off feedback from I/O pins                                      ; On                 ;      ;    ;             ;
; Report Combined Fast/Slow Timing                                    ; Off                ;      ;    ;             ;
; Ignore Clock Settings                                               ; Off                ;      ;    ;             ;
; Analyze latches as synchronous elements                             ; On                 ;      ;    ;             ;
; Enable Recovery/Removal analysis                                    ; Off                ;      ;    ;             ;
; Enable Clock Latency                                                ; Off                ;      ;    ;             ;
; Use TimeQuest Timing Analyzer                                       ; Off                ;      ;    ;             ;
; Minimum Core Junction Temperature                                   ; 0                  ;      ;    ;             ;
; Maximum Core Junction Temperature                                   ; 85                 ;      ;    ;             ;
; Number of source nodes to report per destination node               ; 10                 ;      ;    ;             ;
; Number of destination nodes to report                               ; 10                 ;      ;    ;             ;
; Number of paths to report                                           ; 200                ;      ;    ;             ;
; Report Minimum Timing Checks                                        ; Off                ;      ;    ;             ;
; Use Fast Timing Models                                              ; Off                ;      ;    ;             ;
; Report IO Paths Separately                                          ; Off                ;      ;    ;             ;
; Perform Multicorner Analysis                                        ; On                 ;      ;    ;             ;
; Reports the worst-case path for each clock domain and analysis      ; Off                ;      ;    ;             ;
; Removes common clock path pessimism (CCPP) during slack computation ; Off                ;      ;    ;             ;
; Output I/O Timing Endpoint                                          ; Near End           ;      ;    ;             ;
+---------------------------------------------------------------------+--------------------+------+----+-------------+


+------------------------------------------------------------------------------------------------------------------------------------------------------------------------------------+
; Clock Settings Summary                                                                                                                                                             ;
+-----------------+--------------------+----------+------------------+---------------+--------------+----------+-----------------------+---------------------+--------+--------------+
; Clock Node Name ; Clock Setting Name ; Type     ; Fmax Requirement ; Early Latency ; Late Latency ; Based on ; Multiply Base Fmax by ; Divide Base Fmax by ; Offset ; Phase offset ;
+-----------------+--------------------+----------+------------------+---------------+--------------+----------+-----------------------+---------------------+--------+--------------+
; clock           ;                    ; User Pin ; None             ; 0.000 ns      ; 0.000 ns     ; --       ; N/A                   ; N/A                 ; N/A    ;              ;
+-----------------+--------------------+----------+------------------+---------------+--------------+----------+-----------------------+---------------------+--------+--------------+


Parallel compilation was disabled, but you have multiple processors available. Enable parallel compilation to reduce compilation time.
+-------------------------------------+
; Parallel Compilation                ;
+----------------------------+--------+
; Processors                 ; Number ;
+----------------------------+--------+
; Number detected on machine ; 4      ;
; Maximum allowed            ; 1      ;
+----------------------------+--------+


+--------------------------------------------------------------------------------------------------------------------------------------------------------------------------------------------------------------------------------+
; Clock Setup: 'clock'                                                                                                                                                                                                           ;
+-------+------------------------------------------------+-----------------------------+-----------------------------+------------+----------+-----------------------------+---------------------------+-------------------------+
; Slack ; Actual fmax (period)                           ; From                        ; To                          ; From Clock ; To Clock ; Required Setup Relationship ; Required Longest P2P Time ; Actual Longest P2P Time ;
+-------+------------------------------------------------+-----------------------------+-----------------------------+------------+----------+-----------------------------+---------------------------+-------------------------+
; N/A   ; Restricted to 340.02 MHz ( period = 2.941 ns ) ; fstate.wait_rxf_low         ; fstate.set_rd_low           ; clock      ; clock    ; None                        ; None                      ; 0.745 ns                ;
; N/A   ; Restricted to 340.02 MHz ( period = 2.941 ns ) ; fstate.set_rd_low           ; fstate.latch_data_from_host ; clock      ; clock    ; None                        ; None                      ; 0.742 ns                ;
; N/A   ; Restricted to 340.02 MHz ( period = 2.941 ns ) ; fstate.latch_data_from_host ; fstate.wait_rxf_low         ; clock      ; clock    ; None                        ; None                      ; 0.741 ns                ;
; N/A   ; Restricted to 340.02 MHz ( period = 2.941 ns ) ; fstate.wait_rxf_low         ; fstate.wait_rxf_low         ; clock      ; clock    ; None                        ; None                      ; 0.501 ns                ;
+-------+------------------------------------------------+-----------------------------+-----------------------------+------------+----------+-----------------------------+---------------------------+-------------------------+


+---------------------------------------------------------------------------+
; tsu                                                                       ;
+-------+--------------+------------+------+---------------------+----------+
; Slack ; Required tsu ; Actual tsu ; From ; To                  ; To Clock ;
+-------+--------------+------------+------+---------------------+----------+
; N/A   ; None         ; 4.164 ns   ; rxf  ; fstate.wait_rxf_low ; clock    ;
; N/A   ; None         ; 4.081 ns   ; rxf  ; fstate.set_rd_low   ; clock    ;
+-------+--------------+------------+------+---------------------+----------+


+---------------------------------------------------------------------------+
; tco                                                                       ;
+-------+--------------+------------+---------------------+----+------------+
; Slack ; Required tco ; Actual tco ; From                ; To ; From Clock ;
+-------+--------------+------------+---------------------+----+------------+
; N/A   ; None         ; 6.846 ns   ; fstate.wait_rxf_low ; rd ; clock      ;
+-------+--------------+------------+---------------------+----+------------+


+---------------------------------------------------------------------------------+
; th                                                                              ;
+---------------+-------------+-----------+------+---------------------+----------+
; Minimum Slack ; Required th ; Actual th ; From ; To                  ; To Clock ;
+---------------+-------------+-----------+------+---------------------+----------+
; N/A           ; None        ; -3.815 ns ; rxf  ; fstate.set_rd_low   ; clock    ;
; N/A           ; None        ; -3.898 ns ; rxf  ; fstate.wait_rxf_low ; clock    ;
+---------------+-------------+-----------+------+---------------------+----------+


+--------------------------+
; Timing Analyzer Messages ;
+--------------------------+
Info: *******************************************************************
Info: Running Quartus II Classic Timing Analyzer
    Info: Version 9.0 Build 184 04/29/2009 Service Pack 1 SJ Web Edition
    Info: Processing started: Mon Nov 04 15:23:20 2019
Info: Command: quartus_tan --read_settings_files=off --write_settings_files=off usb_download -c usb_download --timing_analysis_only
Warning: Found pins functioning as undefined clocks and/or memory enables
    Info: Assuming node "clock" is an undefined clock
Info: Clock "clock" Internal fmax is restricted to 340.02 MHz between source register "fstate.wait_rxf_low" and destination register "fstate.set_rd_low"
    Info: fmax restricted to clock pin edge rate 2.941 ns. Expand message to see actual delay path.
        Info: + Longest register to register delay is 0.745 ns
            Info: 1: + IC(0.000 ns) + CELL(0.000 ns) = 0.000 ns; Loc. = LCFF_X1_Y13_N1; Fanout = 3; REG Node = 'fstate.wait_rxf_low'
            Info: 2: + IC(0.435 ns) + CELL(0.202 ns) = 0.637 ns; Loc. = LCCOMB_X1_Y13_N28; Fanout = 1; COMB Node = 'reg_fstate.set_rd_low~0'
            Info: 3: + IC(0.000 ns) + CELL(0.108 ns) = 0.745 ns; Loc. = LCFF_X1_Y13_N29; Fanout = 1; REG Node = 'fstate.set_rd_low'
            Info: Total cell delay = 0.310 ns ( 41.61 % )
            Info: Total interconnect delay = 0.435 ns ( 58.39 % )
        Info: - Smallest clock skew is 0.000 ns
            Info: + Shortest clock path from clock "clock" to destination register is 2.754 ns
                Info: 1: + IC(0.000 ns) + CELL(1.100 ns) = 1.100 ns; Loc. = PIN_17; Fanout = 1; CLK Node = 'clock'
                Info: 2: + IC(0.143 ns) + CELL(0.000 ns) = 1.243 ns; Loc. = CLKCTRL_G2; Fanout = 3; COMB Node = 'clock~clkctrl'
                Info: 3: + IC(0.845 ns) + CELL(0.666 ns) = 2.754 ns; Loc. = LCFF_X1_Y13_N29; Fanout = 1; REG Node = 'fstate.set_rd_low'
                Info: Total cell delay = 1.766 ns ( 64.12 % )
                Info: Total interconnect delay = 0.988 ns ( 35.88 % )
            Info: - Longest clock path from clock "clock" to source register is 2.754 ns
                Info: 1: + IC(0.000 ns) + CELL(1.100 ns) = 1.100 ns; Loc. = PIN_17; Fanout = 1; CLK Node = 'clock'
                Info: 2: + IC(0.143 ns) + CELL(0.000 ns) = 1.243 ns; Loc. = CLKCTRL_G2; Fanout = 3; COMB Node = 'clock~clkctrl'
                Info: 3: + IC(0.845 ns) + CELL(0.666 ns) = 2.754 ns; Loc. = LCFF_X1_Y13_N1; Fanout = 3; REG Node = 'fstate.wait_rxf_low'
                Info: Total cell delay = 1.766 ns ( 64.12 % )
                Info: Total interconnect delay = 0.988 ns ( 35.88 % )
        Info: + Micro clock to output delay of source is 0.304 ns
        Info: + Micro setup delay of destination is -0.040 ns
Info: tsu for register "fstate.wait_rxf_low" (data pin = "rxf", clock pin = "clock") is 4.164 ns
    Info: + Longest pin to register delay is 6.958 ns
        Info: 1: + IC(0.000 ns) + CELL(0.955 ns) = 0.955 ns; Loc. = PIN_4; Fanout = 2; PIN Node = 'rxf'
        Info: 2: + IC(5.271 ns) + CELL(0.624 ns) = 6.850 ns; Loc. = LCCOMB_X1_Y13_N0; Fanout = 1; COMB Node = 'Selector0~1'
        Info: 3: + IC(0.000 ns) + CELL(0.108 ns) = 6.958 ns; Loc. = LCFF_X1_Y13_N1; Fanout = 3; REG Node = 'fstate.wait_rxf_low'
        Info: Total cell delay = 1.687 ns ( 24.25 % )
        Info: Total interconnect delay = 5.271 ns ( 75.75 % )
    Info: + Micro setup delay of destination is -0.040 ns
    Info: - Shortest clock path from clock "clock" to destination register is 2.754 ns
        Info: 1: + IC(0.000 ns) + CELL(1.100 ns) = 1.100 ns; Loc. = PIN_17; Fanout = 1; CLK Node = 'clock'
        Info: 2: + IC(0.143 ns) + CELL(0.000 ns) = 1.243 ns; Loc. = CLKCTRL_G2; Fanout = 3; COMB Node = 'clock~clkctrl'
        Info: 3: + IC(0.845 ns) + CELL(0.666 ns) = 2.754 ns; Loc. = LCFF_X1_Y13_N1; Fanout = 3; REG Node = 'fstate.wait_rxf_low'
        Info: Total cell delay = 1.766 ns ( 64.12 % )
        Info: Total interconnect delay = 0.988 ns ( 35.88 % )
Info: tco from clock "clock" to destination pin "rd" through register "fstate.wait_rxf_low" is 6.846 ns
    Info: + Longest clock path from clock "clock" to source register is 2.754 ns
        Info: 1: + IC(0.000 ns) + CELL(1.100 ns) = 1.100 ns; Loc. = PIN_17; Fanout = 1; CLK Node = 'clock'
        Info: 2: + IC(0.143 ns) + CELL(0.000 ns) = 1.243 ns; Loc. = CLKCTRL_G2; Fanout = 3; COMB Node = 'clock~clkctrl'
        Info: 3: + IC(0.845 ns) + CELL(0.666 ns) = 2.754 ns; Loc. = LCFF_X1_Y13_N1; Fanout = 3; REG Node = 'fstate.wait_rxf_low'
        Info: Total cell delay = 1.766 ns ( 64.12 % )
        Info: Total interconnect delay = 0.988 ns ( 35.88 % )
    Info: + Micro clock to output delay of source is 0.304 ns
    Info: + Longest register to pin delay is 3.788 ns
        Info: 1: + IC(0.000 ns) + CELL(0.000 ns) = 0.000 ns; Loc. = LCFF_X1_Y13_N1; Fanout = 3; REG Node = 'fstate.wait_rxf_low'
        Info: 2: + IC(0.712 ns) + CELL(3.076 ns) = 3.788 ns; Loc. = PIN_3; Fanout = 0; PIN Node = 'rd'
        Info: Total cell delay = 3.076 ns ( 81.20 % )
        Info: Total interconnect delay = 0.712 ns ( 18.80 % )
Info: th for register "fstate.set_rd_low" (data pin = "rxf", clock pin = "clock") is -3.815 ns
    Info: + Longest clock path from clock "clock" to destination register is 2.754 ns
        Info: 1: + IC(0.000 ns) + CELL(1.100 ns) = 1.100 ns; Loc. = PIN_17; Fanout = 1; CLK Node = 'clock'
        Info: 2: + IC(0.143 ns) + CELL(0.000 ns) = 1.243 ns; Loc. = CLKCTRL_G2; Fanout = 3; COMB Node = 'clock~clkctrl'
        Info: 3: + IC(0.845 ns) + CELL(0.666 ns) = 2.754 ns; Loc. = LCFF_X1_Y13_N29; Fanout = 1; REG Node = 'fstate.set_rd_low'
        Info: Total cell delay = 1.766 ns ( 64.12 % )
        Info: Total interconnect delay = 0.988 ns ( 35.88 % )
    Info: + Micro hold delay of destination is 0.306 ns
    Info: - Shortest pin to register delay is 6.875 ns
        Info: 1: + IC(0.000 ns) + CELL(0.955 ns) = 0.955 ns; Loc. = PIN_4; Fanout = 2; PIN Node = 'rxf'
        Info: 2: + IC(5.268 ns) + CELL(0.544 ns) = 6.767 ns; Loc. = LCCOMB_X1_Y13_N28; Fanout = 1; COMB Node = 'reg_fstate.set_rd_low~0'
        Info: 3: + IC(0.000 ns) + CELL(0.108 ns) = 6.875 ns; Loc. = LCFF_X1_Y13_N29; Fanout = 1; REG Node = 'fstate.set_rd_low'
        Info: Total cell delay = 1.607 ns ( 23.37 % )
        Info: Total interconnect delay = 5.268 ns ( 76.63 % )
Info: Quartus II Classic Timing Analyzer was successful. 0 errors, 1 warning
    Info: Peak virtual memory: 214 megabytes
    Info: Processing ended: Mon Nov 04 15:23:20 2019
    Info: Elapsed time: 00:00:00
    Info: Total CPU time (on all processors): 00:00:00


