Classic Timing Analyzer report for mux8_1
Wed Nov 06 10:09:47 2019
Quartus II Version 9.0 Build 184 04/29/2009 Service Pack 1 SJ Web Edition


---------------------
; Table of Contents ;
---------------------
  1. Legal Notice
  2. Timing Analyzer Summary
  3. Timing Analyzer Settings
  4. Parallel Compilation
  5. tpd
  6. Timing Analyzer Messages



----------------
; Legal Notice ;
----------------
Copyright (C) 1991-2009 Altera Corporation
Your use of Altera Corporation's design tools, logic functions 
and other software and tools, and its AMPP partner logic 
functions, and any output files from any of the foregoing 
(including device programming or simulation files), and any 
associated documentation or information are expressly subject 
to the terms and conditions of the Altera Program License 
Subscription Agreement, Altera MegaCore Function License 
Agreement, or other applicable license agreement, including, 
without limitation, that your use is for the sole purpose of 
programming logic devices manufactured by Altera and sold by 
Altera or its authorized distributors.  Please refer to the 
applicable agreement for further details.



+---------------------------------------------------------------------------------------------------------------------------+
; Timing Analyzer Summary                                                                                                   ;
+------------------------------+-------+---------------+-------------+--------+------+------------+----------+--------------+
; Type                         ; Slack ; Required Time ; Actual Time ; From   ; To   ; From Clock ; To Clock ; Failed Paths ;
+------------------------------+-------+---------------+-------------+--------+------+------------+----------+--------------+
; Worst-case tpd               ; N/A   ; None          ; 15.859 ns   ; sel[0] ; COUT ; --         ; --       ; 0            ;
; Total number of failed paths ;       ;               ;             ;        ;      ;            ;          ; 0            ;
+------------------------------+-------+---------------+-------------+--------+------+------------+----------+--------------+


+--------------------------------------------------------------------------------------------------------------------+
; Timing Analyzer Settings                                                                                           ;
+---------------------------------------------------------------------+--------------------+------+----+-------------+
; Option                                                              ; Setting            ; From ; To ; Entity Name ;
+---------------------------------------------------------------------+--------------------+------+----+-------------+
; Device Name                                                         ; EP1C6Q240C8        ;      ;    ;             ;
; Timing Models                                                       ; Final              ;      ;    ;             ;
; Default hold multicycle                                             ; Same as Multicycle ;      ;    ;             ;
; Cut paths between unrelated clock domains                           ; On                 ;      ;    ;             ;
; Cut off read during write signal paths                              ; On                 ;      ;    ;             ;
; Cut off feedback from I/O pins                                      ; On                 ;      ;    ;             ;
; Report Combined Fast/Slow Timing                                    ; Off                ;      ;    ;             ;
; Ignore Clock Settings                                               ; Off                ;      ;    ;             ;
; Analyze latches as synchronous elements                             ; On                 ;      ;    ;             ;
; Enable Recovery/Removal analysis                                    ; Off                ;      ;    ;             ;
; Enable Clock Latency                                                ; Off                ;      ;    ;             ;
; Use TimeQuest Timing Analyzer                                       ; Off                ;      ;    ;             ;
; Minimum Core Junction Temperature                                   ; 0                  ;      ;    ;             ;
; Maximum Core Junction Temperature                                   ; 85                 ;      ;    ;             ;
; Number of source nodes to report per destination node               ; 10                 ;      ;    ;             ;
; Number of destination nodes to report                               ; 10                 ;      ;    ;             ;
; Number of paths to report                                           ; 200                ;      ;    ;             ;
; Report Minimum Timing Checks                                        ; Off                ;      ;    ;             ;
; Use Fast Timing Models                                              ; Off                ;      ;    ;             ;
; Report IO Paths Separately                                          ; Off                ;      ;    ;             ;
; Perform Multicorner Analysis                                        ; Off                ;      ;    ;             ;
; Reports the worst-case path for each clock domain and analysis      ; Off                ;      ;    ;             ;
; Removes common clock path pessimism (CCPP) during slack computation ; Off                ;      ;    ;             ;
; Output I/O Timing Endpoint                                          ; Near End           ;      ;    ;             ;
+---------------------------------------------------------------------+--------------------+------+----+-------------+


Parallel compilation was disabled, but you have multiple processors available. Enable parallel compilation to reduce compilation time.
+-------------------------------------+
; Parallel Compilation                ;
+----------------------------+--------+
; Processors                 ; Number ;
+----------------------------+--------+
; Number detected on machine ; 4      ;
; Maximum allowed            ; 1      ;
+----------------------------+--------+


+-------------------------------------------------------------+
; tpd                                                         ;
+-------+-------------------+-----------------+--------+------+
; Slack ; Required P2P Time ; Actual P2P Time ; From   ; To   ;
+-------+-------------------+-----------------+--------+------+
; N/A   ; None              ; 15.859 ns       ; sel[0] ; COUT ;
; N/A   ; None              ; 14.664 ns       ; sel[2] ; COUT ;
; N/A   ; None              ; 14.222 ns       ; CIN[7] ; COUT ;
; N/A   ; None              ; 14.171 ns       ; CIN[2] ; COUT ;
; N/A   ; None              ; 13.930 ns       ; CIN[5] ; COUT ;
; N/A   ; None              ; 13.764 ns       ; CIN[1] ; COUT ;
; N/A   ; None              ; 13.669 ns       ; sel[1] ; COUT ;
; N/A   ; None              ; 13.558 ns       ; CIN[0] ; COUT ;
; N/A   ; None              ; 13.406 ns       ; CIN[6] ; COUT ;
; N/A   ; None              ; 13.203 ns       ; CIN[4] ; COUT ;
; N/A   ; None              ; 13.194 ns       ; CIN[3] ; COUT ;
+-------+-------------------+-----------------+--------+------+


+--------------------------+
; Timing Analyzer Messages ;
+--------------------------+
Info: *******************************************************************
Info: Running Quartus II Classic Timing Analyzer
    Info: Version 9.0 Build 184 04/29/2009 Service Pack 1 SJ Web Edition
    Info: Processing started: Wed Nov 06 10:09:47 2019
Info: Command: quartus_tan --read_settings_files=off --write_settings_files=off mux8_1 -c mux8_1 --timing_analysis_only
Info: Longest tpd from source pin "sel[0]" to destination pin "COUT" is 15.859 ns
    Info: 1: + IC(0.000 ns) + CELL(1.469 ns) = 1.469 ns; Loc. = PIN_174; Fanout = 3; PIN Node = 'sel[0]'
    Info: 2: + IC(7.679 ns) + CELL(0.114 ns) = 9.262 ns; Loc. = LC_X2_Y18_N4; Fanout = 1; COMB Node = 'multi_sel:inst|Mux0~2'
    Info: 3: + IC(0.408 ns) + CELL(0.442 ns) = 10.112 ns; Loc. = LC_X2_Y18_N8; Fanout = 1; COMB Node = 'multi_sel:inst|Mux0~3'
    Info: 4: + IC(0.407 ns) + CELL(0.442 ns) = 10.961 ns; Loc. = LC_X2_Y18_N6; Fanout = 1; COMB Node = 'multi_sel:inst|Mux0~4'
    Info: 5: + IC(2.790 ns) + CELL(2.108 ns) = 15.859 ns; Loc. = PIN_65; Fanout = 0; PIN Node = 'COUT'
    Info: Total cell delay = 4.575 ns ( 28.85 % )
    Info: Total interconnect delay = 11.284 ns ( 71.15 % )
Info: Quartus II Classic Timing Analyzer was successful. 0 errors, 0 warnings
    Info: Peak virtual memory: 212 megabytes
    Info: Processing ended: Wed Nov 06 10:09:47 2019
    Info: Elapsed time: 00:00:00
    Info: Total CPU time (on all processors): 00:00:00


