Classic Timing Analyzer report for dc0832
Mon Oct 28 16:26:07 2019
Quartus II Version 9.0 Build 184 04/29/2009 Service Pack 1 SJ Web Edition


---------------------
; Table of Contents ;
---------------------
  1. Legal Notice
  2. Timing Analyzer Summary
  3. Timing Analyzer Settings
  4. Parallel Compilation
  5. tpd
  6. Timing Analyzer Messages



----------------
; Legal Notice ;
----------------
Copyright (C) 1991-2009 Altera Corporation
Your use of Altera Corporation's design tools, logic functions 
and other software and tools, and its AMPP partner logic 
functions, and any output files from any of the foregoing 
(including device programming or simulation files), and any 
associated documentation or information are expressly subject 
to the terms and conditions of the Altera Program License 
Subscription Agreement, Altera MegaCore Function License 
Agreement, or other applicable license agreement, including, 
without limitation, that your use is for the sole purpose of 
programming logic devices manufactured by Altera and sold by 
Altera or its authorized distributors.  Please refer to the 
applicable agreement for further details.



+--------------------------------------------------------------------------------------------------------------------------------+
; Timing Analyzer Summary                                                                                                        ;
+------------------------------+-------+---------------+-------------+---------+----------+------------+----------+--------------+
; Type                         ; Slack ; Required Time ; Actual Time ; From    ; To       ; From Clock ; To Clock ; Failed Paths ;
+------------------------------+-------+---------------+-------------+---------+----------+------------+----------+--------------+
; Worst-case tpd               ; N/A   ; None          ; 12.615 ns   ; data[5] ; udata[5] ; --         ; --       ; 0            ;
; Total number of failed paths ;       ;               ;             ;         ;          ;            ;          ; 0            ;
+------------------------------+-------+---------------+-------------+---------+----------+------------+----------+--------------+


+--------------------------------------------------------------------------------------------------------------------+
; Timing Analyzer Settings                                                                                           ;
+---------------------------------------------------------------------+--------------------+------+----+-------------+
; Option                                                              ; Setting            ; From ; To ; Entity Name ;
+---------------------------------------------------------------------+--------------------+------+----+-------------+
; Device Name                                                         ; EP1C6Q240C8        ;      ;    ;             ;
; Timing Models                                                       ; Final              ;      ;    ;             ;
; Default hold multicycle                                             ; Same as Multicycle ;      ;    ;             ;
; Cut paths between unrelated clock domains                           ; On                 ;      ;    ;             ;
; Cut off read during write signal paths                              ; On                 ;      ;    ;             ;
; Cut off feedback from I/O pins                                      ; On                 ;      ;    ;             ;
; Report Combined Fast/Slow Timing                                    ; Off                ;      ;    ;             ;
; Ignore Clock Settings                                               ; Off                ;      ;    ;             ;
; Analyze latches as synchronous elements                             ; On                 ;      ;    ;             ;
; Enable Recovery/Removal analysis                                    ; Off                ;      ;    ;             ;
; Enable Clock Latency                                                ; Off                ;      ;    ;             ;
; Use TimeQuest Timing Analyzer                                       ; Off                ;      ;    ;             ;
; Minimum Core Junction Temperature                                   ; 0                  ;      ;    ;             ;
; Maximum Core Junction Temperature                                   ; 85                 ;      ;    ;             ;
; Number of source nodes to report per destination node               ; 10                 ;      ;    ;             ;
; Number of destination nodes to report                               ; 10                 ;      ;    ;             ;
; Number of paths to report                                           ; 200                ;      ;    ;             ;
; Report Minimum Timing Checks                                        ; Off                ;      ;    ;             ;
; Use Fast Timing Models                                              ; Off                ;      ;    ;             ;
; Report IO Paths Separately                                          ; Off                ;      ;    ;             ;
; Perform Multicorner Analysis                                        ; Off                ;      ;    ;             ;
; Reports the worst-case path for each clock domain and analysis      ; Off                ;      ;    ;             ;
; Removes common clock path pessimism (CCPP) during slack computation ; Off                ;      ;    ;             ;
; Output I/O Timing Endpoint                                          ; Near End           ;      ;    ;             ;
+---------------------------------------------------------------------+--------------------+------+----+-------------+


Parallel compilation was disabled, but you have multiple processors available. Enable parallel compilation to reduce compilation time.
+-------------------------------------+
; Parallel Compilation                ;
+----------------------------+--------+
; Processors                 ; Number ;
+----------------------------+--------+
; Number detected on machine ; 4      ;
; Maximum allowed            ; 1      ;
+----------------------------+--------+


+------------------------------------------------------------------+
; tpd                                                              ;
+-------+-------------------+-----------------+---------+----------+
; Slack ; Required P2P Time ; Actual P2P Time ; From    ; To       ;
+-------+-------------------+-----------------+---------+----------+
; N/A   ; None              ; 12.615 ns       ; data[5] ; udata[5] ;
; N/A   ; None              ; 12.594 ns       ; data[7] ; udata[7] ;
; N/A   ; None              ; 12.585 ns       ; data[6] ; udata[6] ;
; N/A   ; None              ; 12.553 ns       ; data[4] ; udata[4] ;
; N/A   ; None              ; 12.244 ns       ; data[2] ; udata[2] ;
; N/A   ; None              ; 12.224 ns       ; data[3] ; udata[3] ;
; N/A   ; None              ; 11.863 ns       ; data[0] ; udata[0] ;
; N/A   ; None              ; 11.816 ns       ; data[1] ; udata[1] ;
+-------+-------------------+-----------------+---------+----------+


+--------------------------+
; Timing Analyzer Messages ;
+--------------------------+
Info: *******************************************************************
Info: Running Quartus II Classic Timing Analyzer
    Info: Version 9.0 Build 184 04/29/2009 Service Pack 1 SJ Web Edition
    Info: Processing started: Mon Oct 28 16:26:06 2019
Info: Command: quartus_tan --read_settings_files=off --write_settings_files=off dc0832 -c dc0832 --timing_analysis_only
Info: Longest tpd from source pin "data[5]" to destination pin "udata[5]" is 12.615 ns
    Info: 1: + IC(0.000 ns) + CELL(1.475 ns) = 1.475 ns; Loc. = PIN_119; Fanout = 1; PIN Node = 'data[5]'
    Info: 2: + IC(9.032 ns) + CELL(2.108 ns) = 12.615 ns; Loc. = PIN_214; Fanout = 0; PIN Node = 'udata[5]'
    Info: Total cell delay = 3.583 ns ( 28.40 % )
    Info: Total interconnect delay = 9.032 ns ( 71.60 % )
Info: Quartus II Classic Timing Analyzer was successful. 0 errors, 0 warnings
    Info: Peak virtual memory: 212 megabytes
    Info: Processing ended: Mon Oct 28 16:26:07 2019
    Info: Elapsed time: 00:00:01
    Info: Total CPU time (on all processors): 00:00:00


