Analysis & Synthesis report for H2256
Fri Nov 22 14:50:40 2019
Quartus II Version 9.0 Build 184 04/29/2009 Service Pack 1 SJ Web Edition


---------------------
; Table of Contents ;
---------------------
  1. Legal Notice
  2. Analysis & Synthesis Summary
  3. Analysis & Synthesis Settings
  4. Analysis & Synthesis Source Files Read
  5. Analysis & Synthesis Resource Usage Summary
  6. Analysis & Synthesis Resource Utilization by Entity
  7. User-Specified and Inferred Latches
  8. General Register Statistics
  9. Analysis & Synthesis Messages



----------------
; Legal Notice ;
----------------
Copyright (C) 1991-2009 Altera Corporation
Your use of Altera Corporation's design tools, logic functions 
and other software and tools, and its AMPP partner logic 
functions, and any output files from any of the foregoing 
(including device programming or simulation files), and any 
associated documentation or information are expressly subject 
to the terms and conditions of the Altera Program License 
Subscription Agreement, Altera MegaCore Function License 
Agreement, or other applicable license agreement, including, 
without limitation, that your use is for the sole purpose of 
programming logic devices manufactured by Altera and sold by 
Altera or its authorized distributors.  Please refer to the 
applicable agreement for further details.



+----------------------------------------------------------------------------+
; Analysis & Synthesis Summary                                               ;
+-----------------------------+----------------------------------------------+
; Analysis & Synthesis Status ; Successful - Fri Nov 22 14:50:40 2019        ;
; Quartus II Version          ; 9.0 Build 184 04/29/2009 SP 1 SJ Web Edition ;
; Revision Name               ; H2256                                        ;
; Top-level Entity Name       ; H2256                                        ;
; Family                      ; Cyclone                                      ;
; Total logic elements        ; 16                                           ;
; Total pins                  ; 45                                           ;
; Total virtual pins          ; 0                                            ;
; Total memory bits           ; 0                                            ;
; Total PLLs                  ; 0                                            ;
+-----------------------------+----------------------------------------------+


+--------------------------------------------------------------------------------------------------------+
; Analysis & Synthesis Settings                                                                          ;
+--------------------------------------------------------------+--------------------+--------------------+
; Option                                                       ; Setting            ; Default Value      ;
+--------------------------------------------------------------+--------------------+--------------------+
; Device                                                       ; EP1C6Q240C8        ;                    ;
; Top-level entity name                                        ; H2256              ; H2256              ;
; Family name                                                  ; Cyclone            ; Stratix II         ;
; Use Generated Physical Constraints File                      ; Off                ;                    ;
; Use smart compilation                                        ; Off                ; Off                ;
; Restructure Multiplexers                                     ; Auto               ; Auto               ;
; Create Debugging Nodes for IP Cores                          ; Off                ; Off                ;
; Preserve fewer node names                                    ; On                 ; On                 ;
; Disable OpenCore Plus hardware evaluation                    ; Off                ; Off                ;
; Verilog Version                                              ; Verilog_2001       ; Verilog_2001       ;
; VHDL Version                                                 ; VHDL93             ; VHDL93             ;
; State Machine Processing                                     ; Auto               ; Auto               ;
; Safe State Machine                                           ; Off                ; Off                ;
; Extract Verilog State Machines                               ; On                 ; On                 ;
; Extract VHDL State Machines                                  ; On                 ; On                 ;
; Ignore Verilog initial constructs                            ; Off                ; Off                ;
; Iteration limit for constant Verilog loops                   ; 5000               ; 5000               ;
; Iteration limit for non-constant Verilog loops               ; 250                ; 250                ;
; Add Pass-Through Logic to Inferred RAMs                      ; On                 ; On                 ;
; Parallel Synthesis                                           ; Off                ; Off                ;
; NOT Gate Push-Back                                           ; On                 ; On                 ;
; Power-Up Don't Care                                          ; On                 ; On                 ;
; Remove Redundant Logic Cells                                 ; Off                ; Off                ;
; Remove Duplicate Registers                                   ; On                 ; On                 ;
; Ignore CARRY Buffers                                         ; Off                ; Off                ;
; Ignore CASCADE Buffers                                       ; Off                ; Off                ;
; Ignore GLOBAL Buffers                                        ; Off                ; Off                ;
; Ignore ROW GLOBAL Buffers                                    ; Off                ; Off                ;
; Ignore LCELL Buffers                                         ; Off                ; Off                ;
; Ignore SOFT Buffers                                          ; On                 ; On                 ;
; Limit AHDL Integers to 32 Bits                               ; Off                ; Off                ;
; Optimization Technique                                       ; Balanced           ; Balanced           ;
; Carry Chain Length                                           ; 70                 ; 70                 ;
; Auto Carry Chains                                            ; On                 ; On                 ;
; Auto Open-Drain Pins                                         ; On                 ; On                 ;
; Perform WYSIWYG Primitive Resynthesis                        ; Off                ; Off                ;
; Auto ROM Replacement                                         ; On                 ; On                 ;
; Auto RAM Replacement                                         ; On                 ; On                 ;
; Auto Shift Register Replacement                              ; Auto               ; Auto               ;
; Auto Clock Enable Replacement                                ; On                 ; On                 ;
; Strict RAM Replacement                                       ; Off                ; Off                ;
; Allow Synchronous Control Signals                            ; On                 ; On                 ;
; Force Use of Synchronous Clear Signals                       ; Off                ; Off                ;
; Auto RAM Block Balancing                                     ; On                 ; On                 ;
; Auto RAM to Logic Cell Conversion                            ; Off                ; Off                ;
; Auto Resource Sharing                                        ; Off                ; Off                ;
; Allow Any RAM Size For Recognition                           ; Off                ; Off                ;
; Allow Any ROM Size For Recognition                           ; Off                ; Off                ;
; Allow Any Shift Register Size For Recognition                ; Off                ; Off                ;
; Use LogicLock Constraints during Resource Balancing          ; On                 ; On                 ;
; Ignore translate_off and synthesis_off directives            ; Off                ; Off                ;
; Show Parameter Settings Tables in Synthesis Report           ; On                 ; On                 ;
; Ignore Maximum Fan-Out Assignments                           ; Off                ; Off                ;
; Synchronization Register Chain Length                        ; 2                  ; 2                  ;
; PowerPlay Power Optimization                                 ; Normal compilation ; Normal compilation ;
; HDL message level                                            ; Level2             ; Level2             ;
; Suppress Register Optimization Related Messages              ; Off                ; Off                ;
; Number of Removed Registers Reported in Synthesis Report     ; 100                ; 100                ;
; Number of Inverted Registers Reported in Synthesis Report    ; 100                ; 100                ;
; Clock MUX Protection                                         ; On                 ; On                 ;
; Block Design Naming                                          ; Auto               ; Auto               ;
; Synthesis Effort                                             ; Auto               ; Auto               ;
; Shift Register Replacement - Allow Asynchronous Clear Signal ; On                 ; On                 ;
; Analysis & Synthesis Message Level                           ; Medium             ; Medium             ;
+--------------------------------------------------------------+--------------------+--------------------+


+-------------------------------------------------------------------------------------------------------------+
; Analysis & Synthesis Source Files Read                                                                      ;
+----------------------------------+-----------------+-----------------+--------------------------------------+
; File Name with User-Entered Path ; Used in Netlist ; File Type       ; File Name with Absolute Path         ;
+----------------------------------+-----------------+-----------------+--------------------------------------+
; H2256.vhd                        ; yes             ; User VHDL File  ; D:/quartas_workspace/H2256/H2256.vhd ;
+----------------------------------+-----------------+-----------------+--------------------------------------+


+-----------------------------------------------------+
; Analysis & Synthesis Resource Usage Summary         ;
+---------------------------------------------+-------+
; Resource                                    ; Usage ;
+---------------------------------------------+-------+
; Total logic elements                        ; 16    ;
;     -- Combinational with no register       ; 16    ;
;     -- Register only                        ; 0     ;
;     -- Combinational with a register        ; 0     ;
;                                             ;       ;
; Logic element usage by number of LUT inputs ;       ;
;     -- 4 input functions                    ; 0     ;
;     -- 3 input functions                    ; 16    ;
;     -- 2 input functions                    ; 0     ;
;     -- 1 input functions                    ; 0     ;
;     -- 0 input functions                    ; 0     ;
;                                             ;       ;
; Logic elements by mode                      ;       ;
;     -- normal mode                          ; 16    ;
;     -- arithmetic mode                      ; 0     ;
;     -- qfbk mode                            ; 0     ;
;     -- register cascade mode                ; 0     ;
;     -- synchronous clear/load mode          ; 0     ;
;     -- asynchronous clear/load mode         ; 0     ;
;                                             ;       ;
; Total registers                             ; 0     ;
; I/O pins                                    ; 45    ;
; Maximum fan-out node                        ; busE  ;
; Maximum fan-out                             ; 16    ;
; Total fan-out                               ; 74    ;
; Average fan-out                             ; 1.21  ;
+---------------------------------------------+-------+


+-----------------------------------------------------------------------------------------------------------------------------------------------------------------------------------------------------------------------+
; Analysis & Synthesis Resource Utilization by Entity                                                                                                                                                                   ;
+----------------------------+-------------+--------------+-------------+------+--------------+--------------+-------------------+------------------+-----------------+------------+---------------------+--------------+
; Compilation Hierarchy Node ; Logic Cells ; LC Registers ; Memory Bits ; Pins ; Virtual Pins ; LUT-Only LCs ; Register-Only LCs ; LUT/Register LCs ; Carry Chain LCs ; Packed LCs ; Full Hierarchy Name ; Library Name ;
+----------------------------+-------------+--------------+-------------+------+--------------+--------------+-------------------+------------------+-----------------+------------+---------------------+--------------+
; |H2256                     ; 16 (16)     ; 0            ; 0           ; 45   ; 0            ; 16 (16)      ; 0 (0)             ; 0 (0)            ; 0 (0)           ; 0 (0)      ; |H2256              ; work         ;
+----------------------------+-------------+--------------+-------------+------+--------------+--------------+-------------------+------------------+-----------------+------------+---------------------+--------------+
Note: For table entries with two numbers listed, the numbers in parentheses indicate the number of resources of the given type used by the specific entity alone. The numbers listed outside of parentheses indicate the total resources of the given type used by the specific entity and all of its sub-entities in the hierarchy.


+----------------------------------------------------------------------------------------------------+
; User-Specified and Inferred Latches                                                                ;
+-----------------------------------------------------+---------------------+------------------------+
; Latch Name                                          ; Latch Enable Signal ; Free of Timing Hazards ;
+-----------------------------------------------------+---------------------+------------------------+
; dout[0]$latch                                       ; busE                ; yes                    ;
; dout[1]$latch                                       ; busE                ; yes                    ;
; dout[2]$latch                                       ; busE                ; yes                    ;
; dout[3]$latch                                       ; busE                ; yes                    ;
; dout[4]$latch                                       ; busE                ; yes                    ;
; dout[5]$latch                                       ; busE                ; yes                    ;
; dout[6]$latch                                       ; busE                ; yes                    ;
; dout[7]$latch                                       ; busE                ; yes                    ;
; IOBus[0]$latch                                      ; busE                ; yes                    ;
; IOBus[1]$latch                                      ; busE                ; yes                    ;
; IOBus[2]$latch                                      ; busE                ; yes                    ;
; IOBus[3]$latch                                      ; busE                ; yes                    ;
; IOBus[4]$latch                                      ; busE                ; yes                    ;
; IOBus[5]$latch                                      ; busE                ; yes                    ;
; IOBus[6]$latch                                      ; busE                ; yes                    ;
; IOBus[7]$latch                                      ; busE                ; yes                    ;
; Number of user-specified and inferred latches = 16  ;                     ;                        ;
+-----------------------------------------------------+---------------------+------------------------+
Note: All latches listed above may not be present at the end of synthesis due to various synthesis optimizations.


+------------------------------------------------------+
; General Register Statistics                          ;
+----------------------------------------------+-------+
; Statistic                                    ; Value ;
+----------------------------------------------+-------+
; Total registers                              ; 0     ;
; Number of registers using Synchronous Clear  ; 0     ;
; Number of registers using Synchronous Load   ; 0     ;
; Number of registers using Asynchronous Clear ; 0     ;
; Number of registers using Asynchronous Load  ; 0     ;
; Number of registers using Clock Enable       ; 0     ;
; Number of registers using Preset             ; 0     ;
+----------------------------------------------+-------+


+-------------------------------+
; Analysis & Synthesis Messages ;
+-------------------------------+
Info: *******************************************************************
Info: Running Quartus II Analysis & Synthesis
    Info: Version 9.0 Build 184 04/29/2009 Service Pack 1 SJ Web Edition
    Info: Processing started: Fri Nov 22 14:50:36 2019
Info: Command: quartus_map --read_settings_files=on --write_settings_files=off H2256 -c H2256
Info: Found 2 design units, including 1 entities, in source file H2256.vhd
    Info: Found design unit 1: H2256-behav
    Info: Found entity 1: H2256
Info: Elaborating entity "H2256" for the top level hierarchy
Warning (10492): VHDL Process Statement warning at H2256.vhd(30): signal "din" is read inside the Process Statement but isn't in the Process Statement's sensitivity list
Warning (10492): VHDL Process Statement warning at H2256.vhd(31): signal "IOBus" is read inside the Process Statement but isn't in the Process Statement's sensitivity list
Warning (10631): VHDL Process Statement warning at H2256.vhd(28): inferring latch(es) for signal or variable "IOBus", which holds its previous value in one or more paths through the process
Warning (10631): VHDL Process Statement warning at H2256.vhd(28): inferring latch(es) for signal or variable "dout", which holds its previous value in one or more paths through the process
Info (10041): Inferred latch for "dout[0]" at H2256.vhd(28)
Info (10041): Inferred latch for "dout[1]" at H2256.vhd(28)
Info (10041): Inferred latch for "dout[2]" at H2256.vhd(28)
Info (10041): Inferred latch for "dout[3]" at H2256.vhd(28)
Info (10041): Inferred latch for "dout[4]" at H2256.vhd(28)
Info (10041): Inferred latch for "dout[5]" at H2256.vhd(28)
Info (10041): Inferred latch for "dout[6]" at H2256.vhd(28)
Info (10041): Inferred latch for "dout[7]" at H2256.vhd(28)
Info (10041): Inferred latch for "IOBus[0]" at H2256.vhd(28)
Info (10041): Inferred latch for "IOBus[1]" at H2256.vhd(28)
Info (10041): Inferred latch for "IOBus[2]" at H2256.vhd(28)
Info (10041): Inferred latch for "IOBus[3]" at H2256.vhd(28)
Info (10041): Inferred latch for "IOBus[4]" at H2256.vhd(28)
Info (10041): Inferred latch for "IOBus[5]" at H2256.vhd(28)
Info (10041): Inferred latch for "IOBus[6]" at H2256.vhd(28)
Info (10041): Inferred latch for "IOBus[7]" at H2256.vhd(28)
Warning: The following nodes have both tri-state and non-tri-state drivers
    Warning: Inserted always-enabled tri-state buffer between "IOBus[0]" and its non-tri-state driver.
    Warning: Inserted always-enabled tri-state buffer between "IOBus[1]" and its non-tri-state driver.
    Warning: Inserted always-enabled tri-state buffer between "IOBus[2]" and its non-tri-state driver.
    Warning: Inserted always-enabled tri-state buffer between "IOBus[3]" and its non-tri-state driver.
    Warning: Inserted always-enabled tri-state buffer between "IOBus[4]" and its non-tri-state driver.
    Warning: Inserted always-enabled tri-state buffer between "IOBus[5]" and its non-tri-state driver.
    Warning: Inserted always-enabled tri-state buffer between "IOBus[6]" and its non-tri-state driver.
    Warning: Inserted always-enabled tri-state buffer between "IOBus[7]" and its non-tri-state driver.
Info: One or more bidirs are fed by always enabled tri-state buffers
    Info: Fan-out of permanently enabled tri-state buffer feeding bidir "IOBus[0]" is moved to its source
    Info: Fan-out of permanently enabled tri-state buffer feeding bidir "IOBus[1]" is moved to its source
    Info: Fan-out of permanently enabled tri-state buffer feeding bidir "IOBus[2]" is moved to its source
    Info: Fan-out of permanently enabled tri-state buffer feeding bidir "IOBus[3]" is moved to its source
    Info: Fan-out of permanently enabled tri-state buffer feeding bidir "IOBus[4]" is moved to its source
    Info: Fan-out of permanently enabled tri-state buffer feeding bidir "IOBus[5]" is moved to its source
    Info: Fan-out of permanently enabled tri-state buffer feeding bidir "IOBus[6]" is moved to its source
    Info: Fan-out of permanently enabled tri-state buffer feeding bidir "IOBus[7]" is moved to its source
Warning: TRI or OPNDRN buffers permanently enabled
    Warning: Node "IOBus[0]~synth"
    Warning: Node "IOBus[1]~synth"
    Warning: Node "IOBus[2]~synth"
    Warning: Node "IOBus[3]~synth"
    Warning: Node "IOBus[4]~synth"
    Warning: Node "IOBus[5]~synth"
    Warning: Node "IOBus[6]~synth"
    Warning: Node "IOBus[7]~synth"
Warning: Output pins are stuck at VCC or GND
    Warning (13410): Pin "CSc" is stuck at GND
Info: Implemented 61 device resources after synthesis - the final resource count might be different
    Info: Implemented 18 input pins
    Info: Implemented 19 output pins
    Info: Implemented 8 bidirectional pins
    Info: Implemented 16 logic cells
Info: Quartus II Analysis & Synthesis was successful. 0 errors, 24 warnings
    Info: Peak virtual memory: 248 megabytes
    Info: Processing ended: Fri Nov 22 14:50:40 2019
    Info: Elapsed time: 00:00:04
    Info: Total CPU time (on all processors): 00:00:02


