Classic Timing Analyzer report for decoder3_8
Tue Oct 22 19:26:03 2019
Quartus II Version 9.0 Build 184 04/29/2009 Service Pack 1 SJ Web Edition


---------------------
; Table of Contents ;
---------------------
  1. Legal Notice
  2. Timing Analyzer Summary
  3. Timing Analyzer Settings
  4. Parallel Compilation
  5. tpd
  6. Timing Analyzer Messages



----------------
; Legal Notice ;
----------------
Copyright (C) 1991-2009 Altera Corporation
Your use of Altera Corporation's design tools, logic functions 
and other software and tools, and its AMPP partner logic 
functions, and any output files from any of the foregoing 
(including device programming or simulation files), and any 
associated documentation or information are expressly subject 
to the terms and conditions of the Altera Program License 
Subscription Agreement, Altera MegaCore Function License 
Agreement, or other applicable license agreement, including, 
without limitation, that your use is for the sole purpose of 
programming logic devices manufactured by Altera and sold by 
Altera or its authorized distributors.  Please refer to the 
applicable agreement for further details.



+-----------------------------------------------------------------------------------------------------------------------+
; Timing Analyzer Summary                                                                                               ;
+------------------------------+-------+---------------+-------------+------+----+------------+----------+--------------+
; Type                         ; Slack ; Required Time ; Actual Time ; From ; To ; From Clock ; To Clock ; Failed Paths ;
+------------------------------+-------+---------------+-------------+------+----+------------+----------+--------------+
; Worst-case tpd               ; N/A   ; None          ; 6.841 ns    ; A1   ; D2 ; --         ; --       ; 0            ;
; Total number of failed paths ;       ;               ;             ;      ;    ;            ;          ; 0            ;
+------------------------------+-------+---------------+-------------+------+----+------------+----------+--------------+


+--------------------------------------------------------------------------------------------------------------------+
; Timing Analyzer Settings                                                                                           ;
+---------------------------------------------------------------------+--------------------+------+----+-------------+
; Option                                                              ; Setting            ; From ; To ; Entity Name ;
+---------------------------------------------------------------------+--------------------+------+----+-------------+
; Device Name                                                         ; EP2C5T144C8        ;      ;    ;             ;
; Timing Models                                                       ; Final              ;      ;    ;             ;
; Default hold multicycle                                             ; Same as Multicycle ;      ;    ;             ;
; Cut paths between unrelated clock domains                           ; On                 ;      ;    ;             ;
; Cut off read during write signal paths                              ; On                 ;      ;    ;             ;
; Cut off feedback from I/O pins                                      ; On                 ;      ;    ;             ;
; Report Combined Fast/Slow Timing                                    ; Off                ;      ;    ;             ;
; Ignore Clock Settings                                               ; Off                ;      ;    ;             ;
; Analyze latches as synchronous elements                             ; On                 ;      ;    ;             ;
; Enable Recovery/Removal analysis                                    ; Off                ;      ;    ;             ;
; Enable Clock Latency                                                ; Off                ;      ;    ;             ;
; Use TimeQuest Timing Analyzer                                       ; Off                ;      ;    ;             ;
; Minimum Core Junction Temperature                                   ; 0                  ;      ;    ;             ;
; Maximum Core Junction Temperature                                   ; 85                 ;      ;    ;             ;
; Number of source nodes to report per destination node               ; 10                 ;      ;    ;             ;
; Number of destination nodes to report                               ; 10                 ;      ;    ;             ;
; Number of paths to report                                           ; 200                ;      ;    ;             ;
; Report Minimum Timing Checks                                        ; Off                ;      ;    ;             ;
; Use Fast Timing Models                                              ; Off                ;      ;    ;             ;
; Report IO Paths Separately                                          ; Off                ;      ;    ;             ;
; Perform Multicorner Analysis                                        ; On                 ;      ;    ;             ;
; Reports the worst-case path for each clock domain and analysis      ; Off                ;      ;    ;             ;
; Removes common clock path pessimism (CCPP) during slack computation ; Off                ;      ;    ;             ;
; Output I/O Timing Endpoint                                          ; Near End           ;      ;    ;             ;
+---------------------------------------------------------------------+--------------------+------+----+-------------+


Parallel compilation was disabled, but you have multiple processors available. Enable parallel compilation to reduce compilation time.
+-------------------------------------+
; Parallel Compilation                ;
+----------------------------+--------+
; Processors                 ; Number ;
+----------------------------+--------+
; Number detected on machine ; 4      ;
; Maximum allowed            ; 1      ;
+----------------------------+--------+


+---------------------------------------------------------+
; tpd                                                     ;
+-------+-------------------+-----------------+------+----+
; Slack ; Required P2P Time ; Actual P2P Time ; From ; To ;
+-------+-------------------+-----------------+------+----+
; N/A   ; None              ; 6.841 ns        ; A1   ; D2 ;
; N/A   ; None              ; 6.817 ns        ; A1   ; D7 ;
; N/A   ; None              ; 6.809 ns        ; A1   ; D5 ;
; N/A   ; None              ; 6.808 ns        ; A1   ; D3 ;
; N/A   ; None              ; 6.793 ns        ; A1   ; D1 ;
; N/A   ; None              ; 6.642 ns        ; A2   ; D5 ;
; N/A   ; None              ; 6.626 ns        ; A2   ; D1 ;
; N/A   ; None              ; 6.535 ns        ; A2   ; D7 ;
; N/A   ; None              ; 6.533 ns        ; A2   ; D3 ;
; N/A   ; None              ; 6.531 ns        ; A1   ; D6 ;
; N/A   ; None              ; 6.523 ns        ; A2   ; D2 ;
; N/A   ; None              ; 6.502 ns        ; A0   ; D5 ;
; N/A   ; None              ; 6.486 ns        ; A0   ; D1 ;
; N/A   ; None              ; 6.421 ns        ; A1   ; D0 ;
; N/A   ; None              ; 6.414 ns        ; A1   ; D4 ;
; N/A   ; None              ; 6.392 ns        ; A0   ; D7 ;
; N/A   ; None              ; 6.384 ns        ; A0   ; D3 ;
; N/A   ; None              ; 6.382 ns        ; A0   ; D2 ;
; N/A   ; None              ; 6.212 ns        ; A2   ; D6 ;
; N/A   ; None              ; 6.208 ns        ; A2   ; D4 ;
; N/A   ; None              ; 6.056 ns        ; A0   ; D6 ;
; N/A   ; None              ; 6.052 ns        ; A0   ; D4 ;
; N/A   ; None              ; 6.051 ns        ; A2   ; D0 ;
; N/A   ; None              ; 5.950 ns        ; A0   ; D0 ;
+-------+-------------------+-----------------+------+----+


+--------------------------+
; Timing Analyzer Messages ;
+--------------------------+
Info: *******************************************************************
Info: Running Quartus II Classic Timing Analyzer
    Info: Version 9.0 Build 184 04/29/2009 Service Pack 1 SJ Web Edition
    Info: Processing started: Tue Oct 22 19:26:03 2019
Info: Command: quartus_tan --read_settings_files=off --write_settings_files=off decoder3_8 -c decoder3_8 --timing_analysis_only
Info: Longest tpd from source pin "A1" to destination pin "D2" is 6.841 ns
    Info: 1: + IC(0.000 ns) + CELL(1.100 ns) = 1.100 ns; Loc. = PIN_17; Fanout = 8; PIN Node = 'A1'
    Info: 2: + IC(0.671 ns) + CELL(0.647 ns) = 2.418 ns; Loc. = LCCOMB_X1_Y6_N6; Fanout = 1; COMB Node = 'inst9~0'
    Info: 3: + IC(1.367 ns) + CELL(3.056 ns) = 6.841 ns; Loc. = PIN_7; Fanout = 0; PIN Node = 'D2'
    Info: Total cell delay = 4.803 ns ( 70.21 % )
    Info: Total interconnect delay = 2.038 ns ( 29.79 % )
Info: Quartus II Classic Timing Analyzer was successful. 0 errors, 0 warnings
    Info: Peak virtual memory: 214 megabytes
    Info: Processing ended: Tue Oct 22 19:26:03 2019
    Info: Elapsed time: 00:00:00
    Info: Total CPU time (on all processors): 00:00:00


