Analysis & Synthesis report for FIFO_cnt
Mon Nov 25 15:58:46 2019
Quartus II Version 9.0 Build 184 04/29/2009 Service Pack 1 SJ Web Edition


---------------------
; Table of Contents ;
---------------------
  1. Legal Notice
  2. Analysis & Synthesis Summary
  3. Analysis & Synthesis Settings
  4. Analysis & Synthesis Messages



----------------
; Legal Notice ;
----------------
Copyright (C) 1991-2009 Altera Corporation
Your use of Altera Corporation's design tools, logic functions 
and other software and tools, and its AMPP partner logic 
functions, and any output files from any of the foregoing 
(including device programming or simulation files), and any 
associated documentation or information are expressly subject 
to the terms and conditions of the Altera Program License 
Subscription Agreement, Altera MegaCore Function License 
Agreement, or other applicable license agreement, including, 
without limitation, that your use is for the sole purpose of 
programming logic devices manufactured by Altera and sold by 
Altera or its authorized distributors.  Please refer to the 
applicable agreement for further details.



+----------------------------------------------------------------------------+
; Analysis & Synthesis Summary                                               ;
+-----------------------------+----------------------------------------------+
; Analysis & Synthesis Status ; Failed - Mon Nov 25 15:58:46 2019            ;
; Quartus II Version          ; 9.0 Build 184 04/29/2009 SP 1 SJ Web Edition ;
; Revision Name               ; FIFO_cnt                                     ;
; Top-level Entity Name       ; FIFO_cnt                                     ;
; Family                      ; Cyclone                                      ;
; Total logic elements        ; N/A until Partition Merge                    ;
; Total pins                  ; N/A until Partition Merge                    ;
; Total virtual pins          ; N/A until Partition Merge                    ;
; Total memory bits           ; N/A until Partition Merge                    ;
; Total PLLs                  ; N/A until Partition Merge                    ;
+-----------------------------+----------------------------------------------+


+--------------------------------------------------------------------------------------------------------+
; Analysis & Synthesis Settings                                                                          ;
+--------------------------------------------------------------+--------------------+--------------------+
; Option                                                       ; Setting            ; Default Value      ;
+--------------------------------------------------------------+--------------------+--------------------+
; Device                                                       ; EP1C6Q240C8        ;                    ;
; Top-level entity name                                        ; FIFO_cnt           ; FIFO_cnt           ;
; Family name                                                  ; Cyclone            ; Stratix II         ;
; Use Generated Physical Constraints File                      ; Off                ;                    ;
; Use smart compilation                                        ; Off                ; Off                ;
; Restructure Multiplexers                                     ; Auto               ; Auto               ;
; Create Debugging Nodes for IP Cores                          ; Off                ; Off                ;
; Preserve fewer node names                                    ; On                 ; On                 ;
; Disable OpenCore Plus hardware evaluation                    ; Off                ; Off                ;
; Verilog Version                                              ; Verilog_2001       ; Verilog_2001       ;
; VHDL Version                                                 ; VHDL93             ; VHDL93             ;
; State Machine Processing                                     ; Auto               ; Auto               ;
; Safe State Machine                                           ; Off                ; Off                ;
; Extract Verilog State Machines                               ; On                 ; On                 ;
; Extract VHDL State Machines                                  ; On                 ; On                 ;
; Ignore Verilog initial constructs                            ; Off                ; Off                ;
; Iteration limit for constant Verilog loops                   ; 5000               ; 5000               ;
; Iteration limit for non-constant Verilog loops               ; 250                ; 250                ;
; Add Pass-Through Logic to Inferred RAMs                      ; On                 ; On                 ;
; Parallel Synthesis                                           ; Off                ; Off                ;
; NOT Gate Push-Back                                           ; On                 ; On                 ;
; Power-Up Don't Care                                          ; On                 ; On                 ;
; Remove Redundant Logic Cells                                 ; Off                ; Off                ;
; Remove Duplicate Registers                                   ; On                 ; On                 ;
; Ignore CARRY Buffers                                         ; Off                ; Off                ;
; Ignore CASCADE Buffers                                       ; Off                ; Off                ;
; Ignore GLOBAL Buffers                                        ; Off                ; Off                ;
; Ignore ROW GLOBAL Buffers                                    ; Off                ; Off                ;
; Ignore LCELL Buffers                                         ; Off                ; Off                ;
; Ignore SOFT Buffers                                          ; On                 ; On                 ;
; Limit AHDL Integers to 32 Bits                               ; Off                ; Off                ;
; Optimization Technique                                       ; Balanced           ; Balanced           ;
; Carry Chain Length                                           ; 70                 ; 70                 ;
; Auto Carry Chains                                            ; On                 ; On                 ;
; Auto Open-Drain Pins                                         ; On                 ; On                 ;
; Perform WYSIWYG Primitive Resynthesis                        ; Off                ; Off                ;
; Auto ROM Replacement                                         ; On                 ; On                 ;
; Auto RAM Replacement                                         ; On                 ; On                 ;
; Auto Shift Register Replacement                              ; Auto               ; Auto               ;
; Auto Clock Enable Replacement                                ; On                 ; On                 ;
; Strict RAM Replacement                                       ; Off                ; Off                ;
; Allow Synchronous Control Signals                            ; On                 ; On                 ;
; Force Use of Synchronous Clear Signals                       ; Off                ; Off                ;
; Auto RAM Block Balancing                                     ; On                 ; On                 ;
; Auto RAM to Logic Cell Conversion                            ; Off                ; Off                ;
; Auto Resource Sharing                                        ; Off                ; Off                ;
; Allow Any RAM Size For Recognition                           ; Off                ; Off                ;
; Allow Any ROM Size For Recognition                           ; Off                ; Off                ;
; Allow Any Shift Register Size For Recognition                ; Off                ; Off                ;
; Use LogicLock Constraints during Resource Balancing          ; On                 ; On                 ;
; Ignore translate_off and synthesis_off directives            ; Off                ; Off                ;
; Show Parameter Settings Tables in Synthesis Report           ; On                 ; On                 ;
; Ignore Maximum Fan-Out Assignments                           ; Off                ; Off                ;
; Synchronization Register Chain Length                        ; 2                  ; 2                  ;
; PowerPlay Power Optimization                                 ; Normal compilation ; Normal compilation ;
; HDL message level                                            ; Level2             ; Level2             ;
; Suppress Register Optimization Related Messages              ; Off                ; Off                ;
; Number of Removed Registers Reported in Synthesis Report     ; 100                ; 100                ;
; Number of Inverted Registers Reported in Synthesis Report    ; 100                ; 100                ;
; Clock MUX Protection                                         ; On                 ; On                 ;
; Block Design Naming                                          ; Auto               ; Auto               ;
; Synthesis Effort                                             ; Auto               ; Auto               ;
; Shift Register Replacement - Allow Asynchronous Clear Signal ; On                 ; On                 ;
; Analysis & Synthesis Message Level                           ; Medium             ; Medium             ;
+--------------------------------------------------------------+--------------------+--------------------+


+-------------------------------+
; Analysis & Synthesis Messages ;
+-------------------------------+
Info: *******************************************************************
Info: Running Quartus II Analysis & Synthesis
    Info: Version 9.0 Build 184 04/29/2009 Service Pack 1 SJ Web Edition
    Info: Processing started: Mon Nov 25 15:58:45 2019
Info: Command: quartus_map --read_settings_files=on --write_settings_files=off FIFO_cnt -c FIFO_cnt
Error (10500): VHDL syntax error at FIFO_cnt.vhd(26) near text "if";  expecting "end", or "(", or an identifier ("if" is a reserved keyword), or a concurrent statement File: D:/quartas_workspace/FIFO_cnt/FIFO_cnt.vhd Line: 26
Error (10500): VHDL syntax error at FIFO_cnt.vhd(26) near text "then";  expecting "(", or "'", or "." File: D:/quartas_workspace/FIFO_cnt/FIFO_cnt.vhd Line: 26
Error (10500): VHDL syntax error at FIFO_cnt.vhd(27) near text "then";  expecting "<=" File: D:/quartas_workspace/FIFO_cnt/FIFO_cnt.vhd Line: 27
Error (10500): VHDL syntax error at FIFO_cnt.vhd(31) near text "else";  expecting "end", or "(", or an identifier ("else" is a reserved keyword), or a concurrent statement File: D:/quartas_workspace/FIFO_cnt/FIFO_cnt.vhd Line: 31
Error (10500): VHDL syntax error at FIFO_cnt.vhd(35) near text "then";  expecting "<=" File: D:/quartas_workspace/FIFO_cnt/FIFO_cnt.vhd Line: 35
Error (10500): VHDL syntax error at FIFO_cnt.vhd(38) near text "if";  expecting "end", or "(", or an identifier ("if" is a reserved keyword), or a concurrent statement File: D:/quartas_workspace/FIFO_cnt/FIFO_cnt.vhd Line: 38
Error (10500): VHDL syntax error at FIFO_cnt.vhd(38) near text "then";  expecting "<=" File: D:/quartas_workspace/FIFO_cnt/FIFO_cnt.vhd Line: 38
Error (10500): VHDL syntax error at FIFO_cnt.vhd(39) near text "else";  expecting "end", or "(", or an identifier ("else" is a reserved keyword), or a concurrent statement File: D:/quartas_workspace/FIFO_cnt/FIFO_cnt.vhd Line: 39
Error (10500): VHDL syntax error at FIFO_cnt.vhd(40) near text "if";  expecting ";", or an identifier ("if" is a reserved keyword), or "architecture" File: D:/quartas_workspace/FIFO_cnt/FIFO_cnt.vhd Line: 40
Error (10500): VHDL syntax error at FIFO_cnt.vhd(45) near text "then";  expecting "<=" File: D:/quartas_workspace/FIFO_cnt/FIFO_cnt.vhd Line: 45
Error (10500): VHDL syntax error at FIFO_cnt.vhd(46) near text "then";  expecting "<=" File: D:/quartas_workspace/FIFO_cnt/FIFO_cnt.vhd Line: 46
Error (10500): VHDL syntax error at FIFO_cnt.vhd(49) near text "if";  expecting "end", or "(", or an identifier ("if" is a reserved keyword), or a concurrent statement File: D:/quartas_workspace/FIFO_cnt/FIFO_cnt.vhd Line: 49
Error (10500): VHDL syntax error at FIFO_cnt.vhd(49) near text "then";  expecting "<=" File: D:/quartas_workspace/FIFO_cnt/FIFO_cnt.vhd Line: 49
Error (10500): VHDL syntax error at FIFO_cnt.vhd(50) near text "else";  expecting "end", or "(", or an identifier ("else" is a reserved keyword), or a concurrent statement File: D:/quartas_workspace/FIFO_cnt/FIFO_cnt.vhd Line: 50
Error (10500): VHDL syntax error at FIFO_cnt.vhd(51) near text "if";  expecting ";", or an identifier ("if" is a reserved keyword), or "architecture" File: D:/quartas_workspace/FIFO_cnt/FIFO_cnt.vhd Line: 51
Info: Found 0 design units, including 0 entities, in source file FIFO_cnt.vhd
Error: Quartus II Analysis & Synthesis was unsuccessful. 15 errors, 0 warnings
    Error: Peak virtual memory: 245 megabytes
    Error: Processing ended: Mon Nov 25 15:58:46 2019
    Error: Elapsed time: 00:00:01
    Error: Total CPU time (on all processors): 00:00:01


