Classic Timing Analyzer report for FIFO_REG
Fri Nov 22 19:44:21 2019
Quartus II Version 9.0 Build 184 04/29/2009 Service Pack 1 SJ Web Edition


---------------------
; Table of Contents ;
---------------------
  1. Legal Notice
  2. Timing Analyzer Summary
  3. Timing Analyzer Settings
  4. Clock Settings Summary
  5. Parallel Compilation
  6. Clock Setup: 'clk'
  7. tsu
  8. tco
  9. th
 10. Timing Analyzer Messages



----------------
; Legal Notice ;
----------------
Copyright (C) 1991-2009 Altera Corporation
Your use of Altera Corporation's design tools, logic functions 
and other software and tools, and its AMPP partner logic 
functions, and any output files from any of the foregoing 
(including device programming or simulation files), and any 
associated documentation or information are expressly subject 
to the terms and conditions of the Altera Program License 
Subscription Agreement, Altera MegaCore Function License 
Agreement, or other applicable license agreement, including, 
without limitation, that your use is for the sole purpose of 
programming logic devices manufactured by Altera and sold by 
Altera or its authorized distributors.  Please refer to the 
applicable agreement for further details.



+---------------------------------------------------------------------------------------------------------------------------------------------------------+
; Timing Analyzer Summary                                                                                                                                 ;
+------------------------------+-------+---------------+----------------------------------+-------------+----------+------------+----------+--------------+
; Type                         ; Slack ; Required Time ; Actual Time                      ; From        ; To       ; From Clock ; To Clock ; Failed Paths ;
+------------------------------+-------+---------------+----------------------------------+-------------+----------+------------+----------+--------------+
; Worst-case tsu               ; N/A   ; None          ; 8.367 ns                         ; in_WE       ; Queue~19 ; --         ; clk      ; 0            ;
; Worst-case tco               ; N/A   ; None          ; 9.460 ns                         ; Qsize[2]    ; o_empty  ; clk        ; --       ; 0            ;
; Worst-case th                ; N/A   ; None          ; 0.061 ns                         ; in_WData[3] ; Queue~23 ; --         ; clk      ; 0            ;
; Clock Setup: 'clk'           ; N/A   ; None          ; 224.82 MHz ( period = 4.448 ns ) ; Qsize[3]    ; Queue~19 ; clk        ; clk      ; 0            ;
; Total number of failed paths ;       ;               ;                                  ;             ;          ;            ;          ; 0            ;
+------------------------------+-------+---------------+----------------------------------+-------------+----------+------------+----------+--------------+


+--------------------------------------------------------------------------------------------------------------------+
; Timing Analyzer Settings                                                                                           ;
+---------------------------------------------------------------------+--------------------+------+----+-------------+
; Option                                                              ; Setting            ; From ; To ; Entity Name ;
+---------------------------------------------------------------------+--------------------+------+----+-------------+
; Device Name                                                         ; EP2C5F256C8        ;      ;    ;             ;
; Timing Models                                                       ; Final              ;      ;    ;             ;
; Default hold multicycle                                             ; Same as Multicycle ;      ;    ;             ;
; Cut paths between unrelated clock domains                           ; On                 ;      ;    ;             ;
; Cut off read during write signal paths                              ; On                 ;      ;    ;             ;
; Cut off feedback from I/O pins                                      ; On                 ;      ;    ;             ;
; Report Combined Fast/Slow Timing                                    ; Off                ;      ;    ;             ;
; Ignore Clock Settings                                               ; Off                ;      ;    ;             ;
; Analyze latches as synchronous elements                             ; On                 ;      ;    ;             ;
; Enable Recovery/Removal analysis                                    ; Off                ;      ;    ;             ;
; Enable Clock Latency                                                ; Off                ;      ;    ;             ;
; Use TimeQuest Timing Analyzer                                       ; Off                ;      ;    ;             ;
; Minimum Core Junction Temperature                                   ; 0                  ;      ;    ;             ;
; Maximum Core Junction Temperature                                   ; 85                 ;      ;    ;             ;
; Number of source nodes to report per destination node               ; 10                 ;      ;    ;             ;
; Number of destination nodes to report                               ; 10                 ;      ;    ;             ;
; Number of paths to report                                           ; 200                ;      ;    ;             ;
; Report Minimum Timing Checks                                        ; Off                ;      ;    ;             ;
; Use Fast Timing Models                                              ; Off                ;      ;    ;             ;
; Report IO Paths Separately                                          ; Off                ;      ;    ;             ;
; Perform Multicorner Analysis                                        ; On                 ;      ;    ;             ;
; Reports the worst-case path for each clock domain and analysis      ; Off                ;      ;    ;             ;
; Removes common clock path pessimism (CCPP) during slack computation ; Off                ;      ;    ;             ;
; Output I/O Timing Endpoint                                          ; Near End           ;      ;    ;             ;
+---------------------------------------------------------------------+--------------------+------+----+-------------+


+------------------------------------------------------------------------------------------------------------------------------------------------------------------------------------+
; Clock Settings Summary                                                                                                                                                             ;
+-----------------+--------------------+----------+------------------+---------------+--------------+----------+-----------------------+---------------------+--------+--------------+
; Clock Node Name ; Clock Setting Name ; Type     ; Fmax Requirement ; Early Latency ; Late Latency ; Based on ; Multiply Base Fmax by ; Divide Base Fmax by ; Offset ; Phase offset ;
+-----------------+--------------------+----------+------------------+---------------+--------------+----------+-----------------------+---------------------+--------+--------------+
; clk             ;                    ; User Pin ; None             ; 0.000 ns      ; 0.000 ns     ; --       ; N/A                   ; N/A                 ; N/A    ;              ;
+-----------------+--------------------+----------+------------------+---------------+--------------+----------+-----------------------+---------------------+--------+--------------+


Parallel compilation was disabled, but you have multiple processors available. Enable parallel compilation to reduce compilation time.
+-------------------------------------+
; Parallel Compilation                ;
+----------------------------+--------+
; Processors                 ; Number ;
+----------------------------+--------+
; Number detected on machine ; 4      ;
; Maximum allowed            ; 1      ;
+----------------------------+--------+


+----------------------------------------------------------------------------------------------------------------------------------------------------------------------------------------------------+
; Clock Setup: 'clk'                                                                                                                                                                                 ;
+-------+------------------------------------------------+-------------+-----------------+------------+----------+-----------------------------+---------------------------+-------------------------+
; Slack ; Actual fmax (period)                           ; From        ; To              ; From Clock ; To Clock ; Required Setup Relationship ; Required Longest P2P Time ; Actual Longest P2P Time ;
+-------+------------------------------------------------+-------------+-----------------+------------+----------+-----------------------------+---------------------------+-------------------------+
; N/A   ; 224.82 MHz ( period = 4.448 ns )               ; Qsize[3]    ; Queue~16        ; clk        ; clk      ; None                        ; None                      ; 4.186 ns                ;
; N/A   ; 224.82 MHz ( period = 4.448 ns )               ; Qsize[3]    ; Queue~17        ; clk        ; clk      ; None                        ; None                      ; 4.186 ns                ;
; N/A   ; 224.82 MHz ( period = 4.448 ns )               ; Qsize[3]    ; Queue~18        ; clk        ; clk      ; None                        ; None                      ; 4.186 ns                ;
; N/A   ; 224.82 MHz ( period = 4.448 ns )               ; Qsize[3]    ; Queue~19        ; clk        ; clk      ; None                        ; None                      ; 4.186 ns                ;
; N/A   ; 225.02 MHz ( period = 4.444 ns )               ; Qsize[3]    ; Queue~20        ; clk        ; clk      ; None                        ; None                      ; 4.182 ns                ;
; N/A   ; 225.02 MHz ( period = 4.444 ns )               ; Qsize[3]    ; Queue~21        ; clk        ; clk      ; None                        ; None                      ; 4.182 ns                ;
; N/A   ; 225.02 MHz ( period = 4.444 ns )               ; Qsize[3]    ; Queue~22        ; clk        ; clk      ; None                        ; None                      ; 4.182 ns                ;
; N/A   ; 225.02 MHz ( period = 4.444 ns )               ; Qsize[3]    ; Queue~23        ; clk        ; clk      ; None                        ; None                      ; 4.182 ns                ;
; N/A   ; 230.73 MHz ( period = 4.334 ns )               ; rd_index[0] ; o_RData[3]~reg0 ; clk        ; clk      ; None                        ; None                      ; 4.067 ns                ;
; N/A   ; 237.81 MHz ( period = 4.205 ns )               ; rd_index[1] ; o_RData[2]~reg0 ; clk        ; clk      ; None                        ; None                      ; 3.938 ns                ;
; N/A   ; 241.90 MHz ( period = 4.134 ns )               ; Qsize[3]    ; Qsize[2]        ; clk        ; clk      ; None                        ; None                      ; 3.870 ns                ;
; N/A   ; 241.90 MHz ( period = 4.134 ns )               ; Qsize[3]    ; Qsize[3]        ; clk        ; clk      ; None                        ; None                      ; 3.870 ns                ;
; N/A   ; 241.90 MHz ( period = 4.134 ns )               ; Qsize[3]    ; Qsize[1]        ; clk        ; clk      ; None                        ; None                      ; 3.870 ns                ;
; N/A   ; 242.31 MHz ( period = 4.127 ns )               ; rd_index[0] ; o_RData[1]~reg0 ; clk        ; clk      ; None                        ; None                      ; 3.860 ns                ;
; N/A   ; 242.78 MHz ( period = 4.119 ns )               ; rd_index[0] ; o_RData[2]~reg0 ; clk        ; clk      ; None                        ; None                      ; 3.852 ns                ;
; N/A   ; 242.95 MHz ( period = 4.116 ns )               ; Queue~18    ; o_RData[2]~reg0 ; clk        ; clk      ; None                        ; None                      ; 3.847 ns                ;
; N/A   ; 243.61 MHz ( period = 4.105 ns )               ; Qsize[2]    ; Queue~16        ; clk        ; clk      ; None                        ; None                      ; 3.843 ns                ;
; N/A   ; 243.61 MHz ( period = 4.105 ns )               ; Qsize[2]    ; Queue~17        ; clk        ; clk      ; None                        ; None                      ; 3.843 ns                ;
; N/A   ; 243.61 MHz ( period = 4.105 ns )               ; Qsize[2]    ; Queue~18        ; clk        ; clk      ; None                        ; None                      ; 3.843 ns                ;
; N/A   ; 243.61 MHz ( period = 4.105 ns )               ; Qsize[2]    ; Queue~19        ; clk        ; clk      ; None                        ; None                      ; 3.843 ns                ;
; N/A   ; 243.84 MHz ( period = 4.101 ns )               ; Qsize[2]    ; Queue~20        ; clk        ; clk      ; None                        ; None                      ; 3.839 ns                ;
; N/A   ; 243.84 MHz ( period = 4.101 ns )               ; Qsize[2]    ; Queue~21        ; clk        ; clk      ; None                        ; None                      ; 3.839 ns                ;
; N/A   ; 243.84 MHz ( period = 4.101 ns )               ; Qsize[2]    ; Queue~22        ; clk        ; clk      ; None                        ; None                      ; 3.839 ns                ;
; N/A   ; 243.84 MHz ( period = 4.101 ns )               ; Qsize[2]    ; Queue~23        ; clk        ; clk      ; None                        ; None                      ; 3.839 ns                ;
; N/A   ; 247.34 MHz ( period = 4.043 ns )               ; Qsize[3]    ; wr_index[1]     ; clk        ; clk      ; None                        ; None                      ; 3.772 ns                ;
; N/A   ; 247.34 MHz ( period = 4.043 ns )               ; Qsize[3]    ; wr_index[0]     ; clk        ; clk      ; None                        ; None                      ; 3.772 ns                ;
; N/A   ; 247.89 MHz ( period = 4.034 ns )               ; wr_index[0] ; Queue~16        ; clk        ; clk      ; None                        ; None                      ; 3.779 ns                ;
; N/A   ; 247.89 MHz ( period = 4.034 ns )               ; wr_index[0] ; Queue~17        ; clk        ; clk      ; None                        ; None                      ; 3.779 ns                ;
; N/A   ; 247.89 MHz ( period = 4.034 ns )               ; wr_index[0] ; Queue~18        ; clk        ; clk      ; None                        ; None                      ; 3.779 ns                ;
; N/A   ; 247.89 MHz ( period = 4.034 ns )               ; wr_index[0] ; Queue~19        ; clk        ; clk      ; None                        ; None                      ; 3.779 ns                ;
; N/A   ; 248.08 MHz ( period = 4.031 ns )               ; Qsize[3]    ; Queue~8         ; clk        ; clk      ; None                        ; None                      ; 3.764 ns                ;
; N/A   ; 248.08 MHz ( period = 4.031 ns )               ; Qsize[3]    ; Queue~9         ; clk        ; clk      ; None                        ; None                      ; 3.764 ns                ;
; N/A   ; 248.08 MHz ( period = 4.031 ns )               ; Qsize[3]    ; Queue~10        ; clk        ; clk      ; None                        ; None                      ; 3.764 ns                ;
; N/A   ; 248.08 MHz ( period = 4.031 ns )               ; Qsize[3]    ; Queue~11        ; clk        ; clk      ; None                        ; None                      ; 3.764 ns                ;
; N/A   ; 248.26 MHz ( period = 4.028 ns )               ; wr_index[0] ; Queue~20        ; clk        ; clk      ; None                        ; None                      ; 3.773 ns                ;
; N/A   ; 248.26 MHz ( period = 4.028 ns )               ; wr_index[0] ; Queue~21        ; clk        ; clk      ; None                        ; None                      ; 3.773 ns                ;
; N/A   ; 248.26 MHz ( period = 4.028 ns )               ; wr_index[0] ; Queue~22        ; clk        ; clk      ; None                        ; None                      ; 3.773 ns                ;
; N/A   ; 248.26 MHz ( period = 4.028 ns )               ; wr_index[0] ; Queue~23        ; clk        ; clk      ; None                        ; None                      ; 3.773 ns                ;
; N/A   ; 252.27 MHz ( period = 3.964 ns )               ; Qsize[3]    ; Queue~12        ; clk        ; clk      ; None                        ; None                      ; 3.697 ns                ;
; N/A   ; 252.27 MHz ( period = 3.964 ns )               ; Qsize[3]    ; Queue~13        ; clk        ; clk      ; None                        ; None                      ; 3.697 ns                ;
; N/A   ; 252.27 MHz ( period = 3.964 ns )               ; Qsize[3]    ; Queue~14        ; clk        ; clk      ; None                        ; None                      ; 3.697 ns                ;
; N/A   ; 252.27 MHz ( period = 3.964 ns )               ; Qsize[3]    ; Queue~15        ; clk        ; clk      ; None                        ; None                      ; 3.697 ns                ;
; N/A   ; 255.23 MHz ( period = 3.918 ns )               ; rd_index[0] ; o_RData[0]~reg0 ; clk        ; clk      ; None                        ; None                      ; 3.651 ns                ;
; N/A   ; 256.34 MHz ( period = 3.901 ns )               ; wr_index[1] ; Queue~16        ; clk        ; clk      ; None                        ; None                      ; 3.646 ns                ;
; N/A   ; 256.34 MHz ( period = 3.901 ns )               ; wr_index[1] ; Queue~17        ; clk        ; clk      ; None                        ; None                      ; 3.646 ns                ;
; N/A   ; 256.34 MHz ( period = 3.901 ns )               ; wr_index[1] ; Queue~18        ; clk        ; clk      ; None                        ; None                      ; 3.646 ns                ;
; N/A   ; 256.34 MHz ( period = 3.901 ns )               ; wr_index[1] ; Queue~19        ; clk        ; clk      ; None                        ; None                      ; 3.646 ns                ;
; N/A   ; 256.61 MHz ( period = 3.897 ns )               ; wr_index[1] ; Queue~20        ; clk        ; clk      ; None                        ; None                      ; 3.642 ns                ;
; N/A   ; 256.61 MHz ( period = 3.897 ns )               ; wr_index[1] ; Queue~21        ; clk        ; clk      ; None                        ; None                      ; 3.642 ns                ;
; N/A   ; 256.61 MHz ( period = 3.897 ns )               ; wr_index[1] ; Queue~22        ; clk        ; clk      ; None                        ; None                      ; 3.642 ns                ;
; N/A   ; 256.61 MHz ( period = 3.897 ns )               ; wr_index[1] ; Queue~23        ; clk        ; clk      ; None                        ; None                      ; 3.642 ns                ;
; N/A   ; 257.33 MHz ( period = 3.886 ns )               ; rd_index[1] ; o_RData[3]~reg0 ; clk        ; clk      ; None                        ; None                      ; 3.619 ns                ;
; N/A   ; 263.78 MHz ( period = 3.791 ns )               ; Qsize[2]    ; Qsize[2]        ; clk        ; clk      ; None                        ; None                      ; 3.527 ns                ;
; N/A   ; 263.78 MHz ( period = 3.791 ns )               ; Qsize[2]    ; Qsize[3]        ; clk        ; clk      ; None                        ; None                      ; 3.527 ns                ;
; N/A   ; 263.78 MHz ( period = 3.791 ns )               ; Qsize[2]    ; Qsize[1]        ; clk        ; clk      ; None                        ; None                      ; 3.527 ns                ;
; N/A   ; 270.27 MHz ( period = 3.700 ns )               ; Qsize[2]    ; wr_index[1]     ; clk        ; clk      ; None                        ; None                      ; 3.429 ns                ;
; N/A   ; 270.27 MHz ( period = 3.700 ns )               ; Qsize[2]    ; wr_index[0]     ; clk        ; clk      ; None                        ; None                      ; 3.429 ns                ;
; N/A   ; 271.15 MHz ( period = 3.688 ns )               ; Qsize[2]    ; Queue~8         ; clk        ; clk      ; None                        ; None                      ; 3.421 ns                ;
; N/A   ; 271.15 MHz ( period = 3.688 ns )               ; Qsize[2]    ; Queue~9         ; clk        ; clk      ; None                        ; None                      ; 3.421 ns                ;
; N/A   ; 271.15 MHz ( period = 3.688 ns )               ; Qsize[2]    ; Queue~10        ; clk        ; clk      ; None                        ; None                      ; 3.421 ns                ;
; N/A   ; 271.15 MHz ( period = 3.688 ns )               ; Qsize[2]    ; Queue~11        ; clk        ; clk      ; None                        ; None                      ; 3.421 ns                ;
; N/A   ; 271.52 MHz ( period = 3.683 ns )               ; rd_index[1] ; o_RData[1]~reg0 ; clk        ; clk      ; None                        ; None                      ; 3.416 ns                ;
; N/A   ; 272.11 MHz ( period = 3.675 ns )               ; Qsize[3]    ; o_RData[2]~en   ; clk        ; clk      ; None                        ; None                      ; 3.408 ns                ;
; N/A   ; 276.17 MHz ( period = 3.621 ns )               ; Qsize[2]    ; Queue~12        ; clk        ; clk      ; None                        ; None                      ; 3.354 ns                ;
; N/A   ; 276.17 MHz ( period = 3.621 ns )               ; Qsize[2]    ; Queue~13        ; clk        ; clk      ; None                        ; None                      ; 3.354 ns                ;
; N/A   ; 276.17 MHz ( period = 3.621 ns )               ; Qsize[2]    ; Queue~14        ; clk        ; clk      ; None                        ; None                      ; 3.354 ns                ;
; N/A   ; 276.17 MHz ( period = 3.621 ns )               ; Qsize[2]    ; Queue~15        ; clk        ; clk      ; None                        ; None                      ; 3.354 ns                ;
; N/A   ; 276.40 MHz ( period = 3.618 ns )               ; Queue~11    ; o_RData[3]~reg0 ; clk        ; clk      ; None                        ; None                      ; 3.354 ns                ;
; N/A   ; 276.78 MHz ( period = 3.613 ns )               ; Qsize[3]    ; rd_index[1]     ; clk        ; clk      ; None                        ; None                      ; 3.349 ns                ;
; N/A   ; 276.78 MHz ( period = 3.613 ns )               ; Qsize[3]    ; rd_index[0]     ; clk        ; clk      ; None                        ; None                      ; 3.349 ns                ;
; N/A   ; 281.69 MHz ( period = 3.550 ns )               ; Qsize[0]    ; o_RData[2]~en   ; clk        ; clk      ; None                        ; None                      ; 3.284 ns                ;
; N/A   ; 283.29 MHz ( period = 3.530 ns )               ; Qsize[1]    ; o_RData[2]~en   ; clk        ; clk      ; None                        ; None                      ; 3.263 ns                ;
; N/A   ; 286.04 MHz ( period = 3.496 ns )               ; Qsize[0]    ; Qsize[2]        ; clk        ; clk      ; None                        ; None                      ; 3.233 ns                ;
; N/A   ; 286.04 MHz ( period = 3.496 ns )               ; Qsize[0]    ; Qsize[3]        ; clk        ; clk      ; None                        ; None                      ; 3.233 ns                ;
; N/A   ; 286.04 MHz ( period = 3.496 ns )               ; Qsize[0]    ; Qsize[1]        ; clk        ; clk      ; None                        ; None                      ; 3.233 ns                ;
; N/A   ; 286.70 MHz ( period = 3.488 ns )               ; Qsize[0]    ; rd_index[1]     ; clk        ; clk      ; None                        ; None                      ; 3.225 ns                ;
; N/A   ; 286.70 MHz ( period = 3.488 ns )               ; Qsize[0]    ; rd_index[0]     ; clk        ; clk      ; None                        ; None                      ; 3.225 ns                ;
; N/A   ; 287.44 MHz ( period = 3.479 ns )               ; rd_index[1] ; o_RData[0]~reg0 ; clk        ; clk      ; None                        ; None                      ; 3.212 ns                ;
; N/A   ; 287.69 MHz ( period = 3.476 ns )               ; Qsize[1]    ; Qsize[2]        ; clk        ; clk      ; None                        ; None                      ; 3.212 ns                ;
; N/A   ; 287.69 MHz ( period = 3.476 ns )               ; Qsize[1]    ; Qsize[3]        ; clk        ; clk      ; None                        ; None                      ; 3.212 ns                ;
; N/A   ; 287.69 MHz ( period = 3.476 ns )               ; Qsize[1]    ; Qsize[1]        ; clk        ; clk      ; None                        ; None                      ; 3.212 ns                ;
; N/A   ; 288.35 MHz ( period = 3.468 ns )               ; Qsize[1]    ; rd_index[1]     ; clk        ; clk      ; None                        ; None                      ; 3.204 ns                ;
; N/A   ; 288.35 MHz ( period = 3.468 ns )               ; Qsize[1]    ; rd_index[0]     ; clk        ; clk      ; None                        ; None                      ; 3.204 ns                ;
; N/A   ; 292.65 MHz ( period = 3.417 ns )               ; Queue~9     ; o_RData[1]~reg0 ; clk        ; clk      ; None                        ; None                      ; 3.153 ns                ;
; N/A   ; 293.34 MHz ( period = 3.409 ns )               ; Qsize[2]    ; o_RData[2]~en   ; clk        ; clk      ; None                        ; None                      ; 3.142 ns                ;
; N/A   ; 298.06 MHz ( period = 3.355 ns )               ; Qsize[3]    ; Qsize[0]        ; clk        ; clk      ; None                        ; None                      ; 3.090 ns                ;
; N/A   ; 298.78 MHz ( period = 3.347 ns )               ; Qsize[2]    ; rd_index[1]     ; clk        ; clk      ; None                        ; None                      ; 3.083 ns                ;
; N/A   ; 298.78 MHz ( period = 3.347 ns )               ; Qsize[2]    ; rd_index[0]     ; clk        ; clk      ; None                        ; None                      ; 3.083 ns                ;
; N/A   ; 304.88 MHz ( period = 3.280 ns )               ; wr_index[0] ; Queue~8         ; clk        ; clk      ; None                        ; None                      ; 3.020 ns                ;
; N/A   ; 304.88 MHz ( period = 3.280 ns )               ; wr_index[0] ; Queue~9         ; clk        ; clk      ; None                        ; None                      ; 3.020 ns                ;
; N/A   ; 304.88 MHz ( period = 3.280 ns )               ; wr_index[0] ; Queue~10        ; clk        ; clk      ; None                        ; None                      ; 3.020 ns                ;
; N/A   ; 304.88 MHz ( period = 3.280 ns )               ; wr_index[0] ; Queue~11        ; clk        ; clk      ; None                        ; None                      ; 3.020 ns                ;
; N/A   ; 311.24 MHz ( period = 3.213 ns )               ; wr_index[0] ; Queue~12        ; clk        ; clk      ; None                        ; None                      ; 2.953 ns                ;
; N/A   ; 311.24 MHz ( period = 3.213 ns )               ; wr_index[0] ; Queue~13        ; clk        ; clk      ; None                        ; None                      ; 2.953 ns                ;
; N/A   ; 311.24 MHz ( period = 3.213 ns )               ; wr_index[0] ; Queue~14        ; clk        ; clk      ; None                        ; None                      ; 2.953 ns                ;
; N/A   ; 311.24 MHz ( period = 3.213 ns )               ; wr_index[0] ; Queue~15        ; clk        ; clk      ; None                        ; None                      ; 2.953 ns                ;
; N/A   ; 311.53 MHz ( period = 3.210 ns )               ; Queue~8     ; o_RData[0]~reg0 ; clk        ; clk      ; None                        ; None                      ; 2.946 ns                ;
; N/A   ; 332.01 MHz ( period = 3.012 ns )               ; Qsize[2]    ; Qsize[0]        ; clk        ; clk      ; None                        ; None                      ; 2.747 ns                ;
; N/A   ; 338.29 MHz ( period = 2.956 ns )               ; Queue~15    ; o_RData[3]~reg0 ; clk        ; clk      ; None                        ; None                      ; 2.692 ns                ;
; N/A   ; Restricted to 340.02 MHz ( period = 2.941 ns ) ; Queue~14    ; o_RData[2]~reg0 ; clk        ; clk      ; None                        ; None                      ; 2.615 ns                ;
; N/A   ; Restricted to 340.02 MHz ( period = 2.941 ns ) ; Queue~10    ; o_RData[2]~reg0 ; clk        ; clk      ; None                        ; None                      ; 2.529 ns                ;
; N/A   ; Restricted to 340.02 MHz ( period = 2.941 ns ) ; Queue~13    ; o_RData[1]~reg0 ; clk        ; clk      ; None                        ; None                      ; 2.486 ns                ;
; N/A   ; Restricted to 340.02 MHz ( period = 2.941 ns ) ; wr_index[1] ; Queue~8         ; clk        ; clk      ; None                        ; None                      ; 2.466 ns                ;
; N/A   ; Restricted to 340.02 MHz ( period = 2.941 ns ) ; wr_index[1] ; Queue~9         ; clk        ; clk      ; None                        ; None                      ; 2.466 ns                ;
; N/A   ; Restricted to 340.02 MHz ( period = 2.941 ns ) ; wr_index[1] ; Queue~10        ; clk        ; clk      ; None                        ; None                      ; 2.466 ns                ;
; N/A   ; Restricted to 340.02 MHz ( period = 2.941 ns ) ; wr_index[1] ; Queue~11        ; clk        ; clk      ; None                        ; None                      ; 2.466 ns                ;
; N/A   ; Restricted to 340.02 MHz ( period = 2.941 ns ) ; Qsize[0]    ; Qsize[0]        ; clk        ; clk      ; None                        ; None                      ; 2.453 ns                ;
; N/A   ; Restricted to 340.02 MHz ( period = 2.941 ns ) ; Qsize[1]    ; Qsize[0]        ; clk        ; clk      ; None                        ; None                      ; 2.432 ns                ;
; N/A   ; Restricted to 340.02 MHz ( period = 2.941 ns ) ; wr_index[1] ; Queue~12        ; clk        ; clk      ; None                        ; None                      ; 2.396 ns                ;
; N/A   ; Restricted to 340.02 MHz ( period = 2.941 ns ) ; wr_index[1] ; Queue~13        ; clk        ; clk      ; None                        ; None                      ; 2.396 ns                ;
; N/A   ; Restricted to 340.02 MHz ( period = 2.941 ns ) ; wr_index[1] ; Queue~14        ; clk        ; clk      ; None                        ; None                      ; 2.396 ns                ;
; N/A   ; Restricted to 340.02 MHz ( period = 2.941 ns ) ; wr_index[1] ; Queue~15        ; clk        ; clk      ; None                        ; None                      ; 2.396 ns                ;
; N/A   ; Restricted to 340.02 MHz ( period = 2.941 ns ) ; Queue~12    ; o_RData[0]~reg0 ; clk        ; clk      ; None                        ; None                      ; 2.279 ns                ;
; N/A   ; Restricted to 340.02 MHz ( period = 2.941 ns ) ; Qsize[3]    ; o_RData[0]~en   ; clk        ; clk      ; None                        ; None                      ; 1.974 ns                ;
; N/A   ; Restricted to 340.02 MHz ( period = 2.941 ns ) ; Qsize[3]    ; o_RData[1]~en   ; clk        ; clk      ; None                        ; None                      ; 1.972 ns                ;
; N/A   ; Restricted to 340.02 MHz ( period = 2.941 ns ) ; Queue~22    ; o_RData[2]~reg0 ; clk        ; clk      ; None                        ; None                      ; 1.959 ns                ;
; N/A   ; Restricted to 340.02 MHz ( period = 2.941 ns ) ; Queue~19    ; o_RData[3]~reg0 ; clk        ; clk      ; None                        ; None                      ; 1.958 ns                ;
; N/A   ; Restricted to 340.02 MHz ( period = 2.941 ns ) ; Queue~21    ; o_RData[1]~reg0 ; clk        ; clk      ; None                        ; None                      ; 1.952 ns                ;
; N/A   ; Restricted to 340.02 MHz ( period = 2.941 ns ) ; Queue~17    ; o_RData[1]~reg0 ; clk        ; clk      ; None                        ; None                      ; 1.912 ns                ;
; N/A   ; Restricted to 340.02 MHz ( period = 2.941 ns ) ; Qsize[0]    ; o_RData[0]~en   ; clk        ; clk      ; None                        ; None                      ; 1.850 ns                ;
; N/A   ; Restricted to 340.02 MHz ( period = 2.941 ns ) ; Qsize[0]    ; o_RData[1]~en   ; clk        ; clk      ; None                        ; None                      ; 1.848 ns                ;
; N/A   ; Restricted to 340.02 MHz ( period = 2.941 ns ) ; Qsize[1]    ; o_RData[0]~en   ; clk        ; clk      ; None                        ; None                      ; 1.829 ns                ;
; N/A   ; Restricted to 340.02 MHz ( period = 2.941 ns ) ; Qsize[1]    ; o_RData[1]~en   ; clk        ; clk      ; None                        ; None                      ; 1.827 ns                ;
; N/A   ; Restricted to 340.02 MHz ( period = 2.941 ns ) ; Qsize[2]    ; o_RData[0]~en   ; clk        ; clk      ; None                        ; None                      ; 1.708 ns                ;
; N/A   ; Restricted to 340.02 MHz ( period = 2.941 ns ) ; Qsize[2]    ; o_RData[1]~en   ; clk        ; clk      ; None                        ; None                      ; 1.706 ns                ;
; N/A   ; Restricted to 340.02 MHz ( period = 2.941 ns ) ; Queue~16    ; o_RData[0]~reg0 ; clk        ; clk      ; None                        ; None                      ; 1.554 ns                ;
; N/A   ; Restricted to 340.02 MHz ( period = 2.941 ns ) ; Queue~23    ; o_RData[3]~reg0 ; clk        ; clk      ; None                        ; None                      ; 1.497 ns                ;
; N/A   ; Restricted to 340.02 MHz ( period = 2.941 ns ) ; Queue~20    ; o_RData[0]~reg0 ; clk        ; clk      ; None                        ; None                      ; 1.415 ns                ;
; N/A   ; Restricted to 340.02 MHz ( period = 2.941 ns ) ; Qsize[3]    ; o_RData[3]~en   ; clk        ; clk      ; None                        ; None                      ; 1.374 ns                ;
; N/A   ; Restricted to 340.02 MHz ( period = 2.941 ns ) ; Qsize[0]    ; o_RData[3]~en   ; clk        ; clk      ; None                        ; None                      ; 1.250 ns                ;
; N/A   ; Restricted to 340.02 MHz ( period = 2.941 ns ) ; Qsize[1]    ; o_RData[3]~en   ; clk        ; clk      ; None                        ; None                      ; 1.229 ns                ;
; N/A   ; Restricted to 340.02 MHz ( period = 2.941 ns ) ; rd_index[0] ; rd_index[1]     ; clk        ; clk      ; None                        ; None                      ; 1.181 ns                ;
; N/A   ; Restricted to 340.02 MHz ( period = 2.941 ns ) ; wr_index[0] ; wr_index[1]     ; clk        ; clk      ; None                        ; None                      ; 1.162 ns                ;
; N/A   ; Restricted to 340.02 MHz ( period = 2.941 ns ) ; Qsize[2]    ; o_RData[3]~en   ; clk        ; clk      ; None                        ; None                      ; 1.108 ns                ;
; N/A   ; Restricted to 340.02 MHz ( period = 2.941 ns ) ; rd_index[1] ; rd_index[1]     ; clk        ; clk      ; None                        ; None                      ; 0.501 ns                ;
; N/A   ; Restricted to 340.02 MHz ( period = 2.941 ns ) ; rd_index[0] ; rd_index[0]     ; clk        ; clk      ; None                        ; None                      ; 0.501 ns                ;
; N/A   ; Restricted to 340.02 MHz ( period = 2.941 ns ) ; wr_index[1] ; wr_index[1]     ; clk        ; clk      ; None                        ; None                      ; 0.501 ns                ;
; N/A   ; Restricted to 340.02 MHz ( period = 2.941 ns ) ; wr_index[0] ; wr_index[0]     ; clk        ; clk      ; None                        ; None                      ; 0.501 ns                ;
+-------+------------------------------------------------+-------------+-----------------+------------+----------+-----------------------------+---------------------------+-------------------------+


+------------------------------------------------------------------------------+
; tsu                                                                          ;
+-------+--------------+------------+-------------+-----------------+----------+
; Slack ; Required tsu ; Actual tsu ; From        ; To              ; To Clock ;
+-------+--------------+------------+-------------+-----------------+----------+
; N/A   ; None         ; 8.367 ns   ; in_WE       ; Queue~16        ; clk      ;
; N/A   ; None         ; 8.367 ns   ; in_WE       ; Queue~17        ; clk      ;
; N/A   ; None         ; 8.367 ns   ; in_WE       ; Queue~18        ; clk      ;
; N/A   ; None         ; 8.367 ns   ; in_WE       ; Queue~19        ; clk      ;
; N/A   ; None         ; 8.363 ns   ; in_WE       ; Queue~20        ; clk      ;
; N/A   ; None         ; 8.363 ns   ; in_WE       ; Queue~21        ; clk      ;
; N/A   ; None         ; 8.363 ns   ; in_WE       ; Queue~22        ; clk      ;
; N/A   ; None         ; 8.363 ns   ; in_WE       ; Queue~23        ; clk      ;
; N/A   ; None         ; 8.053 ns   ; in_WE       ; Qsize[2]        ; clk      ;
; N/A   ; None         ; 8.053 ns   ; in_WE       ; Qsize[3]        ; clk      ;
; N/A   ; None         ; 8.053 ns   ; in_WE       ; Qsize[1]        ; clk      ;
; N/A   ; None         ; 7.962 ns   ; in_WE       ; wr_index[1]     ; clk      ;
; N/A   ; None         ; 7.962 ns   ; in_WE       ; wr_index[0]     ; clk      ;
; N/A   ; None         ; 7.950 ns   ; in_WE       ; Queue~8         ; clk      ;
; N/A   ; None         ; 7.950 ns   ; in_WE       ; Queue~9         ; clk      ;
; N/A   ; None         ; 7.950 ns   ; in_WE       ; Queue~10        ; clk      ;
; N/A   ; None         ; 7.950 ns   ; in_WE       ; Queue~11        ; clk      ;
; N/A   ; None         ; 7.883 ns   ; in_WE       ; Queue~12        ; clk      ;
; N/A   ; None         ; 7.883 ns   ; in_WE       ; Queue~13        ; clk      ;
; N/A   ; None         ; 7.883 ns   ; in_WE       ; Queue~14        ; clk      ;
; N/A   ; None         ; 7.883 ns   ; in_WE       ; Queue~15        ; clk      ;
; N/A   ; None         ; 7.703 ns   ; in_WE       ; o_RData[0]~reg0 ; clk      ;
; N/A   ; None         ; 7.703 ns   ; in_WE       ; o_RData[1]~reg0 ; clk      ;
; N/A   ; None         ; 7.703 ns   ; in_WE       ; o_RData[2]~reg0 ; clk      ;
; N/A   ; None         ; 7.703 ns   ; in_WE       ; o_RData[2]~en   ; clk      ;
; N/A   ; None         ; 7.703 ns   ; in_WE       ; o_RData[3]~reg0 ; clk      ;
; N/A   ; None         ; 7.677 ns   ; in_RE       ; Queue~16        ; clk      ;
; N/A   ; None         ; 7.677 ns   ; in_RE       ; Queue~17        ; clk      ;
; N/A   ; None         ; 7.677 ns   ; in_RE       ; Queue~18        ; clk      ;
; N/A   ; None         ; 7.677 ns   ; in_RE       ; Queue~19        ; clk      ;
; N/A   ; None         ; 7.673 ns   ; in_RE       ; Queue~20        ; clk      ;
; N/A   ; None         ; 7.673 ns   ; in_RE       ; Queue~21        ; clk      ;
; N/A   ; None         ; 7.673 ns   ; in_RE       ; Queue~22        ; clk      ;
; N/A   ; None         ; 7.673 ns   ; in_RE       ; Queue~23        ; clk      ;
; N/A   ; None         ; 7.659 ns   ; in_RE       ; o_RData[0]~reg0 ; clk      ;
; N/A   ; None         ; 7.659 ns   ; in_RE       ; o_RData[1]~reg0 ; clk      ;
; N/A   ; None         ; 7.659 ns   ; in_RE       ; o_RData[2]~reg0 ; clk      ;
; N/A   ; None         ; 7.659 ns   ; in_RE       ; o_RData[2]~en   ; clk      ;
; N/A   ; None         ; 7.659 ns   ; in_RE       ; o_RData[3]~reg0 ; clk      ;
; N/A   ; None         ; 7.618 ns   ; in_rst      ; o_RData[0]~reg0 ; clk      ;
; N/A   ; None         ; 7.618 ns   ; in_rst      ; o_RData[1]~reg0 ; clk      ;
; N/A   ; None         ; 7.618 ns   ; in_rst      ; o_RData[2]~reg0 ; clk      ;
; N/A   ; None         ; 7.618 ns   ; in_rst      ; o_RData[2]~en   ; clk      ;
; N/A   ; None         ; 7.618 ns   ; in_rst      ; o_RData[3]~reg0 ; clk      ;
; N/A   ; None         ; 7.543 ns   ; in_RE       ; Qsize[2]        ; clk      ;
; N/A   ; None         ; 7.543 ns   ; in_RE       ; Qsize[3]        ; clk      ;
; N/A   ; None         ; 7.543 ns   ; in_RE       ; Qsize[1]        ; clk      ;
; N/A   ; None         ; 7.374 ns   ; in_rst      ; Queue~16        ; clk      ;
; N/A   ; None         ; 7.374 ns   ; in_rst      ; Queue~17        ; clk      ;
; N/A   ; None         ; 7.374 ns   ; in_rst      ; Queue~18        ; clk      ;
; N/A   ; None         ; 7.374 ns   ; in_rst      ; Queue~19        ; clk      ;
; N/A   ; None         ; 7.373 ns   ; in_rst      ; Queue~20        ; clk      ;
; N/A   ; None         ; 7.373 ns   ; in_rst      ; Queue~21        ; clk      ;
; N/A   ; None         ; 7.373 ns   ; in_rst      ; Queue~22        ; clk      ;
; N/A   ; None         ; 7.373 ns   ; in_rst      ; Queue~23        ; clk      ;
; N/A   ; None         ; 7.274 ns   ; in_WE       ; Qsize[0]        ; clk      ;
; N/A   ; None         ; 7.272 ns   ; in_RE       ; wr_index[1]     ; clk      ;
; N/A   ; None         ; 7.272 ns   ; in_RE       ; wr_index[0]     ; clk      ;
; N/A   ; None         ; 7.260 ns   ; in_RE       ; Queue~8         ; clk      ;
; N/A   ; None         ; 7.260 ns   ; in_RE       ; Queue~9         ; clk      ;
; N/A   ; None         ; 7.260 ns   ; in_RE       ; Queue~10        ; clk      ;
; N/A   ; None         ; 7.260 ns   ; in_RE       ; Queue~11        ; clk      ;
; N/A   ; None         ; 7.193 ns   ; in_RE       ; Queue~12        ; clk      ;
; N/A   ; None         ; 7.193 ns   ; in_RE       ; Queue~13        ; clk      ;
; N/A   ; None         ; 7.193 ns   ; in_RE       ; Queue~14        ; clk      ;
; N/A   ; None         ; 7.193 ns   ; in_RE       ; Queue~15        ; clk      ;
; N/A   ; None         ; 7.003 ns   ; in_WE       ; rd_index[1]     ; clk      ;
; N/A   ; None         ; 7.003 ns   ; in_WE       ; rd_index[0]     ; clk      ;
; N/A   ; None         ; 6.764 ns   ; in_RE       ; Qsize[0]        ; clk      ;
; N/A   ; None         ; 6.729 ns   ; in_rst      ; wr_index[1]     ; clk      ;
; N/A   ; None         ; 6.729 ns   ; in_rst      ; wr_index[0]     ; clk      ;
; N/A   ; None         ; 6.622 ns   ; in_rst      ; Queue~8         ; clk      ;
; N/A   ; None         ; 6.622 ns   ; in_rst      ; Queue~9         ; clk      ;
; N/A   ; None         ; 6.622 ns   ; in_rst      ; Queue~10        ; clk      ;
; N/A   ; None         ; 6.622 ns   ; in_rst      ; Queue~11        ; clk      ;
; N/A   ; None         ; 6.553 ns   ; in_rst      ; Queue~12        ; clk      ;
; N/A   ; None         ; 6.553 ns   ; in_rst      ; Queue~13        ; clk      ;
; N/A   ; None         ; 6.553 ns   ; in_rst      ; Queue~14        ; clk      ;
; N/A   ; None         ; 6.553 ns   ; in_rst      ; Queue~15        ; clk      ;
; N/A   ; None         ; 6.483 ns   ; in_RE       ; rd_index[1]     ; clk      ;
; N/A   ; None         ; 6.483 ns   ; in_RE       ; rd_index[0]     ; clk      ;
; N/A   ; None         ; 6.393 ns   ; in_rst      ; Qsize[2]        ; clk      ;
; N/A   ; None         ; 6.393 ns   ; in_rst      ; Qsize[3]        ; clk      ;
; N/A   ; None         ; 6.393 ns   ; in_rst      ; Qsize[1]        ; clk      ;
; N/A   ; None         ; 6.386 ns   ; in_rst      ; rd_index[1]     ; clk      ;
; N/A   ; None         ; 6.386 ns   ; in_rst      ; rd_index[0]     ; clk      ;
; N/A   ; None         ; 6.246 ns   ; in_WE       ; o_RData[0]~en   ; clk      ;
; N/A   ; None         ; 6.246 ns   ; in_WE       ; o_RData[1]~en   ; clk      ;
; N/A   ; None         ; 6.246 ns   ; in_WE       ; o_RData[3]~en   ; clk      ;
; N/A   ; None         ; 6.202 ns   ; in_RE       ; o_RData[0]~en   ; clk      ;
; N/A   ; None         ; 6.202 ns   ; in_RE       ; o_RData[1]~en   ; clk      ;
; N/A   ; None         ; 6.202 ns   ; in_RE       ; o_RData[3]~en   ; clk      ;
; N/A   ; None         ; 6.161 ns   ; in_rst      ; o_RData[0]~en   ; clk      ;
; N/A   ; None         ; 6.161 ns   ; in_rst      ; o_RData[1]~en   ; clk      ;
; N/A   ; None         ; 6.161 ns   ; in_rst      ; o_RData[3]~en   ; clk      ;
; N/A   ; None         ; 5.614 ns   ; in_rst      ; Qsize[0]        ; clk      ;
; N/A   ; None         ; 5.218 ns   ; in_WData[0] ; Queue~12        ; clk      ;
; N/A   ; None         ; 5.216 ns   ; in_WData[0] ; Queue~8         ; clk      ;
; N/A   ; None         ; 4.772 ns   ; in_WData[0] ; Queue~16        ; clk      ;
; N/A   ; None         ; 4.771 ns   ; in_WData[0] ; Queue~20        ; clk      ;
; N/A   ; None         ; 0.723 ns   ; in_WData[1] ; Queue~9         ; clk      ;
; N/A   ; None         ; 0.722 ns   ; in_WData[1] ; Queue~13        ; clk      ;
; N/A   ; None         ; 0.565 ns   ; in_WData[2] ; Queue~18        ; clk      ;
; N/A   ; None         ; 0.563 ns   ; in_WData[2] ; Queue~22        ; clk      ;
; N/A   ; None         ; 0.404 ns   ; in_WData[1] ; Queue~21        ; clk      ;
; N/A   ; None         ; 0.403 ns   ; in_WData[1] ; Queue~17        ; clk      ;
; N/A   ; None         ; 0.345 ns   ; in_WData[2] ; Queue~14        ; clk      ;
; N/A   ; None         ; 0.344 ns   ; in_WData[2] ; Queue~10        ; clk      ;
; N/A   ; None         ; 0.270 ns   ; in_WData[3] ; Queue~11        ; clk      ;
; N/A   ; None         ; 0.268 ns   ; in_WData[3] ; Queue~15        ; clk      ;
; N/A   ; None         ; 0.205 ns   ; in_WData[3] ; Queue~19        ; clk      ;
; N/A   ; None         ; 0.205 ns   ; in_WData[3] ; Queue~23        ; clk      ;
+-------+--------------+------------+-------------+-----------------+----------+


+-------------------------------------------------------------------------------+
; tco                                                                           ;
+-------+--------------+------------+-----------------+------------+------------+
; Slack ; Required tco ; Actual tco ; From            ; To         ; From Clock ;
+-------+--------------+------------+-----------------+------------+------------+
; N/A   ; None         ; 9.460 ns   ; Qsize[2]        ; o_empty    ; clk        ;
; N/A   ; None         ; 9.431 ns   ; Qsize[1]        ; o_empty    ; clk        ;
; N/A   ; None         ; 9.296 ns   ; Qsize[2]        ; o_full     ; clk        ;
; N/A   ; None         ; 9.163 ns   ; Qsize[1]        ; o_full     ; clk        ;
; N/A   ; None         ; 9.143 ns   ; Qsize[3]        ; o_empty    ; clk        ;
; N/A   ; None         ; 8.867 ns   ; Qsize[3]        ; o_full     ; clk        ;
; N/A   ; None         ; 8.671 ns   ; o_RData[3]~reg0 ; o_RData[3] ; clk        ;
; N/A   ; None         ; 8.635 ns   ; Qsize[0]        ; o_empty    ; clk        ;
; N/A   ; None         ; 8.566 ns   ; o_RData[2]~reg0 ; o_RData[2] ; clk        ;
; N/A   ; None         ; 8.521 ns   ; o_RData[2]~en   ; o_RData[2] ; clk        ;
; N/A   ; None         ; 8.423 ns   ; Qsize[3]        ; o_Qsize[3] ; clk        ;
; N/A   ; None         ; 8.367 ns   ; Qsize[2]        ; o_Qsize[2] ; clk        ;
; N/A   ; None         ; 8.355 ns   ; Qsize[0]        ; o_full     ; clk        ;
; N/A   ; None         ; 8.330 ns   ; Qsize[1]        ; o_Qsize[1] ; clk        ;
; N/A   ; None         ; 8.304 ns   ; Qsize[0]        ; o_Qsize[0] ; clk        ;
; N/A   ; None         ; 8.203 ns   ; o_RData[0]~reg0 ; o_RData[0] ; clk        ;
; N/A   ; None         ; 8.186 ns   ; o_RData[1]~reg0 ; o_RData[1] ; clk        ;
; N/A   ; None         ; 7.777 ns   ; o_RData[0]~en   ; o_RData[0] ; clk        ;
; N/A   ; None         ; 7.765 ns   ; o_RData[3]~en   ; o_RData[3] ; clk        ;
; N/A   ; None         ; 7.760 ns   ; o_RData[1]~en   ; o_RData[1] ; clk        ;
+-------+--------------+------------+-----------------+------------+------------+


+------------------------------------------------------------------------------------+
; th                                                                                 ;
+---------------+-------------+-----------+-------------+-----------------+----------+
; Minimum Slack ; Required th ; Actual th ; From        ; To              ; To Clock ;
+---------------+-------------+-----------+-------------+-----------------+----------+
; N/A           ; None        ; 0.061 ns  ; in_WData[3] ; Queue~19        ; clk      ;
; N/A           ; None        ; 0.061 ns  ; in_WData[3] ; Queue~23        ; clk      ;
; N/A           ; None        ; -0.002 ns ; in_WData[3] ; Queue~15        ; clk      ;
; N/A           ; None        ; -0.004 ns ; in_WData[3] ; Queue~11        ; clk      ;
; N/A           ; None        ; -0.078 ns ; in_WData[2] ; Queue~10        ; clk      ;
; N/A           ; None        ; -0.079 ns ; in_WData[2] ; Queue~14        ; clk      ;
; N/A           ; None        ; -0.137 ns ; in_WData[1] ; Queue~17        ; clk      ;
; N/A           ; None        ; -0.138 ns ; in_WData[1] ; Queue~21        ; clk      ;
; N/A           ; None        ; -0.297 ns ; in_WData[2] ; Queue~22        ; clk      ;
; N/A           ; None        ; -0.299 ns ; in_WData[2] ; Queue~18        ; clk      ;
; N/A           ; None        ; -0.456 ns ; in_WData[1] ; Queue~13        ; clk      ;
; N/A           ; None        ; -0.457 ns ; in_WData[1] ; Queue~9         ; clk      ;
; N/A           ; None        ; -4.451 ns ; in_rst      ; rd_index[1]     ; clk      ;
; N/A           ; None        ; -4.452 ns ; in_rst      ; rd_index[0]     ; clk      ;
; N/A           ; None        ; -4.505 ns ; in_WData[0] ; Queue~20        ; clk      ;
; N/A           ; None        ; -4.506 ns ; in_WData[0] ; Queue~16        ; clk      ;
; N/A           ; None        ; -4.728 ns ; in_rst      ; Qsize[2]        ; clk      ;
; N/A           ; None        ; -4.728 ns ; in_rst      ; Qsize[3]        ; clk      ;
; N/A           ; None        ; -4.728 ns ; in_rst      ; Qsize[1]        ; clk      ;
; N/A           ; None        ; -4.893 ns ; in_rst      ; wr_index[0]     ; clk      ;
; N/A           ; None        ; -4.896 ns ; in_rst      ; wr_index[1]     ; clk      ;
; N/A           ; None        ; -4.950 ns ; in_WData[0] ; Queue~8         ; clk      ;
; N/A           ; None        ; -4.952 ns ; in_WData[0] ; Queue~12        ; clk      ;
; N/A           ; None        ; -5.108 ns ; in_rst      ; Qsize[0]        ; clk      ;
; N/A           ; None        ; -5.895 ns ; in_rst      ; o_RData[0]~en   ; clk      ;
; N/A           ; None        ; -5.895 ns ; in_rst      ; o_RData[1]~en   ; clk      ;
; N/A           ; None        ; -5.895 ns ; in_rst      ; o_RData[3]~en   ; clk      ;
; N/A           ; None        ; -5.936 ns ; in_RE       ; o_RData[0]~en   ; clk      ;
; N/A           ; None        ; -5.936 ns ; in_RE       ; o_RData[1]~en   ; clk      ;
; N/A           ; None        ; -5.936 ns ; in_RE       ; o_RData[3]~en   ; clk      ;
; N/A           ; None        ; -5.951 ns ; in_RE       ; Qsize[1]        ; clk      ;
; N/A           ; None        ; -5.954 ns ; in_RE       ; Qsize[2]        ; clk      ;
; N/A           ; None        ; -5.980 ns ; in_WE       ; o_RData[0]~en   ; clk      ;
; N/A           ; None        ; -5.980 ns ; in_WE       ; o_RData[1]~en   ; clk      ;
; N/A           ; None        ; -5.980 ns ; in_WE       ; o_RData[3]~en   ; clk      ;
; N/A           ; None        ; -6.033 ns ; in_RE       ; Qsize[3]        ; clk      ;
; N/A           ; None        ; -6.217 ns ; in_RE       ; rd_index[1]     ; clk      ;
; N/A           ; None        ; -6.217 ns ; in_RE       ; rd_index[0]     ; clk      ;
; N/A           ; None        ; -6.287 ns ; in_rst      ; Queue~12        ; clk      ;
; N/A           ; None        ; -6.287 ns ; in_rst      ; Queue~13        ; clk      ;
; N/A           ; None        ; -6.287 ns ; in_rst      ; Queue~14        ; clk      ;
; N/A           ; None        ; -6.287 ns ; in_rst      ; Queue~15        ; clk      ;
; N/A           ; None        ; -6.318 ns ; in_RE       ; Qsize[0]        ; clk      ;
; N/A           ; None        ; -6.356 ns ; in_rst      ; Queue~8         ; clk      ;
; N/A           ; None        ; -6.356 ns ; in_rst      ; Queue~9         ; clk      ;
; N/A           ; None        ; -6.356 ns ; in_rst      ; Queue~10        ; clk      ;
; N/A           ; None        ; -6.356 ns ; in_rst      ; Queue~11        ; clk      ;
; N/A           ; None        ; -6.537 ns ; in_WE       ; Qsize[0]        ; clk      ;
; N/A           ; None        ; -6.641 ns ; in_WE       ; Qsize[1]        ; clk      ;
; N/A           ; None        ; -6.644 ns ; in_WE       ; Qsize[2]        ; clk      ;
; N/A           ; None        ; -6.723 ns ; in_WE       ; Qsize[3]        ; clk      ;
; N/A           ; None        ; -6.737 ns ; in_WE       ; rd_index[1]     ; clk      ;
; N/A           ; None        ; -6.737 ns ; in_WE       ; rd_index[0]     ; clk      ;
; N/A           ; None        ; -6.927 ns ; in_RE       ; Queue~12        ; clk      ;
; N/A           ; None        ; -6.927 ns ; in_RE       ; Queue~13        ; clk      ;
; N/A           ; None        ; -6.927 ns ; in_RE       ; Queue~14        ; clk      ;
; N/A           ; None        ; -6.927 ns ; in_RE       ; Queue~15        ; clk      ;
; N/A           ; None        ; -6.994 ns ; in_RE       ; Queue~8         ; clk      ;
; N/A           ; None        ; -6.994 ns ; in_RE       ; Queue~9         ; clk      ;
; N/A           ; None        ; -6.994 ns ; in_RE       ; Queue~10        ; clk      ;
; N/A           ; None        ; -6.994 ns ; in_RE       ; Queue~11        ; clk      ;
; N/A           ; None        ; -7.006 ns ; in_RE       ; wr_index[1]     ; clk      ;
; N/A           ; None        ; -7.006 ns ; in_RE       ; wr_index[0]     ; clk      ;
; N/A           ; None        ; -7.107 ns ; in_rst      ; Queue~20        ; clk      ;
; N/A           ; None        ; -7.107 ns ; in_rst      ; Queue~21        ; clk      ;
; N/A           ; None        ; -7.107 ns ; in_rst      ; Queue~22        ; clk      ;
; N/A           ; None        ; -7.107 ns ; in_rst      ; Queue~23        ; clk      ;
; N/A           ; None        ; -7.108 ns ; in_rst      ; Queue~16        ; clk      ;
; N/A           ; None        ; -7.108 ns ; in_rst      ; Queue~17        ; clk      ;
; N/A           ; None        ; -7.108 ns ; in_rst      ; Queue~18        ; clk      ;
; N/A           ; None        ; -7.108 ns ; in_rst      ; Queue~19        ; clk      ;
; N/A           ; None        ; -7.352 ns ; in_rst      ; o_RData[0]~reg0 ; clk      ;
; N/A           ; None        ; -7.352 ns ; in_rst      ; o_RData[1]~reg0 ; clk      ;
; N/A           ; None        ; -7.352 ns ; in_rst      ; o_RData[2]~reg0 ; clk      ;
; N/A           ; None        ; -7.352 ns ; in_rst      ; o_RData[2]~en   ; clk      ;
; N/A           ; None        ; -7.352 ns ; in_rst      ; o_RData[3]~reg0 ; clk      ;
; N/A           ; None        ; -7.393 ns ; in_RE       ; o_RData[0]~reg0 ; clk      ;
; N/A           ; None        ; -7.393 ns ; in_RE       ; o_RData[1]~reg0 ; clk      ;
; N/A           ; None        ; -7.393 ns ; in_RE       ; o_RData[2]~reg0 ; clk      ;
; N/A           ; None        ; -7.393 ns ; in_RE       ; o_RData[2]~en   ; clk      ;
; N/A           ; None        ; -7.393 ns ; in_RE       ; o_RData[3]~reg0 ; clk      ;
; N/A           ; None        ; -7.407 ns ; in_RE       ; Queue~20        ; clk      ;
; N/A           ; None        ; -7.407 ns ; in_RE       ; Queue~21        ; clk      ;
; N/A           ; None        ; -7.407 ns ; in_RE       ; Queue~22        ; clk      ;
; N/A           ; None        ; -7.407 ns ; in_RE       ; Queue~23        ; clk      ;
; N/A           ; None        ; -7.411 ns ; in_RE       ; Queue~16        ; clk      ;
; N/A           ; None        ; -7.411 ns ; in_RE       ; Queue~17        ; clk      ;
; N/A           ; None        ; -7.411 ns ; in_RE       ; Queue~18        ; clk      ;
; N/A           ; None        ; -7.411 ns ; in_RE       ; Queue~19        ; clk      ;
; N/A           ; None        ; -7.437 ns ; in_WE       ; o_RData[0]~reg0 ; clk      ;
; N/A           ; None        ; -7.437 ns ; in_WE       ; o_RData[1]~reg0 ; clk      ;
; N/A           ; None        ; -7.437 ns ; in_WE       ; o_RData[2]~reg0 ; clk      ;
; N/A           ; None        ; -7.437 ns ; in_WE       ; o_RData[2]~en   ; clk      ;
; N/A           ; None        ; -7.437 ns ; in_WE       ; o_RData[3]~reg0 ; clk      ;
; N/A           ; None        ; -7.617 ns ; in_WE       ; Queue~12        ; clk      ;
; N/A           ; None        ; -7.617 ns ; in_WE       ; Queue~13        ; clk      ;
; N/A           ; None        ; -7.617 ns ; in_WE       ; Queue~14        ; clk      ;
; N/A           ; None        ; -7.617 ns ; in_WE       ; Queue~15        ; clk      ;
; N/A           ; None        ; -7.684 ns ; in_WE       ; Queue~8         ; clk      ;
; N/A           ; None        ; -7.684 ns ; in_WE       ; Queue~9         ; clk      ;
; N/A           ; None        ; -7.684 ns ; in_WE       ; Queue~10        ; clk      ;
; N/A           ; None        ; -7.684 ns ; in_WE       ; Queue~11        ; clk      ;
; N/A           ; None        ; -7.696 ns ; in_WE       ; wr_index[1]     ; clk      ;
; N/A           ; None        ; -7.696 ns ; in_WE       ; wr_index[0]     ; clk      ;
; N/A           ; None        ; -8.097 ns ; in_WE       ; Queue~20        ; clk      ;
; N/A           ; None        ; -8.097 ns ; in_WE       ; Queue~21        ; clk      ;
; N/A           ; None        ; -8.097 ns ; in_WE       ; Queue~22        ; clk      ;
; N/A           ; None        ; -8.097 ns ; in_WE       ; Queue~23        ; clk      ;
; N/A           ; None        ; -8.101 ns ; in_WE       ; Queue~16        ; clk      ;
; N/A           ; None        ; -8.101 ns ; in_WE       ; Queue~17        ; clk      ;
; N/A           ; None        ; -8.101 ns ; in_WE       ; Queue~18        ; clk      ;
; N/A           ; None        ; -8.101 ns ; in_WE       ; Queue~19        ; clk      ;
+---------------+-------------+-----------+-------------+-----------------+----------+


+--------------------------+
; Timing Analyzer Messages ;
+--------------------------+
Info: *******************************************************************
Info: Running Quartus II Classic Timing Analyzer
    Info: Version 9.0 Build 184 04/29/2009 Service Pack 1 SJ Web Edition
    Info: Processing started: Fri Nov 22 19:44:20 2019
Info: Command: quartus_tan --read_settings_files=off --write_settings_files=off FIFO_REG -c FIFO_REG --timing_analysis_only
Warning: Found pins functioning as undefined clocks and/or memory enables
    Info: Assuming node "clk" is an undefined clock
Info: Clock "clk" has Internal fmax of 224.82 MHz between source register "Qsize[3]" and destination register "Queue~16" (period= 4.448 ns)
    Info: + Longest register to register delay is 4.186 ns
        Info: 1: + IC(0.000 ns) + CELL(0.000 ns) = 0.000 ns; Loc. = LCFF_X9_Y9_N31; Fanout = 6; REG Node = 'Qsize[3]'
        Info: 2: + IC(0.718 ns) + CELL(0.624 ns) = 1.342 ns; Loc. = LCCOMB_X8_Y9_N30; Fanout = 11; COMB Node = 'Control~3'
        Info: 3: + IC(0.411 ns) + CELL(0.202 ns) = 1.955 ns; Loc. = LCCOMB_X8_Y9_N12; Fanout = 4; COMB Node = 'Queue~32'
        Info: 4: + IC(1.376 ns) + CELL(0.855 ns) = 4.186 ns; Loc. = LCFF_X14_Y9_N17; Fanout = 1; REG Node = 'Queue~16'
        Info: Total cell delay = 1.681 ns ( 40.16 % )
        Info: Total interconnect delay = 2.505 ns ( 59.84 % )
    Info: - Smallest clock skew is 0.002 ns
        Info: + Shortest clock path from clock "clk" to destination register is 2.731 ns
            Info: 1: + IC(0.000 ns) + CELL(1.090 ns) = 1.090 ns; Loc. = PIN_H2; Fanout = 1; CLK Node = 'clk'
            Info: 2: + IC(0.143 ns) + CELL(0.000 ns) = 1.233 ns; Loc. = CLKCTRL_G2; Fanout = 32; COMB Node = 'clk~clkctrl'
            Info: 3: + IC(0.832 ns) + CELL(0.666 ns) = 2.731 ns; Loc. = LCFF_X14_Y9_N17; Fanout = 1; REG Node = 'Queue~16'
            Info: Total cell delay = 1.756 ns ( 64.30 % )
            Info: Total interconnect delay = 0.975 ns ( 35.70 % )
        Info: - Longest clock path from clock "clk" to source register is 2.729 ns
            Info: 1: + IC(0.000 ns) + CELL(1.090 ns) = 1.090 ns; Loc. = PIN_H2; Fanout = 1; CLK Node = 'clk'
            Info: 2: + IC(0.143 ns) + CELL(0.000 ns) = 1.233 ns; Loc. = CLKCTRL_G2; Fanout = 32; COMB Node = 'clk~clkctrl'
            Info: 3: + IC(0.830 ns) + CELL(0.666 ns) = 2.729 ns; Loc. = LCFF_X9_Y9_N31; Fanout = 6; REG Node = 'Qsize[3]'
            Info: Total cell delay = 1.756 ns ( 64.35 % )
            Info: Total interconnect delay = 0.973 ns ( 35.65 % )
    Info: + Micro clock to output delay of source is 0.304 ns
    Info: + Micro setup delay of destination is -0.040 ns
Info: tsu for register "Queue~16" (data pin = "in_WE", clock pin = "clk") is 8.367 ns
    Info: + Longest pin to register delay is 11.138 ns
        Info: 1: + IC(0.000 ns) + CELL(0.924 ns) = 0.924 ns; Loc. = PIN_T4; Fanout = 4; PIN Node = 'in_WE'
        Info: 2: + IC(6.719 ns) + CELL(0.651 ns) = 8.294 ns; Loc. = LCCOMB_X8_Y9_N30; Fanout = 11; COMB Node = 'Control~3'
        Info: 3: + IC(0.411 ns) + CELL(0.202 ns) = 8.907 ns; Loc. = LCCOMB_X8_Y9_N12; Fanout = 4; COMB Node = 'Queue~32'
        Info: 4: + IC(1.376 ns) + CELL(0.855 ns) = 11.138 ns; Loc. = LCFF_X14_Y9_N17; Fanout = 1; REG Node = 'Queue~16'
        Info: Total cell delay = 2.632 ns ( 23.63 % )
        Info: Total interconnect delay = 8.506 ns ( 76.37 % )
    Info: + Micro setup delay of destination is -0.040 ns
    Info: - Shortest clock path from clock "clk" to destination register is 2.731 ns
        Info: 1: + IC(0.000 ns) + CELL(1.090 ns) = 1.090 ns; Loc. = PIN_H2; Fanout = 1; CLK Node = 'clk'
        Info: 2: + IC(0.143 ns) + CELL(0.000 ns) = 1.233 ns; Loc. = CLKCTRL_G2; Fanout = 32; COMB Node = 'clk~clkctrl'
        Info: 3: + IC(0.832 ns) + CELL(0.666 ns) = 2.731 ns; Loc. = LCFF_X14_Y9_N17; Fanout = 1; REG Node = 'Queue~16'
        Info: Total cell delay = 1.756 ns ( 64.30 % )
        Info: Total interconnect delay = 0.975 ns ( 35.70 % )
Info: tco from clock "clk" to destination pin "o_empty" through register "Qsize[2]" is 9.460 ns
    Info: + Longest clock path from clock "clk" to source register is 2.729 ns
        Info: 1: + IC(0.000 ns) + CELL(1.090 ns) = 1.090 ns; Loc. = PIN_H2; Fanout = 1; CLK Node = 'clk'
        Info: 2: + IC(0.143 ns) + CELL(0.000 ns) = 1.233 ns; Loc. = CLKCTRL_G2; Fanout = 32; COMB Node = 'clk~clkctrl'
        Info: 3: + IC(0.830 ns) + CELL(0.666 ns) = 2.729 ns; Loc. = LCFF_X9_Y9_N29; Fanout = 7; REG Node = 'Qsize[2]'
        Info: Total cell delay = 1.756 ns ( 64.35 % )
        Info: Total interconnect delay = 0.973 ns ( 35.65 % )
    Info: + Micro clock to output delay of source is 0.304 ns
    Info: + Longest register to pin delay is 6.427 ns
        Info: 1: + IC(0.000 ns) + CELL(0.000 ns) = 0.000 ns; Loc. = LCFF_X9_Y9_N29; Fanout = 7; REG Node = 'Qsize[2]'
        Info: 2: + IC(1.129 ns) + CELL(0.534 ns) = 1.663 ns; Loc. = LCCOMB_X8_Y9_N4; Fanout = 1; COMB Node = 'Equal3~0'
        Info: 3: + IC(1.738 ns) + CELL(3.026 ns) = 6.427 ns; Loc. = PIN_E3; Fanout = 0; PIN Node = 'o_empty'
        Info: Total cell delay = 3.560 ns ( 55.39 % )
        Info: Total interconnect delay = 2.867 ns ( 44.61 % )
Info: th for register "Queue~19" (data pin = "in_WData[3]", clock pin = "clk") is 0.061 ns
    Info: + Longest clock path from clock "clk" to destination register is 2.731 ns
        Info: 1: + IC(0.000 ns) + CELL(1.090 ns) = 1.090 ns; Loc. = PIN_H2; Fanout = 1; CLK Node = 'clk'
        Info: 2: + IC(0.143 ns) + CELL(0.000 ns) = 1.233 ns; Loc. = CLKCTRL_G2; Fanout = 32; COMB Node = 'clk~clkctrl'
        Info: 3: + IC(0.832 ns) + CELL(0.666 ns) = 2.731 ns; Loc. = LCFF_X14_Y9_N5; Fanout = 1; REG Node = 'Queue~19'
        Info: Total cell delay = 1.756 ns ( 64.30 % )
        Info: Total interconnect delay = 0.975 ns ( 35.70 % )
    Info: + Micro hold delay of destination is 0.306 ns
    Info: - Shortest pin to register delay is 2.976 ns
        Info: 1: + IC(0.000 ns) + CELL(1.090 ns) = 1.090 ns; Loc. = PIN_J1; Fanout = 4; PIN Node = 'in_WData[3]'
        Info: 2: + IC(1.572 ns) + CELL(0.206 ns) = 2.868 ns; Loc. = LCCOMB_X14_Y9_N4; Fanout = 1; COMB Node = 'Queue~19feeder'
        Info: 3: + IC(0.000 ns) + CELL(0.108 ns) = 2.976 ns; Loc. = LCFF_X14_Y9_N5; Fanout = 1; REG Node = 'Queue~19'
        Info: Total cell delay = 1.404 ns ( 47.18 % )
        Info: Total interconnect delay = 1.572 ns ( 52.82 % )
Info: Quartus II Classic Timing Analyzer was successful. 0 errors, 1 warning
    Info: Peak virtual memory: 197 megabytes
    Info: Processing ended: Fri Nov 22 19:44:21 2019
    Info: Elapsed time: 00:00:01
    Info: Total CPU time (on all processors): 00:00:01


