Analysis & Synthesis report for dds_top3
Thu Oct 31 13:57:41 2019
Quartus II Version 9.0 Build 184 04/29/2009 Service Pack 1 SJ Web Edition


---------------------
; Table of Contents ;
---------------------
  1. Legal Notice
  2. Analysis & Synthesis Summary
  3. Analysis & Synthesis Settings
  4. Analysis & Synthesis Source Files Read
  5. Analysis & Synthesis Resource Usage Summary
  6. Analysis & Synthesis Resource Utilization by Entity
  7. Analysis & Synthesis RAM Summary
  8. Registers Removed During Synthesis
  9. General Register Statistics
 10. Source assignments for wave_rom3:inst5|altsyncram:altsyncram_component|altsyncram_nv31:auto_generated
 11. Parameter Settings for User Entity Instance: wave_rom3:inst5|altsyncram:altsyncram_component
 12. Parameter Settings for User Entity Instance: addrreg:inst
 13. altsyncram Parameter Settings by Entity Instance
 14. Analysis & Synthesis Messages



----------------
; Legal Notice ;
----------------
Copyright (C) 1991-2009 Altera Corporation
Your use of Altera Corporation's design tools, logic functions 
and other software and tools, and its AMPP partner logic 
functions, and any output files from any of the foregoing 
(including device programming or simulation files), and any 
associated documentation or information are expressly subject 
to the terms and conditions of the Altera Program License 
Subscription Agreement, Altera MegaCore Function License 
Agreement, or other applicable license agreement, including, 
without limitation, that your use is for the sole purpose of 
programming logic devices manufactured by Altera and sold by 
Altera or its authorized distributors.  Please refer to the 
applicable agreement for further details.



+----------------------------------------------------------------------------+
; Analysis & Synthesis Summary                                               ;
+-----------------------------+----------------------------------------------+
; Analysis & Synthesis Status ; Successful - Thu Oct 31 13:57:41 2019        ;
; Quartus II Version          ; 9.0 Build 184 04/29/2009 SP 1 SJ Web Edition ;
; Revision Name               ; dds_top3                                     ;
; Top-level Entity Name       ; dds_top3                                     ;
; Family                      ; Cyclone                                      ;
; Total logic elements        ; 25                                           ;
; Total pins                  ; 9                                            ;
; Total virtual pins          ; 0                                            ;
; Total memory bits           ; 8,192                                        ;
; Total PLLs                  ; 0                                            ;
+-----------------------------+----------------------------------------------+


+--------------------------------------------------------------------------------------------------------+
; Analysis & Synthesis Settings                                                                          ;
+--------------------------------------------------------------+--------------------+--------------------+
; Option                                                       ; Setting            ; Default Value      ;
+--------------------------------------------------------------+--------------------+--------------------+
; Device                                                       ; EP1C6Q240C8        ;                    ;
; Top-level entity name                                        ; dds_top3           ; dds_top3           ;
; Family name                                                  ; Cyclone            ; Stratix II         ;
; Use Generated Physical Constraints File                      ; Off                ;                    ;
; Use smart compilation                                        ; Off                ; Off                ;
; Restructure Multiplexers                                     ; Auto               ; Auto               ;
; Create Debugging Nodes for IP Cores                          ; Off                ; Off                ;
; Preserve fewer node names                                    ; On                 ; On                 ;
; Disable OpenCore Plus hardware evaluation                    ; Off                ; Off                ;
; Verilog Version                                              ; Verilog_2001       ; Verilog_2001       ;
; VHDL Version                                                 ; VHDL93             ; VHDL93             ;
; State Machine Processing                                     ; Auto               ; Auto               ;
; Safe State Machine                                           ; Off                ; Off                ;
; Extract Verilog State Machines                               ; On                 ; On                 ;
; Extract VHDL State Machines                                  ; On                 ; On                 ;
; Ignore Verilog initial constructs                            ; Off                ; Off                ;
; Iteration limit for constant Verilog loops                   ; 5000               ; 5000               ;
; Iteration limit for non-constant Verilog loops               ; 250                ; 250                ;
; Add Pass-Through Logic to Inferred RAMs                      ; On                 ; On                 ;
; Parallel Synthesis                                           ; Off                ; Off                ;
; NOT Gate Push-Back                                           ; On                 ; On                 ;
; Power-Up Don't Care                                          ; On                 ; On                 ;
; Remove Redundant Logic Cells                                 ; Off                ; Off                ;
; Remove Duplicate Registers                                   ; On                 ; On                 ;
; Ignore CARRY Buffers                                         ; Off                ; Off                ;
; Ignore CASCADE Buffers                                       ; Off                ; Off                ;
; Ignore GLOBAL Buffers                                        ; Off                ; Off                ;
; Ignore ROW GLOBAL Buffers                                    ; Off                ; Off                ;
; Ignore LCELL Buffers                                         ; Off                ; Off                ;
; Ignore SOFT Buffers                                          ; On                 ; On                 ;
; Limit AHDL Integers to 32 Bits                               ; Off                ; Off                ;
; Optimization Technique                                       ; Balanced           ; Balanced           ;
; Carry Chain Length                                           ; 70                 ; 70                 ;
; Auto Carry Chains                                            ; On                 ; On                 ;
; Auto Open-Drain Pins                                         ; On                 ; On                 ;
; Perform WYSIWYG Primitive Resynthesis                        ; Off                ; Off                ;
; Auto ROM Replacement                                         ; On                 ; On                 ;
; Auto RAM Replacement                                         ; On                 ; On                 ;
; Auto Shift Register Replacement                              ; Auto               ; Auto               ;
; Auto Clock Enable Replacement                                ; On                 ; On                 ;
; Strict RAM Replacement                                       ; Off                ; Off                ;
; Allow Synchronous Control Signals                            ; On                 ; On                 ;
; Force Use of Synchronous Clear Signals                       ; Off                ; Off                ;
; Auto RAM Block Balancing                                     ; On                 ; On                 ;
; Auto RAM to Logic Cell Conversion                            ; Off                ; Off                ;
; Auto Resource Sharing                                        ; Off                ; Off                ;
; Allow Any RAM Size For Recognition                           ; Off                ; Off                ;
; Allow Any ROM Size For Recognition                           ; Off                ; Off                ;
; Allow Any Shift Register Size For Recognition                ; Off                ; Off                ;
; Use LogicLock Constraints during Resource Balancing          ; On                 ; On                 ;
; Ignore translate_off and synthesis_off directives            ; Off                ; Off                ;
; Show Parameter Settings Tables in Synthesis Report           ; On                 ; On                 ;
; Ignore Maximum Fan-Out Assignments                           ; Off                ; Off                ;
; Synchronization Register Chain Length                        ; 2                  ; 2                  ;
; PowerPlay Power Optimization                                 ; Normal compilation ; Normal compilation ;
; HDL message level                                            ; Level2             ; Level2             ;
; Suppress Register Optimization Related Messages              ; Off                ; Off                ;
; Number of Removed Registers Reported in Synthesis Report     ; 100                ; 100                ;
; Number of Inverted Registers Reported in Synthesis Report    ; 100                ; 100                ;
; Clock MUX Protection                                         ; On                 ; On                 ;
; Block Design Naming                                          ; Auto               ; Auto               ;
; Synthesis Effort                                             ; Auto               ; Auto               ;
; Shift Register Replacement - Allow Asynchronous Clear Signal ; On                 ; On                 ;
; Analysis & Synthesis Message Level                           ; Medium             ; Medium             ;
+--------------------------------------------------------------+--------------------+--------------------+


+------------------------------------------------------------------------------------------------------------------------------------------------------------------+
; Analysis & Synthesis Source Files Read                                                                                                                           ;
+----------------------------------+-----------------+------------------------------------+------------------------------------------------------------------------+
; File Name with User-Entered Path ; Used in Netlist ; File Type                          ; File Name with Absolute Path                                           ;
+----------------------------------+-----------------+------------------------------------+------------------------------------------------------------------------+
; addrreg.vhd                      ; yes             ; User VHDL File                     ; D:/quartas_workspace/dds_top3/addrreg.vhd                              ;
; dds_top3.bdf                     ; yes             ; User Block Diagram/Schematic File  ; D:/quartas_workspace/dds_top3/dds_top3.bdf                             ;
; wave_rom3.vhd                    ; yes             ; User Wizard-Generated File         ; D:/quartas_workspace/dds_top3/wave_rom3.vhd                            ;
; altsyncram.tdf                   ; yes             ; Megafunction                       ; d:/program files/quartus/libraries/megafunctions/altsyncram.tdf        ;
; stratix_ram_block.inc            ; yes             ; Megafunction                       ; d:/program files/quartus/libraries/megafunctions/stratix_ram_block.inc ;
; lpm_mux.inc                      ; yes             ; Megafunction                       ; d:/program files/quartus/libraries/megafunctions/lpm_mux.inc           ;
; lpm_decode.inc                   ; yes             ; Megafunction                       ; d:/program files/quartus/libraries/megafunctions/lpm_decode.inc        ;
; aglobal90.inc                    ; yes             ; Megafunction                       ; d:/program files/quartus/libraries/megafunctions/aglobal90.inc         ;
; a_rdenreg.inc                    ; yes             ; Megafunction                       ; d:/program files/quartus/libraries/megafunctions/a_rdenreg.inc         ;
; altrom.inc                       ; yes             ; Megafunction                       ; d:/program files/quartus/libraries/megafunctions/altrom.inc            ;
; altram.inc                       ; yes             ; Megafunction                       ; d:/program files/quartus/libraries/megafunctions/altram.inc            ;
; altdpram.inc                     ; yes             ; Megafunction                       ; d:/program files/quartus/libraries/megafunctions/altdpram.inc          ;
; altqpram.inc                     ; yes             ; Megafunction                       ; d:/program files/quartus/libraries/megafunctions/altqpram.inc          ;
; db/altsyncram_nv31.tdf           ; yes             ; Auto-Generated Megafunction        ; D:/quartas_workspace/dds_top3/db/altsyncram_nv31.tdf                   ;
+----------------------------------+-----------------+------------------------------------+------------------------------------------------------------------------+


+-----------------------------------------------------+
; Analysis & Synthesis Resource Usage Summary         ;
+---------------------------------------------+-------+
; Resource                                    ; Usage ;
+---------------------------------------------+-------+
; Total logic elements                        ; 25    ;
;     -- Combinational with no register       ; 1     ;
;     -- Register only                        ; 0     ;
;     -- Combinational with a register        ; 24    ;
;                                             ;       ;
; Logic element usage by number of LUT inputs ;       ;
;     -- 4 input functions                    ; 0     ;
;     -- 3 input functions                    ; 0     ;
;     -- 2 input functions                    ; 23    ;
;     -- 1 input functions                    ; 2     ;
;     -- 0 input functions                    ; 0     ;
;                                             ;       ;
; Logic elements by mode                      ;       ;
;     -- normal mode                          ; 2     ;
;     -- arithmetic mode                      ; 23    ;
;     -- qfbk mode                            ; 0     ;
;     -- register cascade mode                ; 0     ;
;     -- synchronous clear/load mode          ; 0     ;
;     -- asynchronous clear/load mode         ; 0     ;
;                                             ;       ;
; Total registers                             ; 24    ;
; Total logic cells in carry chains           ; 24    ;
; I/O pins                                    ; 9     ;
; Total memory bits                           ; 8192  ;
; Maximum fan-out node                        ; clk   ;
; Maximum fan-out                             ; 32    ;
; Total fan-out                               ; 168   ;
; Average fan-out                             ; 4.00  ;
+---------------------------------------------+-------+


+-----------------------------------------------------------------------------------------------------------------------------------------------------------------------------------------------------------------------------------------------------------------------------------------------------------+
; Analysis & Synthesis Resource Utilization by Entity                                                                                                                                                                                                                                                       ;
+-------------------------------------------+-------------+--------------+-------------+------+--------------+--------------+-------------------+------------------+-----------------+------------+------------------------------------------------------------------------------------------+--------------+
; Compilation Hierarchy Node                ; Logic Cells ; LC Registers ; Memory Bits ; Pins ; Virtual Pins ; LUT-Only LCs ; Register-Only LCs ; LUT/Register LCs ; Carry Chain LCs ; Packed LCs ; Full Hierarchy Name                                                                      ; Library Name ;
+-------------------------------------------+-------------+--------------+-------------+------+--------------+--------------+-------------------+------------------+-----------------+------------+------------------------------------------------------------------------------------------+--------------+
; |dds_top3                                 ; 25 (0)      ; 24           ; 8192        ; 9    ; 0            ; 1 (0)        ; 0 (0)             ; 24 (0)           ; 24 (0)          ; 0 (0)      ; |dds_top3                                                                                ; work         ;
;    |addrreg:inst|                         ; 25 (25)     ; 24           ; 0           ; 0    ; 0            ; 1 (1)        ; 0 (0)             ; 24 (24)          ; 24 (24)         ; 0 (0)      ; |dds_top3|addrreg:inst                                                                   ; work         ;
;    |wave_rom3:inst5|                      ; 0 (0)       ; 0            ; 8192        ; 0    ; 0            ; 0 (0)        ; 0 (0)             ; 0 (0)            ; 0 (0)           ; 0 (0)      ; |dds_top3|wave_rom3:inst5                                                                ; work         ;
;       |altsyncram:altsyncram_component|   ; 0 (0)       ; 0            ; 8192        ; 0    ; 0            ; 0 (0)        ; 0 (0)             ; 0 (0)            ; 0 (0)           ; 0 (0)      ; |dds_top3|wave_rom3:inst5|altsyncram:altsyncram_component                                ; work         ;
;          |altsyncram_nv31:auto_generated| ; 0 (0)       ; 0            ; 8192        ; 0    ; 0            ; 0 (0)        ; 0 (0)             ; 0 (0)            ; 0 (0)           ; 0 (0)      ; |dds_top3|wave_rom3:inst5|altsyncram:altsyncram_component|altsyncram_nv31:auto_generated ; work         ;
+-------------------------------------------+-------------+--------------+-------------+------+--------------+--------------+-------------------+------------------+-----------------+------------+------------------------------------------------------------------------------------------+--------------+
Note: For table entries with two numbers listed, the numbers in parentheses indicate the number of resources of the given type used by the specific entity alone. The numbers listed outside of parentheses indicate the total resources of the given type used by the specific entity and all of its sub-entities in the hierarchy.


+------------------------------------------------------------------------------------------------------------------------------------------------------------------------------------------+
; Analysis & Synthesis RAM Summary                                                                                                                                                         ;
+-------------------------------------------------------------------------------------------+------+------+--------------+--------------+--------------+--------------+------+-------------+
; Name                                                                                      ; Type ; Mode ; Port A Depth ; Port A Width ; Port B Depth ; Port B Width ; Size ; MIF         ;
+-------------------------------------------------------------------------------------------+------+------+--------------+--------------+--------------+--------------+------+-------------+
; wave_rom3:inst5|altsyncram:altsyncram_component|altsyncram_nv31:auto_generated|ALTSYNCRAM ; AUTO ; ROM  ; 1024         ; 8            ; --           ; --           ; 8192 ; TestMif.mif ;
+-------------------------------------------------------------------------------------------+------+------+--------------+--------------+--------------+--------------+------+-------------+


+---------------------------------------------------------------------------------+
; Registers Removed During Synthesis                                              ;
+----------------------------------------+----------------------------------------+
; Register name                          ; Reason for Removal                     ;
+----------------------------------------+----------------------------------------+
; addrreg:inst|pwords_reg[0..9]          ; Stuck at GND due to stuck port data_in ;
; addrreg:inst|fwords_reg[0..8]          ; Stuck at VCC due to stuck port data_in ;
; addrreg:inst|fwords_reg[9..19]         ; Stuck at GND due to stuck port data_in ;
; Total Number of Removed Registers = 30 ;                                        ;
+----------------------------------------+----------------------------------------+


+------------------------------------------------------+
; General Register Statistics                          ;
+----------------------------------------------+-------+
; Statistic                                    ; Value ;
+----------------------------------------------+-------+
; Total registers                              ; 24    ;
; Number of registers using Synchronous Clear  ; 0     ;
; Number of registers using Synchronous Load   ; 0     ;
; Number of registers using Asynchronous Clear ; 0     ;
; Number of registers using Asynchronous Load  ; 0     ;
; Number of registers using Clock Enable       ; 0     ;
; Number of registers using Preset             ; 0     ;
+----------------------------------------------+-------+


+-------------------------------------------------------------------------------------------------------+
; Source assignments for wave_rom3:inst5|altsyncram:altsyncram_component|altsyncram_nv31:auto_generated ;
+---------------------------------+--------------------+------+-----------------------------------------+
; Assignment                      ; Value              ; From ; To                                      ;
+---------------------------------+--------------------+------+-----------------------------------------+
; OPTIMIZE_POWER_DURING_SYNTHESIS ; NORMAL_COMPILATION ; -    ; -                                       ;
+---------------------------------+--------------------+------+-----------------------------------------+


+----------------------------------------------------------------------------------------------+
; Parameter Settings for User Entity Instance: wave_rom3:inst5|altsyncram:altsyncram_component ;
+------------------------------------+----------------------+----------------------------------+
; Parameter Name                     ; Value                ; Type                             ;
+------------------------------------+----------------------+----------------------------------+
; BYTE_SIZE_BLOCK                    ; 8                    ; Untyped                          ;
; AUTO_CARRY_CHAINS                  ; ON                   ; AUTO_CARRY                       ;
; IGNORE_CARRY_BUFFERS               ; OFF                  ; IGNORE_CARRY                     ;
; AUTO_CASCADE_CHAINS                ; ON                   ; AUTO_CASCADE                     ;
; IGNORE_CASCADE_BUFFERS             ; OFF                  ; IGNORE_CASCADE                   ;
; WIDTH_BYTEENA                      ; 1                    ; Untyped                          ;
; OPERATION_MODE                     ; ROM                  ; Untyped                          ;
; WIDTH_A                            ; 8                    ; Signed Integer                   ;
; WIDTHAD_A                          ; 10                   ; Signed Integer                   ;
; NUMWORDS_A                         ; 1024                 ; Signed Integer                   ;
; OUTDATA_REG_A                      ; UNREGISTERED         ; Untyped                          ;
; ADDRESS_ACLR_A                     ; NONE                 ; Untyped                          ;
; OUTDATA_ACLR_A                     ; NONE                 ; Untyped                          ;
; WRCONTROL_ACLR_A                   ; NONE                 ; Untyped                          ;
; INDATA_ACLR_A                      ; NONE                 ; Untyped                          ;
; BYTEENA_ACLR_A                     ; NONE                 ; Untyped                          ;
; WIDTH_B                            ; 1                    ; Untyped                          ;
; WIDTHAD_B                          ; 1                    ; Untyped                          ;
; NUMWORDS_B                         ; 1                    ; Untyped                          ;
; INDATA_REG_B                       ; CLOCK1               ; Untyped                          ;
; WRCONTROL_WRADDRESS_REG_B          ; CLOCK1               ; Untyped                          ;
; RDCONTROL_REG_B                    ; CLOCK1               ; Untyped                          ;
; ADDRESS_REG_B                      ; CLOCK1               ; Untyped                          ;
; OUTDATA_REG_B                      ; UNREGISTERED         ; Untyped                          ;
; BYTEENA_REG_B                      ; CLOCK1               ; Untyped                          ;
; INDATA_ACLR_B                      ; NONE                 ; Untyped                          ;
; WRCONTROL_ACLR_B                   ; NONE                 ; Untyped                          ;
; ADDRESS_ACLR_B                     ; NONE                 ; Untyped                          ;
; OUTDATA_ACLR_B                     ; NONE                 ; Untyped                          ;
; RDCONTROL_ACLR_B                   ; NONE                 ; Untyped                          ;
; BYTEENA_ACLR_B                     ; NONE                 ; Untyped                          ;
; WIDTH_BYTEENA_A                    ; 1                    ; Signed Integer                   ;
; WIDTH_BYTEENA_B                    ; 1                    ; Untyped                          ;
; RAM_BLOCK_TYPE                     ; AUTO                 ; Untyped                          ;
; BYTE_SIZE                          ; 8                    ; Untyped                          ;
; READ_DURING_WRITE_MODE_MIXED_PORTS ; DONT_CARE            ; Untyped                          ;
; READ_DURING_WRITE_MODE_PORT_A      ; NEW_DATA_NO_NBE_READ ; Untyped                          ;
; READ_DURING_WRITE_MODE_PORT_B      ; NEW_DATA_NO_NBE_READ ; Untyped                          ;
; INIT_FILE                          ; TestMif.mif          ; Untyped                          ;
; INIT_FILE_LAYOUT                   ; PORT_A               ; Untyped                          ;
; MAXIMUM_DEPTH                      ; 0                    ; Untyped                          ;
; CLOCK_ENABLE_INPUT_A               ; NORMAL               ; Untyped                          ;
; CLOCK_ENABLE_INPUT_B               ; NORMAL               ; Untyped                          ;
; CLOCK_ENABLE_OUTPUT_A              ; NORMAL               ; Untyped                          ;
; CLOCK_ENABLE_OUTPUT_B              ; NORMAL               ; Untyped                          ;
; CLOCK_ENABLE_CORE_A                ; USE_INPUT_CLKEN      ; Untyped                          ;
; CLOCK_ENABLE_CORE_B                ; USE_INPUT_CLKEN      ; Untyped                          ;
; ENABLE_ECC                         ; FALSE                ; Untyped                          ;
; DEVICE_FAMILY                      ; Cyclone              ; Untyped                          ;
; CBXI_PARAMETER                     ; altsyncram_nv31      ; Untyped                          ;
+------------------------------------+----------------------+----------------------------------+
Note: In order to hide this table in the UI and the text report file, please set the "Show Parameter Settings Tables in Synthesis Report" option in "Analysis and Synthesis Settings -> More Settings" to "Off".


+-----------------------------------------------------------+
; Parameter Settings for User Entity Instance: addrreg:inst ;
+----------------+-------+----------------------------------+
; Parameter Name ; Value ; Type                             ;
+----------------+-------+----------------------------------+
; fwords_width   ; 20    ; Signed Integer                   ;
; pwords_width   ; 10    ; Signed Integer                   ;
; fadder_width   ; 24    ; Signed Integer                   ;
; padder_width   ; 10    ; Signed Integer                   ;
; addr_width     ; 10    ; Signed Integer                   ;
+----------------+-------+----------------------------------+
Note: In order to hide this table in the UI and the text report file, please set the "Show Parameter Settings Tables in Synthesis Report" option in "Analysis and Synthesis Settings -> More Settings" to "Off".


+---------------------------------------------------------------------------------------------+
; altsyncram Parameter Settings by Entity Instance                                            ;
+-------------------------------------------+-------------------------------------------------+
; Name                                      ; Value                                           ;
+-------------------------------------------+-------------------------------------------------+
; Number of entity instances                ; 1                                               ;
; Entity Instance                           ; wave_rom3:inst5|altsyncram:altsyncram_component ;
;     -- OPERATION_MODE                     ; ROM                                             ;
;     -- WIDTH_A                            ; 8                                               ;
;     -- NUMWORDS_A                         ; 1024                                            ;
;     -- OUTDATA_REG_A                      ; UNREGISTERED                                    ;
;     -- WIDTH_B                            ; 1                                               ;
;     -- NUMWORDS_B                         ; 1                                               ;
;     -- ADDRESS_REG_B                      ; CLOCK1                                          ;
;     -- OUTDATA_REG_B                      ; UNREGISTERED                                    ;
;     -- RAM_BLOCK_TYPE                     ; AUTO                                            ;
;     -- READ_DURING_WRITE_MODE_MIXED_PORTS ; DONT_CARE                                       ;
+-------------------------------------------+-------------------------------------------------+


+-------------------------------+
; Analysis & Synthesis Messages ;
+-------------------------------+
Info: *******************************************************************
Info: Running Quartus II Analysis & Synthesis
    Info: Version 9.0 Build 184 04/29/2009 Service Pack 1 SJ Web Edition
    Info: Processing started: Thu Oct 31 13:57:38 2019
Info: Command: quartus_map --read_settings_files=on --write_settings_files=off dds_top3 -c dds_top3
Info: Found 2 design units, including 1 entities, in source file addrreg.vhd
    Info: Found design unit 1: addrreg-behav
    Info: Found entity 1: addrreg
Info: Found 1 design units, including 1 entities, in source file dds_top3.bdf
    Info: Found entity 1: dds_top3
Info: Found 2 design units, including 1 entities, in source file wave_rom3.vhd
    Info: Found design unit 1: wave_rom3-SYN
    Info: Found entity 1: wave_rom3
Info: Elaborating entity "dds_top3" for the top level hierarchy
Info: Elaborating entity "wave_rom3" for hierarchy "wave_rom3:inst5"
Info: Elaborating entity "altsyncram" for hierarchy "wave_rom3:inst5|altsyncram:altsyncram_component"
Info: Elaborated megafunction instantiation "wave_rom3:inst5|altsyncram:altsyncram_component"
Info: Instantiated megafunction "wave_rom3:inst5|altsyncram:altsyncram_component" with the following parameter:
    Info: Parameter "address_aclr_a" = "NONE"
    Info: Parameter "init_file" = "TestMif.mif"
    Info: Parameter "intended_device_family" = "Cyclone"
    Info: Parameter "lpm_hint" = "ENABLE_RUNTIME_MOD=NO"
    Info: Parameter "lpm_type" = "altsyncram"
    Info: Parameter "numwords_a" = "1024"
    Info: Parameter "operation_mode" = "ROM"
    Info: Parameter "outdata_aclr_a" = "NONE"
    Info: Parameter "outdata_reg_a" = "UNREGISTERED"
    Info: Parameter "widthad_a" = "10"
    Info: Parameter "width_a" = "8"
    Info: Parameter "width_byteena_a" = "1"
Info: Found 1 design units, including 1 entities, in source file db/altsyncram_nv31.tdf
    Info: Found entity 1: altsyncram_nv31
Info: Elaborating entity "altsyncram_nv31" for hierarchy "wave_rom3:inst5|altsyncram:altsyncram_component|altsyncram_nv31:auto_generated"
Info: Elaborating entity "addrreg" for hierarchy "addrreg:inst"
Info: Implemented 42 device resources after synthesis - the final resource count might be different
    Info: Implemented 1 input pins
    Info: Implemented 8 output pins
    Info: Implemented 25 logic cells
    Info: Implemented 8 RAM segments
Info: Quartus II Analysis & Synthesis was successful. 0 errors, 0 warnings
    Info: Peak virtual memory: 270 megabytes
    Info: Processing ended: Thu Oct 31 13:57:41 2019
    Info: Elapsed time: 00:00:03
    Info: Total CPU time (on all processors): 00:00:02


